<?xml version="1.0" encoding="UTF-8"?>
<testsuite xmlns:xsi="http://www.w3.org/2001/XMLSchema-instance" xsi:noNamespaceSchemaLocation="https://maven.apache.org/surefire/maven-surefire-plugin/xsd/surefire-test-report.xsd" version="3.0.2" name="com.cnki.www.cnki_java.CnkiJavaApplicationTests" time="13.596" tests="1" errors="0" skipped="0" failures="0">
  <properties>
    <property name="socksProxyHost" value="127.0.0.1"/>
    <property name="http.proxyHost" value="127.0.0.1"/>
    <property name="java.specification.version" value="23"/>
    <property name="sun.jnu.encoding" value="UTF-8"/>
    <property name="java.class.path" value="/Users/rick/Desktop/CNKI/cnki_java/target/test-classes:/Users/rick/Desktop/CNKI/cnki_java/target/classes:/Users/rick/.m2/repository/org/springframework/boot/spring-boot-starter-data-jpa/3.4.2/spring-boot-starter-data-jpa-3.4.2.jar:/Users/rick/.m2/repository/org/springframework/boot/spring-boot-starter/3.4.2/spring-boot-starter-3.4.2.jar:/Users/rick/.m2/repository/org/springframework/boot/spring-boot-starter-logging/3.4.2/spring-boot-starter-logging-3.4.2.jar:/Users/rick/.m2/repository/ch/qos/logback/logback-classic/1.5.16/logback-classic-1.5.16.jar:/Users/rick/.m2/repository/ch/qos/logback/logback-core/1.5.16/logback-core-1.5.16.jar:/Users/rick/.m2/repository/org/apache/logging/log4j/log4j-to-slf4j/2.24.3/log4j-to-slf4j-2.24.3.jar:/Users/rick/.m2/repository/org/apache/logging/log4j/log4j-api/2.24.3/log4j-api-2.24.3.jar:/Users/rick/.m2/repository/jakarta/annotation/jakarta.annotation-api/2.1.1/jakarta.annotation-api-2.1.1.jar:/Users/rick/.m2/repository/org/yaml/snakeyaml/2.3/snakeyaml-2.3.jar:/Users/rick/.m2/repository/org/springframework/boot/spring-boot-starter-jdbc/3.4.2/spring-boot-starter-jdbc-3.4.2.jar:/Users/rick/.m2/repository/com/zaxxer/HikariCP/5.1.0/HikariCP-5.1.0.jar:/Users/rick/.m2/repository/org/springframework/spring-jdbc/6.2.2/spring-jdbc-6.2.2.jar:/Users/rick/.m2/repository/org/hibernate/orm/hibernate-core/6.6.5.Final/hibernate-core-6.6.5.Final.jar:/Users/rick/.m2/repository/jakarta/persistence/jakarta.persistence-api/3.1.0/jakarta.persistence-api-3.1.0.jar:/Users/rick/.m2/repository/jakarta/transaction/jakarta.transaction-api/2.0.1/jakarta.transaction-api-2.0.1.jar:/Users/rick/.m2/repository/org/jboss/logging/jboss-logging/3.6.1.Final/jboss-logging-3.6.1.Final.jar:/Users/rick/.m2/repository/org/hibernate/common/hibernate-commons-annotations/7.0.3.Final/hibernate-commons-annotations-7.0.3.Final.jar:/Users/rick/.m2/repository/io/smallrye/jandex/3.2.0/jandex-3.2.0.jar:/Users/rick/.m2/repository/com/fasterxml/classmate/1.7.0/classmate-1.7.0.jar:/Users/rick/.m2/repository/net/bytebuddy/byte-buddy/1.15.11/byte-buddy-1.15.11.jar:/Users/rick/.m2/repository/org/glassfish/jaxb/jaxb-runtime/4.0.5/jaxb-runtime-4.0.5.jar:/Users/rick/.m2/repository/org/glassfish/jaxb/jaxb-core/4.0.5/jaxb-core-4.0.5.jar:/Users/rick/.m2/repository/org/eclipse/angus/angus-activation/2.0.2/angus-activation-2.0.2.jar:/Users/rick/.m2/repository/org/glassfish/jaxb/txw2/4.0.5/txw2-4.0.5.jar:/Users/rick/.m2/repository/com/sun/istack/istack-commons-runtime/4.1.2/istack-commons-runtime-4.1.2.jar:/Users/rick/.m2/repository/jakarta/inject/jakarta.inject-api/2.0.1/jakarta.inject-api-2.0.1.jar:/Users/rick/.m2/repository/org/antlr/antlr4-runtime/4.13.0/antlr4-runtime-4.13.0.jar:/Users/rick/.m2/repository/org/springframework/data/spring-data-jpa/3.4.2/spring-data-jpa-3.4.2.jar:/Users/rick/.m2/repository/org/springframework/data/spring-data-commons/3.4.2/spring-data-commons-3.4.2.jar:/Users/rick/.m2/repository/org/springframework/spring-orm/6.2.2/spring-orm-6.2.2.jar:/Users/rick/.m2/repository/org/springframework/spring-context/6.2.2/spring-context-6.2.2.jar:/Users/rick/.m2/repository/org/springframework/spring-tx/6.2.2/spring-tx-6.2.2.jar:/Users/rick/.m2/repository/org/springframework/spring-beans/6.2.2/spring-beans-6.2.2.jar:/Users/rick/.m2/repository/org/springframework/spring-aspects/6.2.2/spring-aspects-6.2.2.jar:/Users/rick/.m2/repository/org/aspectj/aspectjweaver/1.9.22.1/aspectjweaver-1.9.22.1.jar:/Users/rick/.m2/repository/org/springframework/boot/spring-boot-starter-web/3.4.2/spring-boot-starter-web-3.4.2.jar:/Users/rick/.m2/repository/org/springframework/boot/spring-boot-starter-json/3.4.2/spring-boot-starter-json-3.4.2.jar:/Users/rick/.m2/repository/com/fasterxml/jackson/core/jackson-databind/2.18.2/jackson-databind-2.18.2.jar:/Users/rick/.m2/repository/com/fasterxml/jackson/core/jackson-annotations/2.18.2/jackson-annotations-2.18.2.jar:/Users/rick/.m2/repository/com/fasterxml/jackson/core/jackson-core/2.18.2/jackson-core-2.18.2.jar:/Users/rick/.m2/repository/com/fasterxml/jackson/datatype/jackson-datatype-jdk8/2.18.2/jackson-datatype-jdk8-2.18.2.jar:/Users/rick/.m2/repository/com/fasterxml/jackson/datatype/jackson-datatype-jsr310/2.18.2/jackson-datatype-jsr310-2.18.2.jar:/Users/rick/.m2/repository/com/fasterxml/jackson/module/jackson-module-parameter-names/2.18.2/jackson-module-parameter-names-2.18.2.jar:/Users/rick/.m2/repository/org/springframework/boot/spring-boot-starter-tomcat/3.4.2/spring-boot-starter-tomcat-3.4.2.jar:/Users/rick/.m2/repository/org/apache/tomcat/embed/tomcat-embed-core/10.1.34/tomcat-embed-core-10.1.34.jar:/Users/rick/.m2/repository/org/apache/tomcat/embed/tomcat-embed-el/10.1.34/tomcat-embed-el-10.1.34.jar:/Users/rick/.m2/repository/org/apache/tomcat/embed/tomcat-embed-websocket/10.1.34/tomcat-embed-websocket-10.1.34.jar:/Users/rick/.m2/repository/org/springframework/spring-web/6.2.2/spring-web-6.2.2.jar:/Users/rick/.m2/repository/io/micrometer/micrometer-observation/1.14.3/micrometer-observation-1.14.3.jar:/Users/rick/.m2/repository/io/micrometer/micrometer-commons/1.14.3/micrometer-commons-1.14.3.jar:/Users/rick/.m2/repository/org/springframework/spring-webmvc/6.2.2/spring-webmvc-6.2.2.jar:/Users/rick/.m2/repository/org/springframework/spring-expression/6.2.2/spring-expression-6.2.2.jar:/Users/rick/.m2/repository/org/springframework/boot/spring-boot-devtools/3.4.2/spring-boot-devtools-3.4.2.jar:/Users/rick/.m2/repository/org/springframework/boot/spring-boot/3.4.2/spring-boot-3.4.2.jar:/Users/rick/.m2/repository/org/springframework/boot/spring-boot-autoconfigure/3.4.2/spring-boot-autoconfigure-3.4.2.jar:/Users/rick/.m2/repository/com/mysql/mysql-connector-j/9.1.0/mysql-connector-j-9.1.0.jar:/Users/rick/.m2/repository/org/springframework/boot/spring-boot-starter-test/3.4.2/spring-boot-starter-test-3.4.2.jar:/Users/rick/.m2/repository/org/springframework/boot/spring-boot-test/3.4.2/spring-boot-test-3.4.2.jar:/Users/rick/.m2/repository/org/springframework/boot/spring-boot-test-autoconfigure/3.4.2/spring-boot-test-autoconfigure-3.4.2.jar:/Users/rick/.m2/repository/com/jayway/jsonpath/json-path/2.9.0/json-path-2.9.0.jar:/Users/rick/.m2/repository/jakarta/xml/bind/jakarta.xml.bind-api/4.0.2/jakarta.xml.bind-api-4.0.2.jar:/Users/rick/.m2/repository/jakarta/activation/jakarta.activation-api/2.1.3/jakarta.activation-api-2.1.3.jar:/Users/rick/.m2/repository/net/minidev/json-smart/2.5.1/json-smart-2.5.1.jar:/Users/rick/.m2/repository/net/minidev/accessors-smart/2.5.1/accessors-smart-2.5.1.jar:/Users/rick/.m2/repository/org/ow2/asm/asm/9.6/asm-9.6.jar:/Users/rick/.m2/repository/org/assertj/assertj-core/3.26.3/assertj-core-3.26.3.jar:/Users/rick/.m2/repository/org/awaitility/awaitility/4.2.2/awaitility-4.2.2.jar:/Users/rick/.m2/repository/org/hamcrest/hamcrest/2.2/hamcrest-2.2.jar:/Users/rick/.m2/repository/org/junit/jupiter/junit-jupiter/5.11.4/junit-jupiter-5.11.4.jar:/Users/rick/.m2/repository/org/junit/jupiter/junit-jupiter-api/5.11.4/junit-jupiter-api-5.11.4.jar:/Users/rick/.m2/repository/org/opentest4j/opentest4j/1.3.0/opentest4j-1.3.0.jar:/Users/rick/.m2/repository/org/junit/platform/junit-platform-commons/1.11.4/junit-platform-commons-1.11.4.jar:/Users/rick/.m2/repository/org/apiguardian/apiguardian-api/1.1.2/apiguardian-api-1.1.2.jar:/Users/rick/.m2/repository/org/junit/jupiter/junit-jupiter-params/5.11.4/junit-jupiter-params-5.11.4.jar:/Users/rick/.m2/repository/org/junit/jupiter/junit-jupiter-engine/5.11.4/junit-jupiter-engine-5.11.4.jar:/Users/rick/.m2/repository/org/junit/platform/junit-platform-engine/1.11.4/junit-platform-engine-1.11.4.jar:/Users/rick/.m2/repository/org/mockito/mockito-core/5.14.2/mockito-core-5.14.2.jar:/Users/rick/.m2/repository/net/bytebuddy/byte-buddy-agent/1.15.11/byte-buddy-agent-1.15.11.jar:/Users/rick/.m2/repository/org/objenesis/objenesis/3.3/objenesis-3.3.jar:/Users/rick/.m2/repository/org/mockito/mockito-junit-jupiter/5.14.2/mockito-junit-jupiter-5.14.2.jar:/Users/rick/.m2/repository/org/skyscreamer/jsonassert/1.5.3/jsonassert-1.5.3.jar:/Users/rick/.m2/repository/com/vaadin/external/google/android-json/0.0.20131108.vaadin1/android-json-0.0.20131108.vaadin1.jar:/Users/rick/.m2/repository/org/springframework/spring-core/6.2.2/spring-core-6.2.2.jar:/Users/rick/.m2/repository/org/springframework/spring-jcl/6.2.2/spring-jcl-6.2.2.jar:/Users/rick/.m2/repository/org/springframework/spring-test/6.2.2/spring-test-6.2.2.jar:/Users/rick/.m2/repository/org/xmlunit/xmlunit-core/2.10.0/xmlunit-core-2.10.0.jar:/Users/rick/.m2/repository/mysql/mysql-connector-java/8.0.28/mysql-connector-java-8.0.28.jar:/Users/rick/.m2/repository/com/google/protobuf/protobuf-java/3.11.4/protobuf-java-3.11.4.jar:/Users/rick/.m2/repository/com/github/penggle/kaptcha/2.3.2/kaptcha-2.3.2.jar:/Users/rick/.m2/repository/com/jhlabs/filters/2.0.235-1/filters-2.0.235-1.jar:/Users/rick/.m2/repository/jakarta/servlet/jakarta.servlet-api/6.0.0/jakarta.servlet-api-6.0.0.jar:/Users/rick/.m2/repository/org/springframework/boot/spring-boot-starter-security/3.4.2/spring-boot-starter-security-3.4.2.jar:/Users/rick/.m2/repository/org/springframework/spring-aop/6.2.2/spring-aop-6.2.2.jar:/Users/rick/.m2/repository/org/springframework/security/spring-security-config/6.4.2/spring-security-config-6.4.2.jar:/Users/rick/.m2/repository/org/springframework/security/spring-security-core/6.4.2/spring-security-core-6.4.2.jar:/Users/rick/.m2/repository/org/springframework/security/spring-security-crypto/6.4.2/spring-security-crypto-6.4.2.jar:/Users/rick/.m2/repository/org/springframework/security/spring-security-web/6.4.2/spring-security-web-6.4.2.jar:/Users/rick/.m2/repository/org/apache/pdfbox/pdfbox/2.0.27/pdfbox-2.0.27.jar:/Users/rick/.m2/repository/org/apache/pdfbox/fontbox/2.0.27/fontbox-2.0.27.jar:/Users/rick/.m2/repository/commons-logging/commons-logging/1.2/commons-logging-1.2.jar:/Users/rick/.m2/repository/guru/nidi/graphviz-java/0.18.1/graphviz-java-0.18.1.jar:/Users/rick/.m2/repository/org/webjars/npm/viz.js-graphviz-java/2.1.3/viz.js-graphviz-java-2.1.3.jar:/Users/rick/.m2/repository/guru/nidi/com/kitfox/svgSalamander/1.1.3/svgSalamander-1.1.3.jar:/Users/rick/.m2/repository/net/arnx/nashorn-promise/0.1.1/nashorn-promise-0.1.1.jar:/Users/rick/.m2/repository/org/apache/commons/commons-exec/1.3/commons-exec-1.3.jar:/Users/rick/.m2/repository/com/google/code/findbugs/jsr305/3.0.2/jsr305-3.0.2.jar:/Users/rick/.m2/repository/org/slf4j/jcl-over-slf4j/2.0.16/jcl-over-slf4j-2.0.16.jar:/Users/rick/.m2/repository/org/slf4j/jul-to-slf4j/2.0.16/jul-to-slf4j-2.0.16.jar:/Users/rick/.m2/repository/guru/nidi/com/eclipsesource/j2v8/j2v8_macosx_x86_64/4.6.0/j2v8_macosx_x86_64-4.6.0.jar:/Users/rick/.m2/repository/org/slf4j/slf4j-api/2.0.16/slf4j-api-2.0.16.jar:"/>
    <property name="https.proxyPort" value="7890"/>
    <property name="java.vm.vendor" value="Homebrew"/>
    <property name="sun.arch.data.model" value="64"/>
    <property name="java.vendor.url" value="https://github.com/Homebrew/homebrew-core/issues"/>
    <property name="user.timezone" value="Asia/Shanghai"/>
    <property name="org.jboss.logging.provider" value="slf4j"/>
    <property name="java.vm.specification.version" value="23"/>
    <property name="os.name" value="Mac OS X"/>
    <property name="APPLICATION_NAME" value="cnki_java"/>
    <property name="sun.java.launcher" value="SUN_STANDARD"/>
    <property name="user.country" value="US"/>
    <property name="sun.boot.library.path" value="/opt/homebrew/Cellar/openjdk/23.0.1/libexec/openjdk.jdk/Contents/Home/lib"/>
    <property name="sun.java.command" value="/Users/rick/Desktop/CNKI/cnki_java/target/surefire/surefirebooter-20250220225718102_3.jar /Users/rick/Desktop/CNKI/cnki_java/target/surefire 2025-02-20T22-57-18_004-jvmRun1 surefire-20250220225718102_1tmp surefire_0-20250220225718102_2tmp"/>
    <property name="http.nonProxyHosts" value="192.168.0.0/16|*.192.168.0.0/16|10.0.0.0/8|*.10.0.0.0/8|172.16.0.0/12|*.172.16.0.0/12|127.0.0.1|localhost|*.localhost|local|*.local|timestamp.apple.com|*.timestamp.apple.com|sequoia.apple.com|*.sequoia.apple.com|seed-sequoia.siri.apple.com|*.seed-sequoia.siri.apple.com"/>
    <property name="jdk.debug" value="release"/>
    <property name="surefire.test.class.path" value="/Users/rick/Desktop/CNKI/cnki_java/target/test-classes:/Users/rick/Desktop/CNKI/cnki_java/target/classes:/Users/rick/.m2/repository/org/springframework/boot/spring-boot-starter-data-jpa/3.4.2/spring-boot-starter-data-jpa-3.4.2.jar:/Users/rick/.m2/repository/org/springframework/boot/spring-boot-starter/3.4.2/spring-boot-starter-3.4.2.jar:/Users/rick/.m2/repository/org/springframework/boot/spring-boot-starter-logging/3.4.2/spring-boot-starter-logging-3.4.2.jar:/Users/rick/.m2/repository/ch/qos/logback/logback-classic/1.5.16/logback-classic-1.5.16.jar:/Users/rick/.m2/repository/ch/qos/logback/logback-core/1.5.16/logback-core-1.5.16.jar:/Users/rick/.m2/repository/org/apache/logging/log4j/log4j-to-slf4j/2.24.3/log4j-to-slf4j-2.24.3.jar:/Users/rick/.m2/repository/org/apache/logging/log4j/log4j-api/2.24.3/log4j-api-2.24.3.jar:/Users/rick/.m2/repository/jakarta/annotation/jakarta.annotation-api/2.1.1/jakarta.annotation-api-2.1.1.jar:/Users/rick/.m2/repository/org/yaml/snakeyaml/2.3/snakeyaml-2.3.jar:/Users/rick/.m2/repository/org/springframework/boot/spring-boot-starter-jdbc/3.4.2/spring-boot-starter-jdbc-3.4.2.jar:/Users/rick/.m2/repository/com/zaxxer/HikariCP/5.1.0/HikariCP-5.1.0.jar:/Users/rick/.m2/repository/org/springframework/spring-jdbc/6.2.2/spring-jdbc-6.2.2.jar:/Users/rick/.m2/repository/org/hibernate/orm/hibernate-core/6.6.5.Final/hibernate-core-6.6.5.Final.jar:/Users/rick/.m2/repository/jakarta/persistence/jakarta.persistence-api/3.1.0/jakarta.persistence-api-3.1.0.jar:/Users/rick/.m2/repository/jakarta/transaction/jakarta.transaction-api/2.0.1/jakarta.transaction-api-2.0.1.jar:/Users/rick/.m2/repository/org/jboss/logging/jboss-logging/3.6.1.Final/jboss-logging-3.6.1.Final.jar:/Users/rick/.m2/repository/org/hibernate/common/hibernate-commons-annotations/7.0.3.Final/hibernate-commons-annotations-7.0.3.Final.jar:/Users/rick/.m2/repository/io/smallrye/jandex/3.2.0/jandex-3.2.0.jar:/Users/rick/.m2/repository/com/fasterxml/classmate/1.7.0/classmate-1.7.0.jar:/Users/rick/.m2/repository/net/bytebuddy/byte-buddy/1.15.11/byte-buddy-1.15.11.jar:/Users/rick/.m2/repository/org/glassfish/jaxb/jaxb-runtime/4.0.5/jaxb-runtime-4.0.5.jar:/Users/rick/.m2/repository/org/glassfish/jaxb/jaxb-core/4.0.5/jaxb-core-4.0.5.jar:/Users/rick/.m2/repository/org/eclipse/angus/angus-activation/2.0.2/angus-activation-2.0.2.jar:/Users/rick/.m2/repository/org/glassfish/jaxb/txw2/4.0.5/txw2-4.0.5.jar:/Users/rick/.m2/repository/com/sun/istack/istack-commons-runtime/4.1.2/istack-commons-runtime-4.1.2.jar:/Users/rick/.m2/repository/jakarta/inject/jakarta.inject-api/2.0.1/jakarta.inject-api-2.0.1.jar:/Users/rick/.m2/repository/org/antlr/antlr4-runtime/4.13.0/antlr4-runtime-4.13.0.jar:/Users/rick/.m2/repository/org/springframework/data/spring-data-jpa/3.4.2/spring-data-jpa-3.4.2.jar:/Users/rick/.m2/repository/org/springframework/data/spring-data-commons/3.4.2/spring-data-commons-3.4.2.jar:/Users/rick/.m2/repository/org/springframework/spring-orm/6.2.2/spring-orm-6.2.2.jar:/Users/rick/.m2/repository/org/springframework/spring-context/6.2.2/spring-context-6.2.2.jar:/Users/rick/.m2/repository/org/springframework/spring-tx/6.2.2/spring-tx-6.2.2.jar:/Users/rick/.m2/repository/org/springframework/spring-beans/6.2.2/spring-beans-6.2.2.jar:/Users/rick/.m2/repository/org/springframework/spring-aspects/6.2.2/spring-aspects-6.2.2.jar:/Users/rick/.m2/repository/org/aspectj/aspectjweaver/1.9.22.1/aspectjweaver-1.9.22.1.jar:/Users/rick/.m2/repository/org/springframework/boot/spring-boot-starter-web/3.4.2/spring-boot-starter-web-3.4.2.jar:/Users/rick/.m2/repository/org/springframework/boot/spring-boot-starter-json/3.4.2/spring-boot-starter-json-3.4.2.jar:/Users/rick/.m2/repository/com/fasterxml/jackson/core/jackson-databind/2.18.2/jackson-databind-2.18.2.jar:/Users/rick/.m2/repository/com/fasterxml/jackson/core/jackson-annotations/2.18.2/jackson-annotations-2.18.2.jar:/Users/rick/.m2/repository/com/fasterxml/jackson/core/jackson-core/2.18.2/jackson-core-2.18.2.jar:/Users/rick/.m2/repository/com/fasterxml/jackson/datatype/jackson-datatype-jdk8/2.18.2/jackson-datatype-jdk8-2.18.2.jar:/Users/rick/.m2/repository/com/fasterxml/jackson/datatype/jackson-datatype-jsr310/2.18.2/jackson-datatype-jsr310-2.18.2.jar:/Users/rick/.m2/repository/com/fasterxml/jackson/module/jackson-module-parameter-names/2.18.2/jackson-module-parameter-names-2.18.2.jar:/Users/rick/.m2/repository/org/springframework/boot/spring-boot-starter-tomcat/3.4.2/spring-boot-starter-tomcat-3.4.2.jar:/Users/rick/.m2/repository/org/apache/tomcat/embed/tomcat-embed-core/10.1.34/tomcat-embed-core-10.1.34.jar:/Users/rick/.m2/repository/org/apache/tomcat/embed/tomcat-embed-el/10.1.34/tomcat-embed-el-10.1.34.jar:/Users/rick/.m2/repository/org/apache/tomcat/embed/tomcat-embed-websocket/10.1.34/tomcat-embed-websocket-10.1.34.jar:/Users/rick/.m2/repository/org/springframework/spring-web/6.2.2/spring-web-6.2.2.jar:/Users/rick/.m2/repository/io/micrometer/micrometer-observation/1.14.3/micrometer-observation-1.14.3.jar:/Users/rick/.m2/repository/io/micrometer/micrometer-commons/1.14.3/micrometer-commons-1.14.3.jar:/Users/rick/.m2/repository/org/springframework/spring-webmvc/6.2.2/spring-webmvc-6.2.2.jar:/Users/rick/.m2/repository/org/springframework/spring-expression/6.2.2/spring-expression-6.2.2.jar:/Users/rick/.m2/repository/org/springframework/boot/spring-boot-devtools/3.4.2/spring-boot-devtools-3.4.2.jar:/Users/rick/.m2/repository/org/springframework/boot/spring-boot/3.4.2/spring-boot-3.4.2.jar:/Users/rick/.m2/repository/org/springframework/boot/spring-boot-autoconfigure/3.4.2/spring-boot-autoconfigure-3.4.2.jar:/Users/rick/.m2/repository/com/mysql/mysql-connector-j/9.1.0/mysql-connector-j-9.1.0.jar:/Users/rick/.m2/repository/org/springframework/boot/spring-boot-starter-test/3.4.2/spring-boot-starter-test-3.4.2.jar:/Users/rick/.m2/repository/org/springframework/boot/spring-boot-test/3.4.2/spring-boot-test-3.4.2.jar:/Users/rick/.m2/repository/org/springframework/boot/spring-boot-test-autoconfigure/3.4.2/spring-boot-test-autoconfigure-3.4.2.jar:/Users/rick/.m2/repository/com/jayway/jsonpath/json-path/2.9.0/json-path-2.9.0.jar:/Users/rick/.m2/repository/jakarta/xml/bind/jakarta.xml.bind-api/4.0.2/jakarta.xml.bind-api-4.0.2.jar:/Users/rick/.m2/repository/jakarta/activation/jakarta.activation-api/2.1.3/jakarta.activation-api-2.1.3.jar:/Users/rick/.m2/repository/net/minidev/json-smart/2.5.1/json-smart-2.5.1.jar:/Users/rick/.m2/repository/net/minidev/accessors-smart/2.5.1/accessors-smart-2.5.1.jar:/Users/rick/.m2/repository/org/ow2/asm/asm/9.6/asm-9.6.jar:/Users/rick/.m2/repository/org/assertj/assertj-core/3.26.3/assertj-core-3.26.3.jar:/Users/rick/.m2/repository/org/awaitility/awaitility/4.2.2/awaitility-4.2.2.jar:/Users/rick/.m2/repository/org/hamcrest/hamcrest/2.2/hamcrest-2.2.jar:/Users/rick/.m2/repository/org/junit/jupiter/junit-jupiter/5.11.4/junit-jupiter-5.11.4.jar:/Users/rick/.m2/repository/org/junit/jupiter/junit-jupiter-api/5.11.4/junit-jupiter-api-5.11.4.jar:/Users/rick/.m2/repository/org/opentest4j/opentest4j/1.3.0/opentest4j-1.3.0.jar:/Users/rick/.m2/repository/org/junit/platform/junit-platform-commons/1.11.4/junit-platform-commons-1.11.4.jar:/Users/rick/.m2/repository/org/apiguardian/apiguardian-api/1.1.2/apiguardian-api-1.1.2.jar:/Users/rick/.m2/repository/org/junit/jupiter/junit-jupiter-params/5.11.4/junit-jupiter-params-5.11.4.jar:/Users/rick/.m2/repository/org/junit/jupiter/junit-jupiter-engine/5.11.4/junit-jupiter-engine-5.11.4.jar:/Users/rick/.m2/repository/org/junit/platform/junit-platform-engine/1.11.4/junit-platform-engine-1.11.4.jar:/Users/rick/.m2/repository/org/mockito/mockito-core/5.14.2/mockito-core-5.14.2.jar:/Users/rick/.m2/repository/net/bytebuddy/byte-buddy-agent/1.15.11/byte-buddy-agent-1.15.11.jar:/Users/rick/.m2/repository/org/objenesis/objenesis/3.3/objenesis-3.3.jar:/Users/rick/.m2/repository/org/mockito/mockito-junit-jupiter/5.14.2/mockito-junit-jupiter-5.14.2.jar:/Users/rick/.m2/repository/org/skyscreamer/jsonassert/1.5.3/jsonassert-1.5.3.jar:/Users/rick/.m2/repository/com/vaadin/external/google/android-json/0.0.20131108.vaadin1/android-json-0.0.20131108.vaadin1.jar:/Users/rick/.m2/repository/org/springframework/spring-core/6.2.2/spring-core-6.2.2.jar:/Users/rick/.m2/repository/org/springframework/spring-jcl/6.2.2/spring-jcl-6.2.2.jar:/Users/rick/.m2/repository/org/springframework/spring-test/6.2.2/spring-test-6.2.2.jar:/Users/rick/.m2/repository/org/xmlunit/xmlunit-core/2.10.0/xmlunit-core-2.10.0.jar:/Users/rick/.m2/repository/mysql/mysql-connector-java/8.0.28/mysql-connector-java-8.0.28.jar:/Users/rick/.m2/repository/com/google/protobuf/protobuf-java/3.11.4/protobuf-java-3.11.4.jar:/Users/rick/.m2/repository/com/github/penggle/kaptcha/2.3.2/kaptcha-2.3.2.jar:/Users/rick/.m2/repository/com/jhlabs/filters/2.0.235-1/filters-2.0.235-1.jar:/Users/rick/.m2/repository/jakarta/servlet/jakarta.servlet-api/6.0.0/jakarta.servlet-api-6.0.0.jar:/Users/rick/.m2/repository/org/springframework/boot/spring-boot-starter-security/3.4.2/spring-boot-starter-security-3.4.2.jar:/Users/rick/.m2/repository/org/springframework/spring-aop/6.2.2/spring-aop-6.2.2.jar:/Users/rick/.m2/repository/org/springframework/security/spring-security-config/6.4.2/spring-security-config-6.4.2.jar:/Users/rick/.m2/repository/org/springframework/security/spring-security-core/6.4.2/spring-security-core-6.4.2.jar:/Users/rick/.m2/repository/org/springframework/security/spring-security-crypto/6.4.2/spring-security-crypto-6.4.2.jar:/Users/rick/.m2/repository/org/springframework/security/spring-security-web/6.4.2/spring-security-web-6.4.2.jar:/Users/rick/.m2/repository/org/apache/pdfbox/pdfbox/2.0.27/pdfbox-2.0.27.jar:/Users/rick/.m2/repository/org/apache/pdfbox/fontbox/2.0.27/fontbox-2.0.27.jar:/Users/rick/.m2/repository/commons-logging/commons-logging/1.2/commons-logging-1.2.jar:/Users/rick/.m2/repository/guru/nidi/graphviz-java/0.18.1/graphviz-java-0.18.1.jar:/Users/rick/.m2/repository/org/webjars/npm/viz.js-graphviz-java/2.1.3/viz.js-graphviz-java-2.1.3.jar:/Users/rick/.m2/repository/guru/nidi/com/kitfox/svgSalamander/1.1.3/svgSalamander-1.1.3.jar:/Users/rick/.m2/repository/net/arnx/nashorn-promise/0.1.1/nashorn-promise-0.1.1.jar:/Users/rick/.m2/repository/org/apache/commons/commons-exec/1.3/commons-exec-1.3.jar:/Users/rick/.m2/repository/com/google/code/findbugs/jsr305/3.0.2/jsr305-3.0.2.jar:/Users/rick/.m2/repository/org/slf4j/jcl-over-slf4j/2.0.16/jcl-over-slf4j-2.0.16.jar:/Users/rick/.m2/repository/org/slf4j/jul-to-slf4j/2.0.16/jul-to-slf4j-2.0.16.jar:/Users/rick/.m2/repository/guru/nidi/com/eclipsesource/j2v8/j2v8_macosx_x86_64/4.6.0/j2v8_macosx_x86_64-4.6.0.jar:/Users/rick/.m2/repository/org/slf4j/slf4j-api/2.0.16/slf4j-api-2.0.16.jar:"/>
    <property name="sun.cpu.endian" value="little"/>
    <property name="user.home" value="/Users/rick"/>
    <property name="user.language" value="zh"/>
    <property name="java.specification.vendor" value="Oracle Corporation"/>
    <property name="java.version.date" value="2024-10-15"/>
    <property name="java.home" value="/opt/homebrew/Cellar/openjdk/23.0.1/libexec/openjdk.jdk/Contents/Home"/>
    <property name="file.separator" value="/"/>
    <property name="https.proxyHost" value="127.0.0.1"/>
    <property name="basedir" value="/Users/rick/Desktop/CNKI/cnki_java"/>
    <property name="java.vm.compressedOopsMode" value="Zero based"/>
    <property name="line.separator" value="&#10;"/>
    <property name="java.vm.specification.vendor" value="Oracle Corporation"/>
    <property name="java.specification.name" value="Java Platform API Specification"/>
    <property name="FILE_LOG_CHARSET" value="UTF-8"/>
    <property name="java.awt.headless" value="true"/>
    <property name="apple.awt.application.name" value="ForkedBooter"/>
    <property name="surefire.real.class.path" value="/Users/rick/Desktop/CNKI/cnki_java/target/surefire/surefirebooter-20250220225718102_3.jar"/>
    <property name="user.script" value="Hans"/>
    <property name="sun.management.compiler" value="HotSpot 64-Bit Tiered Compilers"/>
    <property name="ftp.nonProxyHosts" value="192.168.0.0/16|*.192.168.0.0/16|10.0.0.0/8|*.10.0.0.0/8|172.16.0.0/12|*.172.16.0.0/12|127.0.0.1|localhost|*.localhost|local|*.local|timestamp.apple.com|*.timestamp.apple.com|sequoia.apple.com|*.sequoia.apple.com|seed-sequoia.siri.apple.com|*.seed-sequoia.siri.apple.com"/>
    <property name="java.runtime.version" value="23.0.1"/>
    <property name="user.name" value="rick"/>
    <property name="stdout.encoding" value="UTF-8"/>
    <property name="path.separator" value=":"/>
    <property name="os.version" value="15.3"/>
    <property name="java.runtime.name" value="OpenJDK Runtime Environment"/>
    <property name="file.encoding" value="UTF-8"/>
    <property name="java.vm.name" value="OpenJDK 64-Bit Server VM"/>
    <property name="java.vendor.version" value="Homebrew"/>
    <property name="localRepository" value="/Users/rick/.m2/repository"/>
    <property name="java.vendor.url.bug" value="https://github.com/Homebrew/homebrew-core/issues"/>
    <property name="java.io.tmpdir" value="/var/folders/9y/q9c28gj17q94f0w1b4cc7f3w0000gn/T/"/>
    <property name="com.zaxxer.hikari.pool_number" value="1"/>
    <property name="java.version" value="23.0.1"/>
    <property name="user.dir" value="/Users/rick/Desktop/CNKI/cnki_java"/>
    <property name="os.arch" value="aarch64"/>
    <property name="socksProxyPort" value="7890"/>
    <property name="java.vm.specification.name" value="Java Virtual Machine Specification"/>
    <property name="PID" value="99541"/>
    <property name="CONSOLE_LOG_CHARSET" value="UTF-8"/>
    <property name="native.encoding" value="UTF-8"/>
    <property name="java.library.path" value="/Users/rick/Library/Java/Extensions:/Library/Java/Extensions:/Network/Library/Java/Extensions:/System/Library/Java/Extensions:/usr/lib/java:."/>
    <property name="java.vm.info" value="mixed mode, sharing"/>
    <property name="stderr.encoding" value="UTF-8"/>
    <property name="java.vendor" value="Homebrew"/>
    <property name="java.vm.version" value="23.0.1"/>
    <property name="sun.io.unicode.encoding" value="UnicodeBig"/>
    <property name="socksNonProxyHosts" value="192.168.0.0/16|*.192.168.0.0/16|10.0.0.0/8|*.10.0.0.0/8|172.16.0.0/12|*.172.16.0.0/12|127.0.0.1|localhost|*.localhost|local|*.local|timestamp.apple.com|*.timestamp.apple.com|sequoia.apple.com|*.sequoia.apple.com|seed-sequoia.siri.apple.com|*.seed-sequoia.siri.apple.com"/>
    <property name="java.class.version" value="67.0"/>
    <property name="LOGGED_APPLICATION_NAME" value="[cnki_java] "/>
    <property name="http.proxyPort" value="7890"/>
  </properties>
  <testcase name="contextLoads" classname="com.cnki.www.cnki_java.CnkiJavaApplicationTests" time="0.331">
    <system-out><![CDATA[22:57:18.683 [main] INFO org.springframework.test.context.support.AnnotationConfigContextLoaderUtils -- Could not detect default configuration classes for test class [com.cnki.www.cnki_java.CnkiJavaApplicationTests]: CnkiJavaApplicationTests does not declare any static, non-private, non-final, nested classes annotated with @Configuration.
22:57:18.735 [main] INFO org.springframework.boot.test.context.SpringBootTestContextBootstrapper -- Found @SpringBootConfiguration com.cnki.www.cnki_java.CnkiJavaApplication for test class com.cnki.www.cnki_java.CnkiJavaApplicationTests
22:57:18.798 [main] INFO org.springframework.boot.devtools.restart.RestartApplicationListener -- Restart disabled due to context in which it is running
2025-02-20T22:57:18.904+08:00 TRACE 99541 --- [cnki_java] [           main] o.s.c.io.support.SpringFactoriesLoader   : Loaded [org.springframework.boot.ApplicationContextFactory] names: [org.springframework.boot.web.reactive.context.ReactiveWebServerApplicationContextFactory, org.springframework.boot.web.servlet.context.ServletWebServerApplicationContextFactory]

  .   ____          _            __ _ _
 /\\ / ___'_ __ _ _(_)_ __  __ _ \ \ \ \
( ( )\___ | '_ | '_| | '_ \/ _` | \ \ \ \
 \\/  ___)| |_)| | | | | || (_| |  ) ) ) )
  '  |____| .__|_| |_|_| |_\__, | / / / /
 =========|_|==============|___/=/_/_/_/

 :: Spring Boot ::                (v3.4.2)

2025-02-20T22:57:18.923+08:00 TRACE 99541 --- [cnki_java] [           main] o.s.c.io.support.SpringFactoriesLoader   : Loaded [org.springframework.core.io.ProtocolResolver] names: [org.springframework.boot.io.Base64ProtocolResolver]
2025-02-20T22:57:18.931+08:00  INFO 99541 --- [cnki_java] [           main] c.c.w.c.CnkiJavaApplicationTests         : Starting CnkiJavaApplicationTests using Java 23.0.1 with PID 99541 (started by rick in /Users/rick/Desktop/CNKI/cnki_java)
2025-02-20T22:57:18.932+08:00  INFO 99541 --- [cnki_java] [           main] c.c.w.c.CnkiJavaApplicationTests         : No active profile set, falling back to 1 default profile: "default"
2025-02-20T22:57:18.954+08:00 DEBUG 99541 --- [cnki_java] [           main] o.s.w.c.s.GenericWebApplicationContext   : Refreshing org.springframework.web.context.support.GenericWebApplicationContext@29b732a2
2025-02-20T22:57:18.967+08:00 TRACE 99541 --- [cnki_java] [           main] o.s.c.io.support.SpringFactoriesLoader   : Loaded [org.springframework.beans.BeanInfoFactory] names: [org.springframework.data.util.KotlinBeanInfoFactory]
2025-02-20T22:57:18.978+08:00 TRACE 99541 --- [cnki_java] [           main] .i.s.PathMatchingResourcePatternResolver : Resolved module-path location pattern [com/cnki/www/cnki_java/**/*.class] to resources []
2025-02-20T22:57:18.978+08:00 TRACE 99541 --- [cnki_java] [           main] .i.s.PathMatchingResourcePatternResolver : Resolved module-path location pattern [com/cnki/www/cnki_java/] to resources []
2025-02-20T22:57:18.978+08:00 TRACE 99541 --- [cnki_java] [           main] .i.s.PathMatchingResourcePatternResolver : Resolved class path location [com/cnki/www/cnki_java/] to resources [file [/Users/rick/Desktop/CNKI/cnki_java/target/test-classes/com/cnki/www/cnki_java], file [/Users/rick/Desktop/CNKI/cnki_java/target/classes/com/cnki/www/cnki_java]]
2025-02-20T22:57:18.979+08:00 TRACE 99541 --- [cnki_java] [           main] .i.s.PathMatchingResourcePatternResolver : Searching directory [/Users/rick/Desktop/CNKI/cnki_java/target/test-classes/com/cnki/www/cnki_java] for files matching pattern [**/*.class]
2025-02-20T22:57:18.979+08:00 TRACE 99541 --- [cnki_java] [           main] .i.s.PathMatchingResourcePatternResolver : Searching directory [/Users/rick/Desktop/CNKI/cnki_java/target/classes/com/cnki/www/cnki_java] for files matching pattern [**/*.class]
2025-02-20T22:57:18.981+08:00 TRACE 99541 --- [cnki_java] [           main] .i.s.PathMatchingResourcePatternResolver : Resolved location pattern [classpath*:com/cnki/www/cnki_java/**/*.class] to resources [file [/Users/rick/Desktop/CNKI/cnki_java/target/test-classes/com/cnki/www/cnki_java/CnkiJavaApplicationTests.class], file [/Users/rick/Desktop/CNKI/cnki_java/target/classes/com/cnki/www/cnki_java/CnkiJavaApplication.class], file [/Users/rick/Desktop/CNKI/cnki_java/target/classes/com/cnki/www/cnki_java/common/ApiResponse.class], file [/Users/rick/Desktop/CNKI/cnki_java/target/classes/com/cnki/www/cnki_java/config/CorsConfig$1.class], file [/Users/rick/Desktop/CNKI/cnki_java/target/classes/com/cnki/www/cnki_java/config/CorsConfig.class], file [/Users/rick/Desktop/CNKI/cnki_java/target/classes/com/cnki/www/cnki_java/config/KaptchaConfig.class], file [/Users/rick/Desktop/CNKI/cnki_java/target/classes/com/cnki/www/cnki_java/config/SecurityConfig.class], file [/Users/rick/Desktop/CNKI/cnki_java/target/classes/com/cnki/www/cnki_java/config/WebConfig.class], file [/Users/rick/Desktop/CNKI/cnki_java/target/classes/com/cnki/www/cnki_java/config/WebMvcConfig.class], file [/Users/rick/Desktop/CNKI/cnki_java/target/classes/com/cnki/www/cnki_java/controller/CaptchaController.class], file [/Users/rick/Desktop/CNKI/cnki_java/target/classes/com/cnki/www/cnki_java/controller/KnowledgeGraphController.class], file [/Users/rick/Desktop/CNKI/cnki_java/target/classes/com/cnki/www/cnki_java/controller/PaperController.class], file [/Users/rick/Desktop/CNKI/cnki_java/target/classes/com/cnki/www/cnki_java/controller/UserController.class], file [/Users/rick/Desktop/CNKI/cnki_java/target/classes/com/cnki/www/cnki_java/dto/LoginRequest.class], file [/Users/rick/Desktop/CNKI/cnki_java/target/classes/com/cnki/www/cnki_java/dto/PaperResponseDTO.class], file [/Users/rick/Desktop/CNKI/cnki_java/target/classes/com/cnki/www/cnki_java/dto/RegisterRequest.class], file [/Users/rick/Desktop/CNKI/cnki_java/target/classes/com/cnki/www/cnki_java/dto/UserResponseDTO.class], file [/Users/rick/Desktop/CNKI/cnki_java/target/classes/com/cnki/www/cnki_java/entity/Favorite.class], file [/Users/rick/Desktop/CNKI/cnki_java/target/classes/com/cnki/www/cnki_java/entity/Paper.class], file [/Users/rick/Desktop/CNKI/cnki_java/target/classes/com/cnki/www/cnki_java/entity/PaperKeywords.class], file [/Users/rick/Desktop/CNKI/cnki_java/target/classes/com/cnki/www/cnki_java/entity/SearchHistory.class], file [/Users/rick/Desktop/CNKI/cnki_java/target/classes/com/cnki/www/cnki_java/entity/User.class], file [/Users/rick/Desktop/CNKI/cnki_java/target/classes/com/cnki/www/cnki_java/entity/ViewHistory.class], file [/Users/rick/Desktop/CNKI/cnki_java/target/classes/com/cnki/www/cnki_java/repository/FavoriteRepository.class], file [/Users/rick/Desktop/CNKI/cnki_java/target/classes/com/cnki/www/cnki_java/repository/PaperKeywordsRepository.class], file [/Users/rick/Desktop/CNKI/cnki_java/target/classes/com/cnki/www/cnki_java/repository/PaperRepository.class], file [/Users/rick/Desktop/CNKI/cnki_java/target/classes/com/cnki/www/cnki_java/repository/SearchHistoryRepository.class], file [/Users/rick/Desktop/CNKI/cnki_java/target/classes/com/cnki/www/cnki_java/repository/UserRepository.class], file [/Users/rick/Desktop/CNKI/cnki_java/target/classes/com/cnki/www/cnki_java/repository/ViewHistoryRepository.class], file [/Users/rick/Desktop/CNKI/cnki_java/target/classes/com/cnki/www/cnki_java/service/KnowledgeGraphService$1.class], file [/Users/rick/Desktop/CNKI/cnki_java/target/classes/com/cnki/www/cnki_java/service/KnowledgeGraphService.class], file [/Users/rick/Desktop/CNKI/cnki_java/target/classes/com/cnki/www/cnki_java/util/PdfKeywordExtractor.class]]
2025-02-20T22:57:19.025+08:00 TRACE 99541 --- [cnki_java] [           main] o.s.c.io.support.SpringFactoriesLoader   : Loaded [org.springframework.boot.autoconfigure.AutoConfigurationImportFilter] names: [org.springframework.boot.autoconfigure.condition.OnBeanCondition, org.springframework.boot.autoconfigure.condition.OnClassCondition, org.springframework.boot.autoconfigure.condition.OnWebApplicationCondition]
2025-02-20T22:57:19.048+08:00 TRACE 99541 --- [cnki_java] [           main] o.s.c.io.support.SpringFactoriesLoader   : Loaded [org.springframework.boot.autoconfigure.AutoConfigurationImportListener] names: [org.springframework.boot.autoconfigure.condition.ConditionEvaluationReportAutoConfigurationImportListener]
2025-02-20T22:57:19.059+08:00 TRACE 99541 --- [cnki_java] [           main] .i.s.PathMatchingResourcePatternResolver : Resolved module-path location pattern [messages.properties] to resources []
2025-02-20T22:57:19.060+08:00 TRACE 99541 --- [cnki_java] [           main] .i.s.PathMatchingResourcePatternResolver : Resolved class path location [messages.properties] to resources []
2025-02-20T22:57:19.079+08:00 TRACE 99541 --- [cnki_java] [           main] o.s.c.io.support.SpringFactoriesLoader   : Loaded [org.springframework.boot.autoconfigure.template.TemplateAvailabilityProvider] names: [org.springframework.boot.autoconfigure.freemarker.FreeMarkerTemplateAvailabilityProvider, org.springframework.boot.autoconfigure.mustache.MustacheTemplateAvailabilityProvider, org.springframework.boot.autoconfigure.groovy.template.GroovyTemplateAvailabilityProvider, org.springframework.boot.autoconfigure.thymeleaf.ThymeleafTemplateAvailabilityProvider, org.springframework.boot.autoconfigure.web.servlet.JspTemplateAvailabilityProvider]
2025-02-20T22:57:19.183+08:00 TRACE 99541 --- [cnki_java] [           main] o.s.c.io.support.SpringFactoriesLoader   : Loaded [org.springframework.boot.autoconfigure.template.TemplateAvailabilityProvider] names: [org.springframework.boot.autoconfigure.freemarker.FreeMarkerTemplateAvailabilityProvider, org.springframework.boot.autoconfigure.mustache.MustacheTemplateAvailabilityProvider, org.springframework.boot.autoconfigure.groovy.template.GroovyTemplateAvailabilityProvider, org.springframework.boot.autoconfigure.thymeleaf.ThymeleafTemplateAvailabilityProvider, org.springframework.boot.autoconfigure.web.servlet.JspTemplateAvailabilityProvider]
2025-02-20T22:57:19.236+08:00  INFO 99541 --- [cnki_java] [           main] .s.d.r.c.RepositoryConfigurationDelegate : Bootstrapping Spring Data JPA repositories in DEFAULT mode.
2025-02-20T22:57:19.244+08:00 TRACE 99541 --- [cnki_java] [           main] .i.s.PathMatchingResourcePatternResolver : Resolved module-path location pattern [com/cnki/www/cnki_java/**/*.class] to resources []
2025-02-20T22:57:19.244+08:00 TRACE 99541 --- [cnki_java] [           main] .i.s.PathMatchingResourcePatternResolver : Searching directory [/Users/rick/Desktop/CNKI/cnki_java/target/test-classes/com/cnki/www/cnki_java] for files matching pattern [**/*.class]
2025-02-20T22:57:19.244+08:00 TRACE 99541 --- [cnki_java] [           main] .i.s.PathMatchingResourcePatternResolver : Searching directory [/Users/rick/Desktop/CNKI/cnki_java/target/classes/com/cnki/www/cnki_java] for files matching pattern [**/*.class]
2025-02-20T22:57:19.246+08:00 TRACE 99541 --- [cnki_java] [           main] .i.s.PathMatchingResourcePatternResolver : Resolved location pattern [classpath*:com/cnki/www/cnki_java/**/*.class] to resources [file [/Users/rick/Desktop/CNKI/cnki_java/target/test-classes/com/cnki/www/cnki_java/CnkiJavaApplicationTests.class], file [/Users/rick/Desktop/CNKI/cnki_java/target/classes/com/cnki/www/cnki_java/CnkiJavaApplication.class], file [/Users/rick/Desktop/CNKI/cnki_java/target/classes/com/cnki/www/cnki_java/common/ApiResponse.class], file [/Users/rick/Desktop/CNKI/cnki_java/target/classes/com/cnki/www/cnki_java/config/CorsConfig$1.class], file [/Users/rick/Desktop/CNKI/cnki_java/target/classes/com/cnki/www/cnki_java/config/CorsConfig.class], file [/Users/rick/Desktop/CNKI/cnki_java/target/classes/com/cnki/www/cnki_java/config/KaptchaConfig.class], file [/Users/rick/Desktop/CNKI/cnki_java/target/classes/com/cnki/www/cnki_java/config/SecurityConfig.class], file [/Users/rick/Desktop/CNKI/cnki_java/target/classes/com/cnki/www/cnki_java/config/WebConfig.class], file [/Users/rick/Desktop/CNKI/cnki_java/target/classes/com/cnki/www/cnki_java/config/WebMvcConfig.class], file [/Users/rick/Desktop/CNKI/cnki_java/target/classes/com/cnki/www/cnki_java/controller/CaptchaController.class], file [/Users/rick/Desktop/CNKI/cnki_java/target/classes/com/cnki/www/cnki_java/controller/KnowledgeGraphController.class], file [/Users/rick/Desktop/CNKI/cnki_java/target/classes/com/cnki/www/cnki_java/controller/PaperController.class], file [/Users/rick/Desktop/CNKI/cnki_java/target/classes/com/cnki/www/cnki_java/controller/UserController.class], file [/Users/rick/Desktop/CNKI/cnki_java/target/classes/com/cnki/www/cnki_java/dto/LoginRequest.class], file [/Users/rick/Desktop/CNKI/cnki_java/target/classes/com/cnki/www/cnki_java/dto/PaperResponseDTO.class], file [/Users/rick/Desktop/CNKI/cnki_java/target/classes/com/cnki/www/cnki_java/dto/RegisterRequest.class], file [/Users/rick/Desktop/CNKI/cnki_java/target/classes/com/cnki/www/cnki_java/dto/UserResponseDTO.class], file [/Users/rick/Desktop/CNKI/cnki_java/target/classes/com/cnki/www/cnki_java/entity/Favorite.class], file [/Users/rick/Desktop/CNKI/cnki_java/target/classes/com/cnki/www/cnki_java/entity/Paper.class], file [/Users/rick/Desktop/CNKI/cnki_java/target/classes/com/cnki/www/cnki_java/entity/PaperKeywords.class], file [/Users/rick/Desktop/CNKI/cnki_java/target/classes/com/cnki/www/cnki_java/entity/SearchHistory.class], file [/Users/rick/Desktop/CNKI/cnki_java/target/classes/com/cnki/www/cnki_java/entity/User.class], file [/Users/rick/Desktop/CNKI/cnki_java/target/classes/com/cnki/www/cnki_java/entity/ViewHistory.class], file [/Users/rick/Desktop/CNKI/cnki_java/target/classes/com/cnki/www/cnki_java/repository/FavoriteRepository.class], file [/Users/rick/Desktop/CNKI/cnki_java/target/classes/com/cnki/www/cnki_java/repository/PaperKeywordsRepository.class], file [/Users/rick/Desktop/CNKI/cnki_java/target/classes/com/cnki/www/cnki_java/repository/PaperRepository.class], file [/Users/rick/Desktop/CNKI/cnki_java/target/classes/com/cnki/www/cnki_java/repository/SearchHistoryRepository.class], file [/Users/rick/Desktop/CNKI/cnki_java/target/classes/com/cnki/www/cnki_java/repository/UserRepository.class], file [/Users/rick/Desktop/CNKI/cnki_java/target/classes/com/cnki/www/cnki_java/repository/ViewHistoryRepository.class], file [/Users/rick/Desktop/CNKI/cnki_java/target/classes/com/cnki/www/cnki_java/service/KnowledgeGraphService$1.class], file [/Users/rick/Desktop/CNKI/cnki_java/target/classes/com/cnki/www/cnki_java/service/KnowledgeGraphService.class], file [/Users/rick/Desktop/CNKI/cnki_java/target/classes/com/cnki/www/cnki_java/util/PdfKeywordExtractor.class]]
2025-02-20T22:57:19.262+08:00 TRACE 99541 --- [cnki_java] [           main] .i.s.PathMatchingResourcePatternResolver : Resolved module-path location pattern [com/cnki/www/cnki_java/**/*Impl.class] to resources []
2025-02-20T22:57:19.263+08:00 TRACE 99541 --- [cnki_java] [           main] .i.s.PathMatchingResourcePatternResolver : Searching directory [/Users/rick/Desktop/CNKI/cnki_java/target/test-classes/com/cnki/www/cnki_java] for files matching pattern [**/*Impl.class]
2025-02-20T22:57:19.268+08:00 TRACE 99541 --- [cnki_java] [           main] .i.s.PathMatchingResourcePatternResolver : Searching directory [/Users/rick/Desktop/CNKI/cnki_java/target/classes/com/cnki/www/cnki_java] for files matching pattern [**/*Impl.class]
2025-02-20T22:57:19.272+08:00 TRACE 99541 --- [cnki_java] [           main] .i.s.PathMatchingResourcePatternResolver : Resolved location pattern [classpath*:com/cnki/www/cnki_java/**/*Impl.class] to resources []
2025-02-20T22:57:19.282+08:00  INFO 99541 --- [cnki_java] [           main] .s.d.r.c.RepositoryConfigurationDelegate : Finished Spring Data repository scanning in 42 ms. Found 6 JPA repository interfaces.
2025-02-20T22:57:19.406+08:00 TRACE 99541 --- [cnki_java] [           main] o.s.c.io.support.SpringFactoriesLoader   : Loaded [org.springframework.boot.sql.init.dependency.DatabaseInitializerDetector] names: [org.springframework.boot.flyway.FlywayDatabaseInitializerDetector, org.springframework.boot.jdbc.init.DataSourceScriptDatabaseInitializerDetector, org.springframework.boot.liquibase.LiquibaseDatabaseInitializerDetector, org.springframework.boot.orm.jpa.JpaDatabaseInitializerDetector, org.springframework.boot.r2dbc.init.R2dbcScriptDatabaseInitializerDetector, org.springframework.boot.autoconfigure.flyway.FlywayMigrationInitializerDatabaseInitializerDetector]
2025-02-20T22:57:19.408+08:00 TRACE 99541 --- [cnki_java] [           main] o.s.c.io.support.SpringFactoriesLoader   : Loaded [org.springframework.boot.sql.init.dependency.DependsOnDatabaseInitializationDetector] names: [org.springframework.boot.sql.init.dependency.AnnotationDependsOnDatabaseInitializationDetector, org.springframework.boot.jdbc.SpringJdbcDependsOnDatabaseInitializationDetector, org.springframework.boot.jooq.JooqDependsOnDatabaseInitializationDetector, org.springframework.boot.orm.jpa.JpaDependsOnDatabaseInitializationDetector, org.springframework.boot.autoconfigure.batch.JobRepositoryDependsOnDatabaseInitializationDetector, org.springframework.boot.autoconfigure.quartz.SchedulerDependsOnDatabaseInitializationDetector, org.springframework.boot.autoconfigure.session.JdbcIndexedSessionRepositoryDependsOnDatabaseInitializationDetector]
2025-02-20T22:57:19.559+08:00 TRACE 99541 --- [cnki_java] [           main] .i.s.PathMatchingResourcePatternResolver : Resolved module-path location pattern [schema-all.sql] to resources []
2025-02-20T22:57:19.559+08:00 TRACE 99541 --- [cnki_java] [           main] .i.s.PathMatchingResourcePatternResolver : Resolved class path location [schema-all.sql] to resources []
2025-02-20T22:57:19.559+08:00 TRACE 99541 --- [cnki_java] [           main] .i.s.PathMatchingResourcePatternResolver : Resolved module-path location pattern [schema.sql] to resources []
2025-02-20T22:57:19.560+08:00 TRACE 99541 --- [cnki_java] [           main] .i.s.PathMatchingResourcePatternResolver : Resolved class path location [schema.sql] to resources []
2025-02-20T22:57:19.560+08:00 TRACE 99541 --- [cnki_java] [           main] .i.s.PathMatchingResourcePatternResolver : Resolved module-path location pattern [data-all.sql] to resources []
2025-02-20T22:57:19.560+08:00 TRACE 99541 --- [cnki_java] [           main] .i.s.PathMatchingResourcePatternResolver : Resolved class path location [data-all.sql] to resources []
2025-02-20T22:57:19.560+08:00 TRACE 99541 --- [cnki_java] [           main] .i.s.PathMatchingResourcePatternResolver : Resolved module-path location pattern [data.sql] to resources []
2025-02-20T22:57:19.560+08:00 TRACE 99541 --- [cnki_java] [           main] .i.s.PathMatchingResourcePatternResolver : Resolved class path location [data.sql] to resources []
2025-02-20T22:57:19.575+08:00 TRACE 99541 --- [cnki_java] [           main] .i.s.PathMatchingResourcePatternResolver : Resolved module-path location pattern [com/cnki/www/cnki_java/**/*.class] to resources []
2025-02-20T22:57:19.575+08:00 TRACE 99541 --- [cnki_java] [           main] .i.s.PathMatchingResourcePatternResolver : Searching directory [/Users/rick/Desktop/CNKI/cnki_java/target/test-classes/com/cnki/www/cnki_java] for files matching pattern [**/*.class]
2025-02-20T22:57:19.575+08:00 TRACE 99541 --- [cnki_java] [           main] .i.s.PathMatchingResourcePatternResolver : Searching directory [/Users/rick/Desktop/CNKI/cnki_java/target/classes/com/cnki/www/cnki_java] for files matching pattern [**/*.class]
2025-02-20T22:57:19.577+08:00 TRACE 99541 --- [cnki_java] [           main] .i.s.PathMatchingResourcePatternResolver : Resolved location pattern [classpath*:com/cnki/www/cnki_java/**/*.class] to resources [file [/Users/rick/Desktop/CNKI/cnki_java/target/test-classes/com/cnki/www/cnki_java/CnkiJavaApplicationTests.class], file [/Users/rick/Desktop/CNKI/cnki_java/target/classes/com/cnki/www/cnki_java/CnkiJavaApplication.class], file [/Users/rick/Desktop/CNKI/cnki_java/target/classes/com/cnki/www/cnki_java/common/ApiResponse.class], file [/Users/rick/Desktop/CNKI/cnki_java/target/classes/com/cnki/www/cnki_java/config/CorsConfig$1.class], file [/Users/rick/Desktop/CNKI/cnki_java/target/classes/com/cnki/www/cnki_java/config/CorsConfig.class], file [/Users/rick/Desktop/CNKI/cnki_java/target/classes/com/cnki/www/cnki_java/config/KaptchaConfig.class], file [/Users/rick/Desktop/CNKI/cnki_java/target/classes/com/cnki/www/cnki_java/config/SecurityConfig.class], file [/Users/rick/Desktop/CNKI/cnki_java/target/classes/com/cnki/www/cnki_java/config/WebConfig.class], file [/Users/rick/Desktop/CNKI/cnki_java/target/classes/com/cnki/www/cnki_java/config/WebMvcConfig.class], file [/Users/rick/Desktop/CNKI/cnki_java/target/classes/com/cnki/www/cnki_java/controller/CaptchaController.class], file [/Users/rick/Desktop/CNKI/cnki_java/target/classes/com/cnki/www/cnki_java/controller/KnowledgeGraphController.class], file [/Users/rick/Desktop/CNKI/cnki_java/target/classes/com/cnki/www/cnki_java/controller/PaperController.class], file [/Users/rick/Desktop/CNKI/cnki_java/target/classes/com/cnki/www/cnki_java/controller/UserController.class], file [/Users/rick/Desktop/CNKI/cnki_java/target/classes/com/cnki/www/cnki_java/dto/LoginRequest.class], file [/Users/rick/Desktop/CNKI/cnki_java/target/classes/com/cnki/www/cnki_java/dto/PaperResponseDTO.class], file [/Users/rick/Desktop/CNKI/cnki_java/target/classes/com/cnki/www/cnki_java/dto/RegisterRequest.class], file [/Users/rick/Desktop/CNKI/cnki_java/target/classes/com/cnki/www/cnki_java/dto/UserResponseDTO.class], file [/Users/rick/Desktop/CNKI/cnki_java/target/classes/com/cnki/www/cnki_java/entity/Favorite.class], file [/Users/rick/Desktop/CNKI/cnki_java/target/classes/com/cnki/www/cnki_java/entity/Paper.class], file [/Users/rick/Desktop/CNKI/cnki_java/target/classes/com/cnki/www/cnki_java/entity/PaperKeywords.class], file [/Users/rick/Desktop/CNKI/cnki_java/target/classes/com/cnki/www/cnki_java/entity/SearchHistory.class], file [/Users/rick/Desktop/CNKI/cnki_java/target/classes/com/cnki/www/cnki_java/entity/User.class], file [/Users/rick/Desktop/CNKI/cnki_java/target/classes/com/cnki/www/cnki_java/entity/ViewHistory.class], file [/Users/rick/Desktop/CNKI/cnki_java/target/classes/com/cnki/www/cnki_java/repository/FavoriteRepository.class], file [/Users/rick/Desktop/CNKI/cnki_java/target/classes/com/cnki/www/cnki_java/repository/PaperKeywordsRepository.class], file [/Users/rick/Desktop/CNKI/cnki_java/target/classes/com/cnki/www/cnki_java/repository/PaperRepository.class], file [/Users/rick/Desktop/CNKI/cnki_java/target/classes/com/cnki/www/cnki_java/repository/SearchHistoryRepository.class], file [/Users/rick/Desktop/CNKI/cnki_java/target/classes/com/cnki/www/cnki_java/repository/UserRepository.class], file [/Users/rick/Desktop/CNKI/cnki_java/target/classes/com/cnki/www/cnki_java/repository/ViewHistoryRepository.class], file [/Users/rick/Desktop/CNKI/cnki_java/target/classes/com/cnki/www/cnki_java/service/KnowledgeGraphService$1.class], file [/Users/rick/Desktop/CNKI/cnki_java/target/classes/com/cnki/www/cnki_java/service/KnowledgeGraphService.class], file [/Users/rick/Desktop/CNKI/cnki_java/target/classes/com/cnki/www/cnki_java/util/PdfKeywordExtractor.class]]
2025-02-20T22:57:19.581+08:00 TRACE 99541 --- [cnki_java] [           main] .i.s.PathMatchingResourcePatternResolver : Resolved module-path location pattern [META-INF/persistence.xml] to resources []
2025-02-20T22:57:19.581+08:00 TRACE 99541 --- [cnki_java] [           main] .i.s.PathMatchingResourcePatternResolver : Resolved class path location [META-INF/persistence.xml] to resources []
2025-02-20T22:57:19.589+08:00  INFO 99541 --- [cnki_java] [           main] o.hibernate.jpa.internal.util.LogHelper  : HHH000204: Processing PersistenceUnitInfo [name: default]
2025-02-20T22:57:19.615+08:00  INFO 99541 --- [cnki_java] [           main] org.hibernate.Version                    : HHH000412: Hibernate ORM core version 6.6.5.Final
2025-02-20T22:57:19.626+08:00  INFO 99541 --- [cnki_java] [           main] o.h.c.internal.RegionFactoryInitiator    : HHH000026: Second-level cache disabled
2025-02-20T22:57:19.738+08:00  INFO 99541 --- [cnki_java] [           main] o.s.o.j.p.SpringPersistenceUnitInfo      : No LoadTimeWeaver setup: ignoring JPA class transformer
2025-02-20T22:57:19.751+08:00  INFO 99541 --- [cnki_java] [           main] com.zaxxer.hikari.HikariDataSource       : HikariPool-1 - Starting...
2025-02-20T22:57:19.917+08:00  INFO 99541 --- [cnki_java] [           main] com.zaxxer.hikari.pool.HikariPool        : HikariPool-1 - Added connection com.mysql.cj.jdbc.ConnectionImpl@68d8eb4f
2025-02-20T22:57:19.918+08:00  INFO 99541 --- [cnki_java] [           main] com.zaxxer.hikari.HikariDataSource       : HikariPool-1 - Start completed.
2025-02-20T22:57:19.982+08:00  INFO 99541 --- [cnki_java] [           main] org.hibernate.orm.connections.pooling    : HHH10001005: Database info:
	Database JDBC URL [Connecting through datasource 'HikariDataSource (HikariPool-1)']
	Database driver: undefined/unknown
	Database version: 8.0.41
	Autocommit mode: undefined/unknown
	Isolation level: undefined/unknown
	Minimum pool size: undefined/unknown
	Maximum pool size: undefined/unknown
2025-02-20T22:57:20.413+08:00  INFO 99541 --- [cnki_java] [           main] o.h.e.t.j.p.i.JtaPlatformInitiator       : HHH000489: No JTA platform available (set 'hibernate.transaction.jta.platform' to enable JTA platform integration)
2025-02-20T22:57:20.983+08:00  WARN 99541 --- [cnki_java] [           main] o.h.t.s.i.ExceptionHandlerLoggedImpl     : GenerationTarget encountered exception accepting command : Error executing DDL "alter table papers modify column authors varchar(255)" via JDBC [Data truncation: Data too long for column 'authors' at row 285]

org.hibernate.tool.schema.spi.CommandAcceptanceException: Error executing DDL "alter table papers modify column authors varchar(255)" via JDBC [Data truncation: Data too long for column 'authors' at row 285]
	at org.hibernate.tool.schema.internal.exec.GenerationTargetToDatabase.accept(GenerationTargetToDatabase.java:94) ~[hibernate-core-6.6.5.Final.jar:6.6.5.Final]
	at org.hibernate.tool.schema.internal.AbstractSchemaMigrator.applySqlString(AbstractSchemaMigrator.java:576) ~[hibernate-core-6.6.5.Final.jar:6.6.5.Final]
	at org.hibernate.tool.schema.internal.AbstractSchemaMigrator.applySqlStrings(AbstractSchemaMigrator.java:516) ~[hibernate-core-6.6.5.Final.jar:6.6.5.Final]
	at org.hibernate.tool.schema.internal.AbstractSchemaMigrator.migrateTable(AbstractSchemaMigrator.java:334) ~[hibernate-core-6.6.5.Final.jar:6.6.5.Final]
	at org.hibernate.tool.schema.internal.GroupedSchemaMigratorImpl.performTablesMigration(GroupedSchemaMigratorImpl.java:84) ~[hibernate-core-6.6.5.Final.jar:6.6.5.Final]
	at org.hibernate.tool.schema.internal.AbstractSchemaMigrator.performMigration(AbstractSchemaMigrator.java:233) ~[hibernate-core-6.6.5.Final.jar:6.6.5.Final]
	at org.hibernate.tool.schema.internal.AbstractSchemaMigrator.doMigration(AbstractSchemaMigrator.java:112) ~[hibernate-core-6.6.5.Final.jar:6.6.5.Final]
	at org.hibernate.tool.schema.spi.SchemaManagementToolCoordinator.performDatabaseAction(SchemaManagementToolCoordinator.java:280) ~[hibernate-core-6.6.5.Final.jar:6.6.5.Final]
	at org.hibernate.tool.schema.spi.SchemaManagementToolCoordinator.lambda$process$5(SchemaManagementToolCoordinator.java:144) ~[hibernate-core-6.6.5.Final.jar:6.6.5.Final]
	at java.base/java.util.HashMap.forEach(HashMap.java:1430) ~[na:na]
	at org.hibernate.tool.schema.spi.SchemaManagementToolCoordinator.process(SchemaManagementToolCoordinator.java:141) ~[hibernate-core-6.6.5.Final.jar:6.6.5.Final]
	at org.hibernate.boot.internal.SessionFactoryObserverForSchemaExport.sessionFactoryCreated(SessionFactoryObserverForSchemaExport.java:37) ~[hibernate-core-6.6.5.Final.jar:6.6.5.Final]
	at org.hibernate.internal.SessionFactoryObserverChain.sessionFactoryCreated(SessionFactoryObserverChain.java:35) ~[hibernate-core-6.6.5.Final.jar:6.6.5.Final]
	at org.hibernate.internal.SessionFactoryImpl.<init>(SessionFactoryImpl.java:324) ~[hibernate-core-6.6.5.Final.jar:6.6.5.Final]
	at org.hibernate.boot.internal.SessionFactoryBuilderImpl.build(SessionFactoryBuilderImpl.java:463) ~[hibernate-core-6.6.5.Final.jar:6.6.5.Final]
	at org.hibernate.jpa.boot.internal.EntityManagerFactoryBuilderImpl.build(EntityManagerFactoryBuilderImpl.java:1506) ~[hibernate-core-6.6.5.Final.jar:6.6.5.Final]
	at org.springframework.orm.jpa.vendor.SpringHibernateJpaPersistenceProvider.createContainerEntityManagerFactory(SpringHibernateJpaPersistenceProvider.java:66) ~[spring-orm-6.2.2.jar:6.2.2]
	at org.springframework.orm.jpa.LocalContainerEntityManagerFactoryBean.createNativeEntityManagerFactory(LocalContainerEntityManagerFactoryBean.java:390) ~[spring-orm-6.2.2.jar:6.2.2]
	at org.springframework.orm.jpa.AbstractEntityManagerFactoryBean.buildNativeEntityManagerFactory(AbstractEntityManagerFactoryBean.java:419) ~[spring-orm-6.2.2.jar:6.2.2]
	at org.springframework.orm.jpa.AbstractEntityManagerFactoryBean.afterPropertiesSet(AbstractEntityManagerFactoryBean.java:400) ~[spring-orm-6.2.2.jar:6.2.2]
	at org.springframework.orm.jpa.LocalContainerEntityManagerFactoryBean.afterPropertiesSet(LocalContainerEntityManagerFactoryBean.java:366) ~[spring-orm-6.2.2.jar:6.2.2]
	at org.springframework.beans.factory.support.AbstractAutowireCapableBeanFactory.invokeInitMethods(AbstractAutowireCapableBeanFactory.java:1859) ~[spring-beans-6.2.2.jar:6.2.2]
	at org.springframework.beans.factory.support.AbstractAutowireCapableBeanFactory.initializeBean(AbstractAutowireCapableBeanFactory.java:1808) ~[spring-beans-6.2.2.jar:6.2.2]
	at org.springframework.beans.factory.support.AbstractAutowireCapableBeanFactory.doCreateBean(AbstractAutowireCapableBeanFactory.java:601) ~[spring-beans-6.2.2.jar:6.2.2]
	at org.springframework.beans.factory.support.AbstractAutowireCapableBeanFactory.createBean(AbstractAutowireCapableBeanFactory.java:523) ~[spring-beans-6.2.2.jar:6.2.2]
	at org.springframework.beans.factory.support.AbstractBeanFactory.lambda$doGetBean$0(AbstractBeanFactory.java:336) ~[spring-beans-6.2.2.jar:6.2.2]
	at org.springframework.beans.factory.support.DefaultSingletonBeanRegistry.getSingleton(DefaultSingletonBeanRegistry.java:307) ~[spring-beans-6.2.2.jar:6.2.2]
	at org.springframework.beans.factory.support.AbstractBeanFactory.doGetBean(AbstractBeanFactory.java:334) ~[spring-beans-6.2.2.jar:6.2.2]
	at org.springframework.beans.factory.support.AbstractBeanFactory.getBean(AbstractBeanFactory.java:204) ~[spring-beans-6.2.2.jar:6.2.2]
	at org.springframework.context.support.AbstractApplicationContext.finishBeanFactoryInitialization(AbstractApplicationContext.java:970) ~[spring-context-6.2.2.jar:6.2.2]
	at org.springframework.context.support.AbstractApplicationContext.refresh(AbstractApplicationContext.java:627) ~[spring-context-6.2.2.jar:6.2.2]
	at org.springframework.boot.SpringApplication.refresh(SpringApplication.java:752) ~[spring-boot-3.4.2.jar:3.4.2]
	at org.springframework.boot.SpringApplication.refreshContext(SpringApplication.java:439) ~[spring-boot-3.4.2.jar:3.4.2]
	at org.springframework.boot.SpringApplication.run(SpringApplication.java:318) ~[spring-boot-3.4.2.jar:3.4.2]
	at org.springframework.boot.test.context.SpringBootContextLoader.lambda$loadContext$3(SpringBootContextLoader.java:137) ~[spring-boot-test-3.4.2.jar:3.4.2]
	at org.springframework.util.function.ThrowingSupplier.get(ThrowingSupplier.java:58) ~[spring-core-6.2.2.jar:6.2.2]
	at org.springframework.util.function.ThrowingSupplier.get(ThrowingSupplier.java:46) ~[spring-core-6.2.2.jar:6.2.2]
	at org.springframework.boot.SpringApplication.withHook(SpringApplication.java:1461) ~[spring-boot-3.4.2.jar:3.4.2]
	at org.springframework.boot.test.context.SpringBootContextLoader$ContextLoaderHook.run(SpringBootContextLoader.java:553) ~[spring-boot-test-3.4.2.jar:3.4.2]
	at org.springframework.boot.test.context.SpringBootContextLoader.loadContext(SpringBootContextLoader.java:137) ~[spring-boot-test-3.4.2.jar:3.4.2]
	at org.springframework.boot.test.context.SpringBootContextLoader.loadContext(SpringBootContextLoader.java:108) ~[spring-boot-test-3.4.2.jar:3.4.2]
	at org.springframework.test.context.cache.DefaultCacheAwareContextLoaderDelegate.loadContextInternal(DefaultCacheAwareContextLoaderDelegate.java:225) ~[spring-test-6.2.2.jar:6.2.2]
	at org.springframework.test.context.cache.DefaultCacheAwareContextLoaderDelegate.loadContext(DefaultCacheAwareContextLoaderDelegate.java:152) ~[spring-test-6.2.2.jar:6.2.2]
	at org.springframework.test.context.support.DefaultTestContext.getApplicationContext(DefaultTestContext.java:130) ~[spring-test-6.2.2.jar:6.2.2]
	at org.springframework.test.context.web.ServletTestExecutionListener.setUpRequestContextIfNecessary(ServletTestExecutionListener.java:191) ~[spring-test-6.2.2.jar:6.2.2]
	at org.springframework.test.context.web.ServletTestExecutionListener.prepareTestInstance(ServletTestExecutionListener.java:130) ~[spring-test-6.2.2.jar:6.2.2]
	at org.springframework.test.context.TestContextManager.prepareTestInstance(TestContextManager.java:260) ~[spring-test-6.2.2.jar:6.2.2]
	at org.springframework.test.context.junit.jupiter.SpringExtension.postProcessTestInstance(SpringExtension.java:160) ~[spring-test-6.2.2.jar:6.2.2]
	at org.junit.jupiter.engine.descriptor.ClassBasedTestDescriptor.lambda$invokeTestInstancePostProcessors$11(ClassBasedTestDescriptor.java:378) ~[junit-jupiter-engine-5.11.4.jar:5.11.4]
	at org.junit.jupiter.engine.descriptor.ClassBasedTestDescriptor.executeAndMaskThrowable(ClassBasedTestDescriptor.java:383) ~[junit-jupiter-engine-5.11.4.jar:5.11.4]
	at org.junit.jupiter.engine.descriptor.ClassBasedTestDescriptor.lambda$invokeTestInstancePostProcessors$12(ClassBasedTestDescriptor.java:378) ~[junit-jupiter-engine-5.11.4.jar:5.11.4]
	at java.base/java.util.stream.ForEachOps$ForEachOp$OfRef.accept(ForEachOps.java:184) ~[na:na]
	at java.base/java.util.stream.ReferencePipeline$3$1.accept(ReferencePipeline.java:215) ~[na:na]
	at java.base/java.util.stream.ReferencePipeline$2$1.accept(ReferencePipeline.java:197) ~[na:na]
	at java.base/java.util.stream.ReferencePipeline$3$1.accept(ReferencePipeline.java:215) ~[na:na]
	at java.base/java.util.ArrayList$ArrayListSpliterator.forEachRemaining(ArrayList.java:1709) ~[na:na]
	at java.base/java.util.stream.AbstractPipeline.copyInto(AbstractPipeline.java:570) ~[na:na]
	at java.base/java.util.stream.AbstractPipeline.wrapAndCopyInto(AbstractPipeline.java:560) ~[na:na]
	at java.base/java.util.stream.ForEachOps$ForEachOp.evaluateSequential(ForEachOps.java:151) ~[na:na]
	at java.base/java.util.stream.ForEachOps$ForEachOp$OfRef.evaluateSequential(ForEachOps.java:174) ~[na:na]
	at java.base/java.util.stream.AbstractPipeline.evaluate(AbstractPipeline.java:265) ~[na:na]
	at java.base/java.util.stream.ReferencePipeline.forEach(ReferencePipeline.java:636) ~[na:na]
	at org.junit.jupiter.engine.descriptor.ClassBasedTestDescriptor.invokeTestInstancePostProcessors(ClassBasedTestDescriptor.java:377) ~[junit-jupiter-engine-5.11.4.jar:5.11.4]
	at org.junit.jupiter.engine.descriptor.ClassBasedTestDescriptor.lambda$instantiateAndPostProcessTestInstance$7(ClassBasedTestDescriptor.java:290) ~[junit-jupiter-engine-5.11.4.jar:5.11.4]
	at org.junit.platform.engine.support.hierarchical.ThrowableCollector.execute(ThrowableCollector.java:73) ~[junit-platform-engine-1.11.4.jar:1.11.4]
	at org.junit.jupiter.engine.descriptor.ClassBasedTestDescriptor.instantiateAndPostProcessTestInstance(ClassBasedTestDescriptor.java:289) ~[junit-jupiter-engine-5.11.4.jar:5.11.4]
	at org.junit.jupiter.engine.descriptor.ClassBasedTestDescriptor.lambda$testInstancesProvider$5(ClassBasedTestDescriptor.java:279) ~[junit-jupiter-engine-5.11.4.jar:5.11.4]
	at java.base/java.util.Optional.orElseGet(Optional.java:364) ~[na:na]
	at org.junit.jupiter.engine.descriptor.ClassBasedTestDescriptor.lambda$testInstancesProvider$6(ClassBasedTestDescriptor.java:278) ~[junit-jupiter-engine-5.11.4.jar:5.11.4]
	at org.junit.jupiter.engine.execution.TestInstancesProvider.getTestInstances(TestInstancesProvider.java:31) ~[junit-jupiter-engine-5.11.4.jar:5.11.4]
	at org.junit.jupiter.engine.descriptor.TestMethodTestDescriptor.lambda$prepare$1(TestMethodTestDescriptor.java:105) ~[junit-jupiter-engine-5.11.4.jar:5.11.4]
	at org.junit.platform.engine.support.hierarchical.ThrowableCollector.execute(ThrowableCollector.java:73) ~[junit-platform-engine-1.11.4.jar:1.11.4]
	at org.junit.jupiter.engine.descriptor.TestMethodTestDescriptor.prepare(TestMethodTestDescriptor.java:104) ~[junit-jupiter-engine-5.11.4.jar:5.11.4]
	at org.junit.jupiter.engine.descriptor.TestMethodTestDescriptor.prepare(TestMethodTestDescriptor.java:68) ~[junit-jupiter-engine-5.11.4.jar:5.11.4]
	at org.junit.platform.engine.support.hierarchical.NodeTestTask.lambda$prepare$2(NodeTestTask.java:128) ~[junit-platform-engine-1.11.4.jar:1.11.4]
	at org.junit.platform.engine.support.hierarchical.ThrowableCollector.execute(ThrowableCollector.java:73) ~[junit-platform-engine-1.11.4.jar:1.11.4]
	at org.junit.platform.engine.support.hierarchical.NodeTestTask.prepare(NodeTestTask.java:128) ~[junit-platform-engine-1.11.4.jar:1.11.4]
	at org.junit.platform.engine.support.hierarchical.NodeTestTask.execute(NodeTestTask.java:95) ~[junit-platform-engine-1.11.4.jar:1.11.4]
	at java.base/java.util.ArrayList.forEach(ArrayList.java:1597) ~[na:na]
	at org.junit.platform.engine.support.hierarchical.SameThreadHierarchicalTestExecutorService.invokeAll(SameThreadHierarchicalTestExecutorService.java:41) ~[junit-platform-engine-1.11.4.jar:1.11.4]
	at org.junit.platform.engine.support.hierarchical.NodeTestTask.lambda$executeRecursively$6(NodeTestTask.java:160) ~[junit-platform-engine-1.11.4.jar:1.11.4]
	at org.junit.platform.engine.support.hierarchical.ThrowableCollector.execute(ThrowableCollector.java:73) ~[junit-platform-engine-1.11.4.jar:1.11.4]
	at org.junit.platform.engine.support.hierarchical.NodeTestTask.lambda$executeRecursively$8(NodeTestTask.java:146) ~[junit-platform-engine-1.11.4.jar:1.11.4]
	at org.junit.platform.engine.support.hierarchical.Node.around(Node.java:137) ~[junit-platform-engine-1.11.4.jar:1.11.4]
	at org.junit.platform.engine.support.hierarchical.NodeTestTask.lambda$executeRecursively$9(NodeTestTask.java:144) ~[junit-platform-engine-1.11.4.jar:1.11.4]
	at org.junit.platform.engine.support.hierarchical.ThrowableCollector.execute(ThrowableCollector.java:73) ~[junit-platform-engine-1.11.4.jar:1.11.4]
	at org.junit.platform.engine.support.hierarchical.NodeTestTask.executeRecursively(NodeTestTask.java:143) ~[junit-platform-engine-1.11.4.jar:1.11.4]
	at org.junit.platform.engine.support.hierarchical.NodeTestTask.execute(NodeTestTask.java:100) ~[junit-platform-engine-1.11.4.jar:1.11.4]
	at java.base/java.util.ArrayList.forEach(ArrayList.java:1597) ~[na:na]
	at org.junit.platform.engine.support.hierarchical.SameThreadHierarchicalTestExecutorService.invokeAll(SameThreadHierarchicalTestExecutorService.java:41) ~[junit-platform-engine-1.11.4.jar:1.11.4]
	at org.junit.platform.engine.support.hierarchical.NodeTestTask.lambda$executeRecursively$6(NodeTestTask.java:160) ~[junit-platform-engine-1.11.4.jar:1.11.4]
	at org.junit.platform.engine.support.hierarchical.ThrowableCollector.execute(ThrowableCollector.java:73) ~[junit-platform-engine-1.11.4.jar:1.11.4]
	at org.junit.platform.engine.support.hierarchical.NodeTestTask.lambda$executeRecursively$8(NodeTestTask.java:146) ~[junit-platform-engine-1.11.4.jar:1.11.4]
	at org.junit.platform.engine.support.hierarchical.Node.around(Node.java:137) ~[junit-platform-engine-1.11.4.jar:1.11.4]
	at org.junit.platform.engine.support.hierarchical.NodeTestTask.lambda$executeRecursively$9(NodeTestTask.java:144) ~[junit-platform-engine-1.11.4.jar:1.11.4]
	at org.junit.platform.engine.support.hierarchical.ThrowableCollector.execute(ThrowableCollector.java:73) ~[junit-platform-engine-1.11.4.jar:1.11.4]
	at org.junit.platform.engine.support.hierarchical.NodeTestTask.executeRecursively(NodeTestTask.java:143) ~[junit-platform-engine-1.11.4.jar:1.11.4]
	at org.junit.platform.engine.support.hierarchical.NodeTestTask.execute(NodeTestTask.java:100) ~[junit-platform-engine-1.11.4.jar:1.11.4]
	at org.junit.platform.engine.support.hierarchical.SameThreadHierarchicalTestExecutorService.submit(SameThreadHierarchicalTestExecutorService.java:35) ~[junit-platform-engine-1.11.4.jar:1.11.4]
	at org.junit.platform.engine.support.hierarchical.HierarchicalTestExecutor.execute(HierarchicalTestExecutor.java:57) ~[junit-platform-engine-1.11.4.jar:1.11.4]
	at org.junit.platform.engine.support.hierarchical.HierarchicalTestEngine.execute(HierarchicalTestEngine.java:54) ~[junit-platform-engine-1.11.4.jar:1.11.4]
	at org.junit.platform.launcher.core.EngineExecutionOrchestrator.execute(EngineExecutionOrchestrator.java:198) ~[junit-platform-launcher-1.11.4.jar:1.11.4]
	at org.junit.platform.launcher.core.EngineExecutionOrchestrator.execute(EngineExecutionOrchestrator.java:169) ~[junit-platform-launcher-1.11.4.jar:1.11.4]
	at org.junit.platform.launcher.core.EngineExecutionOrchestrator.execute(EngineExecutionOrchestrator.java:93) ~[junit-platform-launcher-1.11.4.jar:1.11.4]
	at org.junit.platform.launcher.core.EngineExecutionOrchestrator.lambda$execute$0(EngineExecutionOrchestrator.java:58) ~[junit-platform-launcher-1.11.4.jar:1.11.4]
	at org.junit.platform.launcher.core.EngineExecutionOrchestrator.withInterceptedStreams(EngineExecutionOrchestrator.java:141) ~[junit-platform-launcher-1.11.4.jar:1.11.4]
	at org.junit.platform.launcher.core.EngineExecutionOrchestrator.execute(EngineExecutionOrchestrator.java:57) ~[junit-platform-launcher-1.11.4.jar:1.11.4]
	at org.junit.platform.launcher.core.DefaultLauncher.execute(DefaultLauncher.java:103) ~[junit-platform-launcher-1.11.4.jar:1.11.4]
	at org.junit.platform.launcher.core.DefaultLauncher.execute(DefaultLauncher.java:85) ~[junit-platform-launcher-1.11.4.jar:1.11.4]
	at org.junit.platform.launcher.core.DelegatingLauncher.execute(DelegatingLauncher.java:47) ~[junit-platform-launcher-1.11.4.jar:1.11.4]
	at org.apache.maven.surefire.junitplatform.LazyLauncher.execute(LazyLauncher.java:56) ~[surefire-junit-platform-3.5.2.jar:3.5.2]
	at org.apache.maven.surefire.junitplatform.JUnitPlatformProvider.execute(JUnitPlatformProvider.java:184) ~[surefire-junit-platform-3.5.2.jar:3.5.2]
	at org.apache.maven.surefire.junitplatform.JUnitPlatformProvider.invokeAllTests(JUnitPlatformProvider.java:148) ~[surefire-junit-platform-3.5.2.jar:3.5.2]
	at org.apache.maven.surefire.junitplatform.JUnitPlatformProvider.invoke(JUnitPlatformProvider.java:122) ~[surefire-junit-platform-3.5.2.jar:3.5.2]
	at org.apache.maven.surefire.booter.ForkedBooter.runSuitesInProcess(ForkedBooter.java:385) ~[surefire-booter-3.5.2.jar:3.5.2]
	at org.apache.maven.surefire.booter.ForkedBooter.execute(ForkedBooter.java:162) ~[surefire-booter-3.5.2.jar:3.5.2]
	at org.apache.maven.surefire.booter.ForkedBooter.run(ForkedBooter.java:507) ~[surefire-booter-3.5.2.jar:3.5.2]
	at org.apache.maven.surefire.booter.ForkedBooter.main(ForkedBooter.java:495) ~[surefire-booter-3.5.2.jar:3.5.2]
Caused by: com.mysql.cj.jdbc.exceptions.MysqlDataTruncation: Data truncation: Data too long for column 'authors' at row 285
	at com.mysql.cj.jdbc.exceptions.SQLExceptionsMapping.translateException(SQLExceptionsMapping.java:96) ~[mysql-connector-j-9.1.0.jar:9.1.0]
	at com.mysql.cj.jdbc.StatementImpl.executeInternal(StatementImpl.java:837) ~[mysql-connector-j-9.1.0.jar:9.1.0]
	at com.mysql.cj.jdbc.StatementImpl.execute(StatementImpl.java:685) ~[mysql-connector-j-9.1.0.jar:9.1.0]
	at com.zaxxer.hikari.pool.ProxyStatement.execute(ProxyStatement.java:94) ~[HikariCP-5.1.0.jar:na]
	at com.zaxxer.hikari.pool.HikariProxyStatement.execute(HikariProxyStatement.java) ~[HikariCP-5.1.0.jar:na]
	at org.hibernate.tool.schema.internal.exec.GenerationTargetToDatabase.accept(GenerationTargetToDatabase.java:80) ~[hibernate-core-6.6.5.Final.jar:6.6.5.Final]
	... 117 common frames omitted

2025-02-20T22:57:21.008+08:00  WARN 99541 --- [cnki_java] [           main] o.h.t.s.i.ExceptionHandlerLoggedImpl     : GenerationTarget encountered exception accepting command : Error executing DDL "alter table search_history modify column user_id bigint not null" via JDBC [Referencing column 'user_id' and referenced column 'id' in foreign key constraint 'search_history_ibfk_1' are incompatible.]

org.hibernate.tool.schema.spi.CommandAcceptanceException: Error executing DDL "alter table search_history modify column user_id bigint not null" via JDBC [Referencing column 'user_id' and referenced column 'id' in foreign key constraint 'search_history_ibfk_1' are incompatible.]
	at org.hibernate.tool.schema.internal.exec.GenerationTargetToDatabase.accept(GenerationTargetToDatabase.java:94) ~[hibernate-core-6.6.5.Final.jar:6.6.5.Final]
	at org.hibernate.tool.schema.internal.AbstractSchemaMigrator.applySqlString(AbstractSchemaMigrator.java:576) ~[hibernate-core-6.6.5.Final.jar:6.6.5.Final]
	at org.hibernate.tool.schema.internal.AbstractSchemaMigrator.applySqlStrings(AbstractSchemaMigrator.java:516) ~[hibernate-core-6.6.5.Final.jar:6.6.5.Final]
	at org.hibernate.tool.schema.internal.AbstractSchemaMigrator.migrateTable(AbstractSchemaMigrator.java:334) ~[hibernate-core-6.6.5.Final.jar:6.6.5.Final]
	at org.hibernate.tool.schema.internal.GroupedSchemaMigratorImpl.performTablesMigration(GroupedSchemaMigratorImpl.java:84) ~[hibernate-core-6.6.5.Final.jar:6.6.5.Final]
	at org.hibernate.tool.schema.internal.AbstractSchemaMigrator.performMigration(AbstractSchemaMigrator.java:233) ~[hibernate-core-6.6.5.Final.jar:6.6.5.Final]
	at org.hibernate.tool.schema.internal.AbstractSchemaMigrator.doMigration(AbstractSchemaMigrator.java:112) ~[hibernate-core-6.6.5.Final.jar:6.6.5.Final]
	at org.hibernate.tool.schema.spi.SchemaManagementToolCoordinator.performDatabaseAction(SchemaManagementToolCoordinator.java:280) ~[hibernate-core-6.6.5.Final.jar:6.6.5.Final]
	at org.hibernate.tool.schema.spi.SchemaManagementToolCoordinator.lambda$process$5(SchemaManagementToolCoordinator.java:144) ~[hibernate-core-6.6.5.Final.jar:6.6.5.Final]
	at java.base/java.util.HashMap.forEach(HashMap.java:1430) ~[na:na]
	at org.hibernate.tool.schema.spi.SchemaManagementToolCoordinator.process(SchemaManagementToolCoordinator.java:141) ~[hibernate-core-6.6.5.Final.jar:6.6.5.Final]
	at org.hibernate.boot.internal.SessionFactoryObserverForSchemaExport.sessionFactoryCreated(SessionFactoryObserverForSchemaExport.java:37) ~[hibernate-core-6.6.5.Final.jar:6.6.5.Final]
	at org.hibernate.internal.SessionFactoryObserverChain.sessionFactoryCreated(SessionFactoryObserverChain.java:35) ~[hibernate-core-6.6.5.Final.jar:6.6.5.Final]
	at org.hibernate.internal.SessionFactoryImpl.<init>(SessionFactoryImpl.java:324) ~[hibernate-core-6.6.5.Final.jar:6.6.5.Final]
	at org.hibernate.boot.internal.SessionFactoryBuilderImpl.build(SessionFactoryBuilderImpl.java:463) ~[hibernate-core-6.6.5.Final.jar:6.6.5.Final]
	at org.hibernate.jpa.boot.internal.EntityManagerFactoryBuilderImpl.build(EntityManagerFactoryBuilderImpl.java:1506) ~[hibernate-core-6.6.5.Final.jar:6.6.5.Final]
	at org.springframework.orm.jpa.vendor.SpringHibernateJpaPersistenceProvider.createContainerEntityManagerFactory(SpringHibernateJpaPersistenceProvider.java:66) ~[spring-orm-6.2.2.jar:6.2.2]
	at org.springframework.orm.jpa.LocalContainerEntityManagerFactoryBean.createNativeEntityManagerFactory(LocalContainerEntityManagerFactoryBean.java:390) ~[spring-orm-6.2.2.jar:6.2.2]
	at org.springframework.orm.jpa.AbstractEntityManagerFactoryBean.buildNativeEntityManagerFactory(AbstractEntityManagerFactoryBean.java:419) ~[spring-orm-6.2.2.jar:6.2.2]
	at org.springframework.orm.jpa.AbstractEntityManagerFactoryBean.afterPropertiesSet(AbstractEntityManagerFactoryBean.java:400) ~[spring-orm-6.2.2.jar:6.2.2]
	at org.springframework.orm.jpa.LocalContainerEntityManagerFactoryBean.afterPropertiesSet(LocalContainerEntityManagerFactoryBean.java:366) ~[spring-orm-6.2.2.jar:6.2.2]
	at org.springframework.beans.factory.support.AbstractAutowireCapableBeanFactory.invokeInitMethods(AbstractAutowireCapableBeanFactory.java:1859) ~[spring-beans-6.2.2.jar:6.2.2]
	at org.springframework.beans.factory.support.AbstractAutowireCapableBeanFactory.initializeBean(AbstractAutowireCapableBeanFactory.java:1808) ~[spring-beans-6.2.2.jar:6.2.2]
	at org.springframework.beans.factory.support.AbstractAutowireCapableBeanFactory.doCreateBean(AbstractAutowireCapableBeanFactory.java:601) ~[spring-beans-6.2.2.jar:6.2.2]
	at org.springframework.beans.factory.support.AbstractAutowireCapableBeanFactory.createBean(AbstractAutowireCapableBeanFactory.java:523) ~[spring-beans-6.2.2.jar:6.2.2]
	at org.springframework.beans.factory.support.AbstractBeanFactory.lambda$doGetBean$0(AbstractBeanFactory.java:336) ~[spring-beans-6.2.2.jar:6.2.2]
	at org.springframework.beans.factory.support.DefaultSingletonBeanRegistry.getSingleton(DefaultSingletonBeanRegistry.java:307) ~[spring-beans-6.2.2.jar:6.2.2]
	at org.springframework.beans.factory.support.AbstractBeanFactory.doGetBean(AbstractBeanFactory.java:334) ~[spring-beans-6.2.2.jar:6.2.2]
	at org.springframework.beans.factory.support.AbstractBeanFactory.getBean(AbstractBeanFactory.java:204) ~[spring-beans-6.2.2.jar:6.2.2]
	at org.springframework.context.support.AbstractApplicationContext.finishBeanFactoryInitialization(AbstractApplicationContext.java:970) ~[spring-context-6.2.2.jar:6.2.2]
	at org.springframework.context.support.AbstractApplicationContext.refresh(AbstractApplicationContext.java:627) ~[spring-context-6.2.2.jar:6.2.2]
	at org.springframework.boot.SpringApplication.refresh(SpringApplication.java:752) ~[spring-boot-3.4.2.jar:3.4.2]
	at org.springframework.boot.SpringApplication.refreshContext(SpringApplication.java:439) ~[spring-boot-3.4.2.jar:3.4.2]
	at org.springframework.boot.SpringApplication.run(SpringApplication.java:318) ~[spring-boot-3.4.2.jar:3.4.2]
	at org.springframework.boot.test.context.SpringBootContextLoader.lambda$loadContext$3(SpringBootContextLoader.java:137) ~[spring-boot-test-3.4.2.jar:3.4.2]
	at org.springframework.util.function.ThrowingSupplier.get(ThrowingSupplier.java:58) ~[spring-core-6.2.2.jar:6.2.2]
	at org.springframework.util.function.ThrowingSupplier.get(ThrowingSupplier.java:46) ~[spring-core-6.2.2.jar:6.2.2]
	at org.springframework.boot.SpringApplication.withHook(SpringApplication.java:1461) ~[spring-boot-3.4.2.jar:3.4.2]
	at org.springframework.boot.test.context.SpringBootContextLoader$ContextLoaderHook.run(SpringBootContextLoader.java:553) ~[spring-boot-test-3.4.2.jar:3.4.2]
	at org.springframework.boot.test.context.SpringBootContextLoader.loadContext(SpringBootContextLoader.java:137) ~[spring-boot-test-3.4.2.jar:3.4.2]
	at org.springframework.boot.test.context.SpringBootContextLoader.loadContext(SpringBootContextLoader.java:108) ~[spring-boot-test-3.4.2.jar:3.4.2]
	at org.springframework.test.context.cache.DefaultCacheAwareContextLoaderDelegate.loadContextInternal(DefaultCacheAwareContextLoaderDelegate.java:225) ~[spring-test-6.2.2.jar:6.2.2]
	at org.springframework.test.context.cache.DefaultCacheAwareContextLoaderDelegate.loadContext(DefaultCacheAwareContextLoaderDelegate.java:152) ~[spring-test-6.2.2.jar:6.2.2]
	at org.springframework.test.context.support.DefaultTestContext.getApplicationContext(DefaultTestContext.java:130) ~[spring-test-6.2.2.jar:6.2.2]
	at org.springframework.test.context.web.ServletTestExecutionListener.setUpRequestContextIfNecessary(ServletTestExecutionListener.java:191) ~[spring-test-6.2.2.jar:6.2.2]
	at org.springframework.test.context.web.ServletTestExecutionListener.prepareTestInstance(ServletTestExecutionListener.java:130) ~[spring-test-6.2.2.jar:6.2.2]
	at org.springframework.test.context.TestContextManager.prepareTestInstance(TestContextManager.java:260) ~[spring-test-6.2.2.jar:6.2.2]
	at org.springframework.test.context.junit.jupiter.SpringExtension.postProcessTestInstance(SpringExtension.java:160) ~[spring-test-6.2.2.jar:6.2.2]
	at org.junit.jupiter.engine.descriptor.ClassBasedTestDescriptor.lambda$invokeTestInstancePostProcessors$11(ClassBasedTestDescriptor.java:378) ~[junit-jupiter-engine-5.11.4.jar:5.11.4]
	at org.junit.jupiter.engine.descriptor.ClassBasedTestDescriptor.executeAndMaskThrowable(ClassBasedTestDescriptor.java:383) ~[junit-jupiter-engine-5.11.4.jar:5.11.4]
	at org.junit.jupiter.engine.descriptor.ClassBasedTestDescriptor.lambda$invokeTestInstancePostProcessors$12(ClassBasedTestDescriptor.java:378) ~[junit-jupiter-engine-5.11.4.jar:5.11.4]
	at java.base/java.util.stream.ForEachOps$ForEachOp$OfRef.accept(ForEachOps.java:184) ~[na:na]
	at java.base/java.util.stream.ReferencePipeline$3$1.accept(ReferencePipeline.java:215) ~[na:na]
	at java.base/java.util.stream.ReferencePipeline$2$1.accept(ReferencePipeline.java:197) ~[na:na]
	at java.base/java.util.stream.ReferencePipeline$3$1.accept(ReferencePipeline.java:215) ~[na:na]
	at java.base/java.util.ArrayList$ArrayListSpliterator.forEachRemaining(ArrayList.java:1709) ~[na:na]
	at java.base/java.util.stream.AbstractPipeline.copyInto(AbstractPipeline.java:570) ~[na:na]
	at java.base/java.util.stream.AbstractPipeline.wrapAndCopyInto(AbstractPipeline.java:560) ~[na:na]
	at java.base/java.util.stream.ForEachOps$ForEachOp.evaluateSequential(ForEachOps.java:151) ~[na:na]
	at java.base/java.util.stream.ForEachOps$ForEachOp$OfRef.evaluateSequential(ForEachOps.java:174) ~[na:na]
	at java.base/java.util.stream.AbstractPipeline.evaluate(AbstractPipeline.java:265) ~[na:na]
	at java.base/java.util.stream.ReferencePipeline.forEach(ReferencePipeline.java:636) ~[na:na]
	at org.junit.jupiter.engine.descriptor.ClassBasedTestDescriptor.invokeTestInstancePostProcessors(ClassBasedTestDescriptor.java:377) ~[junit-jupiter-engine-5.11.4.jar:5.11.4]
	at org.junit.jupiter.engine.descriptor.ClassBasedTestDescriptor.lambda$instantiateAndPostProcessTestInstance$7(ClassBasedTestDescriptor.java:290) ~[junit-jupiter-engine-5.11.4.jar:5.11.4]
	at org.junit.platform.engine.support.hierarchical.ThrowableCollector.execute(ThrowableCollector.java:73) ~[junit-platform-engine-1.11.4.jar:1.11.4]
	at org.junit.jupiter.engine.descriptor.ClassBasedTestDescriptor.instantiateAndPostProcessTestInstance(ClassBasedTestDescriptor.java:289) ~[junit-jupiter-engine-5.11.4.jar:5.11.4]
	at org.junit.jupiter.engine.descriptor.ClassBasedTestDescriptor.lambda$testInstancesProvider$5(ClassBasedTestDescriptor.java:279) ~[junit-jupiter-engine-5.11.4.jar:5.11.4]
	at java.base/java.util.Optional.orElseGet(Optional.java:364) ~[na:na]
	at org.junit.jupiter.engine.descriptor.ClassBasedTestDescriptor.lambda$testInstancesProvider$6(ClassBasedTestDescriptor.java:278) ~[junit-jupiter-engine-5.11.4.jar:5.11.4]
	at org.junit.jupiter.engine.execution.TestInstancesProvider.getTestInstances(TestInstancesProvider.java:31) ~[junit-jupiter-engine-5.11.4.jar:5.11.4]
	at org.junit.jupiter.engine.descriptor.TestMethodTestDescriptor.lambda$prepare$1(TestMethodTestDescriptor.java:105) ~[junit-jupiter-engine-5.11.4.jar:5.11.4]
	at org.junit.platform.engine.support.hierarchical.ThrowableCollector.execute(ThrowableCollector.java:73) ~[junit-platform-engine-1.11.4.jar:1.11.4]
	at org.junit.jupiter.engine.descriptor.TestMethodTestDescriptor.prepare(TestMethodTestDescriptor.java:104) ~[junit-jupiter-engine-5.11.4.jar:5.11.4]
	at org.junit.jupiter.engine.descriptor.TestMethodTestDescriptor.prepare(TestMethodTestDescriptor.java:68) ~[junit-jupiter-engine-5.11.4.jar:5.11.4]
	at org.junit.platform.engine.support.hierarchical.NodeTestTask.lambda$prepare$2(NodeTestTask.java:128) ~[junit-platform-engine-1.11.4.jar:1.11.4]
	at org.junit.platform.engine.support.hierarchical.ThrowableCollector.execute(ThrowableCollector.java:73) ~[junit-platform-engine-1.11.4.jar:1.11.4]
	at org.junit.platform.engine.support.hierarchical.NodeTestTask.prepare(NodeTestTask.java:128) ~[junit-platform-engine-1.11.4.jar:1.11.4]
	at org.junit.platform.engine.support.hierarchical.NodeTestTask.execute(NodeTestTask.java:95) ~[junit-platform-engine-1.11.4.jar:1.11.4]
	at java.base/java.util.ArrayList.forEach(ArrayList.java:1597) ~[na:na]
	at org.junit.platform.engine.support.hierarchical.SameThreadHierarchicalTestExecutorService.invokeAll(SameThreadHierarchicalTestExecutorService.java:41) ~[junit-platform-engine-1.11.4.jar:1.11.4]
	at org.junit.platform.engine.support.hierarchical.NodeTestTask.lambda$executeRecursively$6(NodeTestTask.java:160) ~[junit-platform-engine-1.11.4.jar:1.11.4]
	at org.junit.platform.engine.support.hierarchical.ThrowableCollector.execute(ThrowableCollector.java:73) ~[junit-platform-engine-1.11.4.jar:1.11.4]
	at org.junit.platform.engine.support.hierarchical.NodeTestTask.lambda$executeRecursively$8(NodeTestTask.java:146) ~[junit-platform-engine-1.11.4.jar:1.11.4]
	at org.junit.platform.engine.support.hierarchical.Node.around(Node.java:137) ~[junit-platform-engine-1.11.4.jar:1.11.4]
	at org.junit.platform.engine.support.hierarchical.NodeTestTask.lambda$executeRecursively$9(NodeTestTask.java:144) ~[junit-platform-engine-1.11.4.jar:1.11.4]
	at org.junit.platform.engine.support.hierarchical.ThrowableCollector.execute(ThrowableCollector.java:73) ~[junit-platform-engine-1.11.4.jar:1.11.4]
	at org.junit.platform.engine.support.hierarchical.NodeTestTask.executeRecursively(NodeTestTask.java:143) ~[junit-platform-engine-1.11.4.jar:1.11.4]
	at org.junit.platform.engine.support.hierarchical.NodeTestTask.execute(NodeTestTask.java:100) ~[junit-platform-engine-1.11.4.jar:1.11.4]
	at java.base/java.util.ArrayList.forEach(ArrayList.java:1597) ~[na:na]
	at org.junit.platform.engine.support.hierarchical.SameThreadHierarchicalTestExecutorService.invokeAll(SameThreadHierarchicalTestExecutorService.java:41) ~[junit-platform-engine-1.11.4.jar:1.11.4]
	at org.junit.platform.engine.support.hierarchical.NodeTestTask.lambda$executeRecursively$6(NodeTestTask.java:160) ~[junit-platform-engine-1.11.4.jar:1.11.4]
	at org.junit.platform.engine.support.hierarchical.ThrowableCollector.execute(ThrowableCollector.java:73) ~[junit-platform-engine-1.11.4.jar:1.11.4]
	at org.junit.platform.engine.support.hierarchical.NodeTestTask.lambda$executeRecursively$8(NodeTestTask.java:146) ~[junit-platform-engine-1.11.4.jar:1.11.4]
	at org.junit.platform.engine.support.hierarchical.Node.around(Node.java:137) ~[junit-platform-engine-1.11.4.jar:1.11.4]
	at org.junit.platform.engine.support.hierarchical.NodeTestTask.lambda$executeRecursively$9(NodeTestTask.java:144) ~[junit-platform-engine-1.11.4.jar:1.11.4]
	at org.junit.platform.engine.support.hierarchical.ThrowableCollector.execute(ThrowableCollector.java:73) ~[junit-platform-engine-1.11.4.jar:1.11.4]
	at org.junit.platform.engine.support.hierarchical.NodeTestTask.executeRecursively(NodeTestTask.java:143) ~[junit-platform-engine-1.11.4.jar:1.11.4]
	at org.junit.platform.engine.support.hierarchical.NodeTestTask.execute(NodeTestTask.java:100) ~[junit-platform-engine-1.11.4.jar:1.11.4]
	at org.junit.platform.engine.support.hierarchical.SameThreadHierarchicalTestExecutorService.submit(SameThreadHierarchicalTestExecutorService.java:35) ~[junit-platform-engine-1.11.4.jar:1.11.4]
	at org.junit.platform.engine.support.hierarchical.HierarchicalTestExecutor.execute(HierarchicalTestExecutor.java:57) ~[junit-platform-engine-1.11.4.jar:1.11.4]
	at org.junit.platform.engine.support.hierarchical.HierarchicalTestEngine.execute(HierarchicalTestEngine.java:54) ~[junit-platform-engine-1.11.4.jar:1.11.4]
	at org.junit.platform.launcher.core.EngineExecutionOrchestrator.execute(EngineExecutionOrchestrator.java:198) ~[junit-platform-launcher-1.11.4.jar:1.11.4]
	at org.junit.platform.launcher.core.EngineExecutionOrchestrator.execute(EngineExecutionOrchestrator.java:169) ~[junit-platform-launcher-1.11.4.jar:1.11.4]
	at org.junit.platform.launcher.core.EngineExecutionOrchestrator.execute(EngineExecutionOrchestrator.java:93) ~[junit-platform-launcher-1.11.4.jar:1.11.4]
	at org.junit.platform.launcher.core.EngineExecutionOrchestrator.lambda$execute$0(EngineExecutionOrchestrator.java:58) ~[junit-platform-launcher-1.11.4.jar:1.11.4]
	at org.junit.platform.launcher.core.EngineExecutionOrchestrator.withInterceptedStreams(EngineExecutionOrchestrator.java:141) ~[junit-platform-launcher-1.11.4.jar:1.11.4]
	at org.junit.platform.launcher.core.EngineExecutionOrchestrator.execute(EngineExecutionOrchestrator.java:57) ~[junit-platform-launcher-1.11.4.jar:1.11.4]
	at org.junit.platform.launcher.core.DefaultLauncher.execute(DefaultLauncher.java:103) ~[junit-platform-launcher-1.11.4.jar:1.11.4]
	at org.junit.platform.launcher.core.DefaultLauncher.execute(DefaultLauncher.java:85) ~[junit-platform-launcher-1.11.4.jar:1.11.4]
	at org.junit.platform.launcher.core.DelegatingLauncher.execute(DelegatingLauncher.java:47) ~[junit-platform-launcher-1.11.4.jar:1.11.4]
	at org.apache.maven.surefire.junitplatform.LazyLauncher.execute(LazyLauncher.java:56) ~[surefire-junit-platform-3.5.2.jar:3.5.2]
	at org.apache.maven.surefire.junitplatform.JUnitPlatformProvider.execute(JUnitPlatformProvider.java:184) ~[surefire-junit-platform-3.5.2.jar:3.5.2]
	at org.apache.maven.surefire.junitplatform.JUnitPlatformProvider.invokeAllTests(JUnitPlatformProvider.java:148) ~[surefire-junit-platform-3.5.2.jar:3.5.2]
	at org.apache.maven.surefire.junitplatform.JUnitPlatformProvider.invoke(JUnitPlatformProvider.java:122) ~[surefire-junit-platform-3.5.2.jar:3.5.2]
	at org.apache.maven.surefire.booter.ForkedBooter.runSuitesInProcess(ForkedBooter.java:385) ~[surefire-booter-3.5.2.jar:3.5.2]
	at org.apache.maven.surefire.booter.ForkedBooter.execute(ForkedBooter.java:162) ~[surefire-booter-3.5.2.jar:3.5.2]
	at org.apache.maven.surefire.booter.ForkedBooter.run(ForkedBooter.java:507) ~[surefire-booter-3.5.2.jar:3.5.2]
	at org.apache.maven.surefire.booter.ForkedBooter.main(ForkedBooter.java:495) ~[surefire-booter-3.5.2.jar:3.5.2]
Caused by: java.sql.SQLException: Referencing column 'user_id' and referenced column 'id' in foreign key constraint 'search_history_ibfk_1' are incompatible.
	at com.mysql.cj.jdbc.exceptions.SQLError.createSQLException(SQLError.java:121) ~[mysql-connector-j-9.1.0.jar:9.1.0]
	at com.mysql.cj.jdbc.exceptions.SQLExceptionsMapping.translateException(SQLExceptionsMapping.java:114) ~[mysql-connector-j-9.1.0.jar:9.1.0]
	at com.mysql.cj.jdbc.StatementImpl.executeInternal(StatementImpl.java:837) ~[mysql-connector-j-9.1.0.jar:9.1.0]
	at com.mysql.cj.jdbc.StatementImpl.execute(StatementImpl.java:685) ~[mysql-connector-j-9.1.0.jar:9.1.0]
	at com.zaxxer.hikari.pool.ProxyStatement.execute(ProxyStatement.java:94) ~[HikariCP-5.1.0.jar:na]
	at com.zaxxer.hikari.pool.HikariProxyStatement.execute(HikariProxyStatement.java) ~[HikariCP-5.1.0.jar:na]
	at org.hibernate.tool.schema.internal.exec.GenerationTargetToDatabase.accept(GenerationTargetToDatabase.java:80) ~[hibernate-core-6.6.5.Final.jar:6.6.5.Final]
	... 117 common frames omitted

2025-02-20T22:57:21.029+08:00  WARN 99541 --- [cnki_java] [           main] o.h.t.s.i.ExceptionHandlerLoggedImpl     : GenerationTarget encountered exception accepting command : Error executing DDL "alter table users modify column id bigint not null auto_increment" via JDBC [Referencing column 'user_id' and referenced column 'id' in foreign key constraint 'search_history_ibfk_1' are incompatible.]

org.hibernate.tool.schema.spi.CommandAcceptanceException: Error executing DDL "alter table users modify column id bigint not null auto_increment" via JDBC [Referencing column 'user_id' and referenced column 'id' in foreign key constraint 'search_history_ibfk_1' are incompatible.]
	at org.hibernate.tool.schema.internal.exec.GenerationTargetToDatabase.accept(GenerationTargetToDatabase.java:94) ~[hibernate-core-6.6.5.Final.jar:6.6.5.Final]
	at org.hibernate.tool.schema.internal.AbstractSchemaMigrator.applySqlString(AbstractSchemaMigrator.java:576) ~[hibernate-core-6.6.5.Final.jar:6.6.5.Final]
	at org.hibernate.tool.schema.internal.AbstractSchemaMigrator.applySqlStrings(AbstractSchemaMigrator.java:516) ~[hibernate-core-6.6.5.Final.jar:6.6.5.Final]
	at org.hibernate.tool.schema.internal.AbstractSchemaMigrator.migrateTable(AbstractSchemaMigrator.java:334) ~[hibernate-core-6.6.5.Final.jar:6.6.5.Final]
	at org.hibernate.tool.schema.internal.GroupedSchemaMigratorImpl.performTablesMigration(GroupedSchemaMigratorImpl.java:84) ~[hibernate-core-6.6.5.Final.jar:6.6.5.Final]
	at org.hibernate.tool.schema.internal.AbstractSchemaMigrator.performMigration(AbstractSchemaMigrator.java:233) ~[hibernate-core-6.6.5.Final.jar:6.6.5.Final]
	at org.hibernate.tool.schema.internal.AbstractSchemaMigrator.doMigration(AbstractSchemaMigrator.java:112) ~[hibernate-core-6.6.5.Final.jar:6.6.5.Final]
	at org.hibernate.tool.schema.spi.SchemaManagementToolCoordinator.performDatabaseAction(SchemaManagementToolCoordinator.java:280) ~[hibernate-core-6.6.5.Final.jar:6.6.5.Final]
	at org.hibernate.tool.schema.spi.SchemaManagementToolCoordinator.lambda$process$5(SchemaManagementToolCoordinator.java:144) ~[hibernate-core-6.6.5.Final.jar:6.6.5.Final]
	at java.base/java.util.HashMap.forEach(HashMap.java:1430) ~[na:na]
	at org.hibernate.tool.schema.spi.SchemaManagementToolCoordinator.process(SchemaManagementToolCoordinator.java:141) ~[hibernate-core-6.6.5.Final.jar:6.6.5.Final]
	at org.hibernate.boot.internal.SessionFactoryObserverForSchemaExport.sessionFactoryCreated(SessionFactoryObserverForSchemaExport.java:37) ~[hibernate-core-6.6.5.Final.jar:6.6.5.Final]
	at org.hibernate.internal.SessionFactoryObserverChain.sessionFactoryCreated(SessionFactoryObserverChain.java:35) ~[hibernate-core-6.6.5.Final.jar:6.6.5.Final]
	at org.hibernate.internal.SessionFactoryImpl.<init>(SessionFactoryImpl.java:324) ~[hibernate-core-6.6.5.Final.jar:6.6.5.Final]
	at org.hibernate.boot.internal.SessionFactoryBuilderImpl.build(SessionFactoryBuilderImpl.java:463) ~[hibernate-core-6.6.5.Final.jar:6.6.5.Final]
	at org.hibernate.jpa.boot.internal.EntityManagerFactoryBuilderImpl.build(EntityManagerFactoryBuilderImpl.java:1506) ~[hibernate-core-6.6.5.Final.jar:6.6.5.Final]
	at org.springframework.orm.jpa.vendor.SpringHibernateJpaPersistenceProvider.createContainerEntityManagerFactory(SpringHibernateJpaPersistenceProvider.java:66) ~[spring-orm-6.2.2.jar:6.2.2]
	at org.springframework.orm.jpa.LocalContainerEntityManagerFactoryBean.createNativeEntityManagerFactory(LocalContainerEntityManagerFactoryBean.java:390) ~[spring-orm-6.2.2.jar:6.2.2]
	at org.springframework.orm.jpa.AbstractEntityManagerFactoryBean.buildNativeEntityManagerFactory(AbstractEntityManagerFactoryBean.java:419) ~[spring-orm-6.2.2.jar:6.2.2]
	at org.springframework.orm.jpa.AbstractEntityManagerFactoryBean.afterPropertiesSet(AbstractEntityManagerFactoryBean.java:400) ~[spring-orm-6.2.2.jar:6.2.2]
	at org.springframework.orm.jpa.LocalContainerEntityManagerFactoryBean.afterPropertiesSet(LocalContainerEntityManagerFactoryBean.java:366) ~[spring-orm-6.2.2.jar:6.2.2]
	at org.springframework.beans.factory.support.AbstractAutowireCapableBeanFactory.invokeInitMethods(AbstractAutowireCapableBeanFactory.java:1859) ~[spring-beans-6.2.2.jar:6.2.2]
	at org.springframework.beans.factory.support.AbstractAutowireCapableBeanFactory.initializeBean(AbstractAutowireCapableBeanFactory.java:1808) ~[spring-beans-6.2.2.jar:6.2.2]
	at org.springframework.beans.factory.support.AbstractAutowireCapableBeanFactory.doCreateBean(AbstractAutowireCapableBeanFactory.java:601) ~[spring-beans-6.2.2.jar:6.2.2]
	at org.springframework.beans.factory.support.AbstractAutowireCapableBeanFactory.createBean(AbstractAutowireCapableBeanFactory.java:523) ~[spring-beans-6.2.2.jar:6.2.2]
	at org.springframework.beans.factory.support.AbstractBeanFactory.lambda$doGetBean$0(AbstractBeanFactory.java:336) ~[spring-beans-6.2.2.jar:6.2.2]
	at org.springframework.beans.factory.support.DefaultSingletonBeanRegistry.getSingleton(DefaultSingletonBeanRegistry.java:307) ~[spring-beans-6.2.2.jar:6.2.2]
	at org.springframework.beans.factory.support.AbstractBeanFactory.doGetBean(AbstractBeanFactory.java:334) ~[spring-beans-6.2.2.jar:6.2.2]
	at org.springframework.beans.factory.support.AbstractBeanFactory.getBean(AbstractBeanFactory.java:204) ~[spring-beans-6.2.2.jar:6.2.2]
	at org.springframework.context.support.AbstractApplicationContext.finishBeanFactoryInitialization(AbstractApplicationContext.java:970) ~[spring-context-6.2.2.jar:6.2.2]
	at org.springframework.context.support.AbstractApplicationContext.refresh(AbstractApplicationContext.java:627) ~[spring-context-6.2.2.jar:6.2.2]
	at org.springframework.boot.SpringApplication.refresh(SpringApplication.java:752) ~[spring-boot-3.4.2.jar:3.4.2]
	at org.springframework.boot.SpringApplication.refreshContext(SpringApplication.java:439) ~[spring-boot-3.4.2.jar:3.4.2]
	at org.springframework.boot.SpringApplication.run(SpringApplication.java:318) ~[spring-boot-3.4.2.jar:3.4.2]
	at org.springframework.boot.test.context.SpringBootContextLoader.lambda$loadContext$3(SpringBootContextLoader.java:137) ~[spring-boot-test-3.4.2.jar:3.4.2]
	at org.springframework.util.function.ThrowingSupplier.get(ThrowingSupplier.java:58) ~[spring-core-6.2.2.jar:6.2.2]
	at org.springframework.util.function.ThrowingSupplier.get(ThrowingSupplier.java:46) ~[spring-core-6.2.2.jar:6.2.2]
	at org.springframework.boot.SpringApplication.withHook(SpringApplication.java:1461) ~[spring-boot-3.4.2.jar:3.4.2]
	at org.springframework.boot.test.context.SpringBootContextLoader$ContextLoaderHook.run(SpringBootContextLoader.java:553) ~[spring-boot-test-3.4.2.jar:3.4.2]
	at org.springframework.boot.test.context.SpringBootContextLoader.loadContext(SpringBootContextLoader.java:137) ~[spring-boot-test-3.4.2.jar:3.4.2]
	at org.springframework.boot.test.context.SpringBootContextLoader.loadContext(SpringBootContextLoader.java:108) ~[spring-boot-test-3.4.2.jar:3.4.2]
	at org.springframework.test.context.cache.DefaultCacheAwareContextLoaderDelegate.loadContextInternal(DefaultCacheAwareContextLoaderDelegate.java:225) ~[spring-test-6.2.2.jar:6.2.2]
	at org.springframework.test.context.cache.DefaultCacheAwareContextLoaderDelegate.loadContext(DefaultCacheAwareContextLoaderDelegate.java:152) ~[spring-test-6.2.2.jar:6.2.2]
	at org.springframework.test.context.support.DefaultTestContext.getApplicationContext(DefaultTestContext.java:130) ~[spring-test-6.2.2.jar:6.2.2]
	at org.springframework.test.context.web.ServletTestExecutionListener.setUpRequestContextIfNecessary(ServletTestExecutionListener.java:191) ~[spring-test-6.2.2.jar:6.2.2]
	at org.springframework.test.context.web.ServletTestExecutionListener.prepareTestInstance(ServletTestExecutionListener.java:130) ~[spring-test-6.2.2.jar:6.2.2]
	at org.springframework.test.context.TestContextManager.prepareTestInstance(TestContextManager.java:260) ~[spring-test-6.2.2.jar:6.2.2]
	at org.springframework.test.context.junit.jupiter.SpringExtension.postProcessTestInstance(SpringExtension.java:160) ~[spring-test-6.2.2.jar:6.2.2]
	at org.junit.jupiter.engine.descriptor.ClassBasedTestDescriptor.lambda$invokeTestInstancePostProcessors$11(ClassBasedTestDescriptor.java:378) ~[junit-jupiter-engine-5.11.4.jar:5.11.4]
	at org.junit.jupiter.engine.descriptor.ClassBasedTestDescriptor.executeAndMaskThrowable(ClassBasedTestDescriptor.java:383) ~[junit-jupiter-engine-5.11.4.jar:5.11.4]
	at org.junit.jupiter.engine.descriptor.ClassBasedTestDescriptor.lambda$invokeTestInstancePostProcessors$12(ClassBasedTestDescriptor.java:378) ~[junit-jupiter-engine-5.11.4.jar:5.11.4]
	at java.base/java.util.stream.ForEachOps$ForEachOp$OfRef.accept(ForEachOps.java:184) ~[na:na]
	at java.base/java.util.stream.ReferencePipeline$3$1.accept(ReferencePipeline.java:215) ~[na:na]
	at java.base/java.util.stream.ReferencePipeline$2$1.accept(ReferencePipeline.java:197) ~[na:na]
	at java.base/java.util.stream.ReferencePipeline$3$1.accept(ReferencePipeline.java:215) ~[na:na]
	at java.base/java.util.ArrayList$ArrayListSpliterator.forEachRemaining(ArrayList.java:1709) ~[na:na]
	at java.base/java.util.stream.AbstractPipeline.copyInto(AbstractPipeline.java:570) ~[na:na]
	at java.base/java.util.stream.AbstractPipeline.wrapAndCopyInto(AbstractPipeline.java:560) ~[na:na]
	at java.base/java.util.stream.ForEachOps$ForEachOp.evaluateSequential(ForEachOps.java:151) ~[na:na]
	at java.base/java.util.stream.ForEachOps$ForEachOp$OfRef.evaluateSequential(ForEachOps.java:174) ~[na:na]
	at java.base/java.util.stream.AbstractPipeline.evaluate(AbstractPipeline.java:265) ~[na:na]
	at java.base/java.util.stream.ReferencePipeline.forEach(ReferencePipeline.java:636) ~[na:na]
	at org.junit.jupiter.engine.descriptor.ClassBasedTestDescriptor.invokeTestInstancePostProcessors(ClassBasedTestDescriptor.java:377) ~[junit-jupiter-engine-5.11.4.jar:5.11.4]
	at org.junit.jupiter.engine.descriptor.ClassBasedTestDescriptor.lambda$instantiateAndPostProcessTestInstance$7(ClassBasedTestDescriptor.java:290) ~[junit-jupiter-engine-5.11.4.jar:5.11.4]
	at org.junit.platform.engine.support.hierarchical.ThrowableCollector.execute(ThrowableCollector.java:73) ~[junit-platform-engine-1.11.4.jar:1.11.4]
	at org.junit.jupiter.engine.descriptor.ClassBasedTestDescriptor.instantiateAndPostProcessTestInstance(ClassBasedTestDescriptor.java:289) ~[junit-jupiter-engine-5.11.4.jar:5.11.4]
	at org.junit.jupiter.engine.descriptor.ClassBasedTestDescriptor.lambda$testInstancesProvider$5(ClassBasedTestDescriptor.java:279) ~[junit-jupiter-engine-5.11.4.jar:5.11.4]
	at java.base/java.util.Optional.orElseGet(Optional.java:364) ~[na:na]
	at org.junit.jupiter.engine.descriptor.ClassBasedTestDescriptor.lambda$testInstancesProvider$6(ClassBasedTestDescriptor.java:278) ~[junit-jupiter-engine-5.11.4.jar:5.11.4]
	at org.junit.jupiter.engine.execution.TestInstancesProvider.getTestInstances(TestInstancesProvider.java:31) ~[junit-jupiter-engine-5.11.4.jar:5.11.4]
	at org.junit.jupiter.engine.descriptor.TestMethodTestDescriptor.lambda$prepare$1(TestMethodTestDescriptor.java:105) ~[junit-jupiter-engine-5.11.4.jar:5.11.4]
	at org.junit.platform.engine.support.hierarchical.ThrowableCollector.execute(ThrowableCollector.java:73) ~[junit-platform-engine-1.11.4.jar:1.11.4]
	at org.junit.jupiter.engine.descriptor.TestMethodTestDescriptor.prepare(TestMethodTestDescriptor.java:104) ~[junit-jupiter-engine-5.11.4.jar:5.11.4]
	at org.junit.jupiter.engine.descriptor.TestMethodTestDescriptor.prepare(TestMethodTestDescriptor.java:68) ~[junit-jupiter-engine-5.11.4.jar:5.11.4]
	at org.junit.platform.engine.support.hierarchical.NodeTestTask.lambda$prepare$2(NodeTestTask.java:128) ~[junit-platform-engine-1.11.4.jar:1.11.4]
	at org.junit.platform.engine.support.hierarchical.ThrowableCollector.execute(ThrowableCollector.java:73) ~[junit-platform-engine-1.11.4.jar:1.11.4]
	at org.junit.platform.engine.support.hierarchical.NodeTestTask.prepare(NodeTestTask.java:128) ~[junit-platform-engine-1.11.4.jar:1.11.4]
	at org.junit.platform.engine.support.hierarchical.NodeTestTask.execute(NodeTestTask.java:95) ~[junit-platform-engine-1.11.4.jar:1.11.4]
	at java.base/java.util.ArrayList.forEach(ArrayList.java:1597) ~[na:na]
	at org.junit.platform.engine.support.hierarchical.SameThreadHierarchicalTestExecutorService.invokeAll(SameThreadHierarchicalTestExecutorService.java:41) ~[junit-platform-engine-1.11.4.jar:1.11.4]
	at org.junit.platform.engine.support.hierarchical.NodeTestTask.lambda$executeRecursively$6(NodeTestTask.java:160) ~[junit-platform-engine-1.11.4.jar:1.11.4]
	at org.junit.platform.engine.support.hierarchical.ThrowableCollector.execute(ThrowableCollector.java:73) ~[junit-platform-engine-1.11.4.jar:1.11.4]
	at org.junit.platform.engine.support.hierarchical.NodeTestTask.lambda$executeRecursively$8(NodeTestTask.java:146) ~[junit-platform-engine-1.11.4.jar:1.11.4]
	at org.junit.platform.engine.support.hierarchical.Node.around(Node.java:137) ~[junit-platform-engine-1.11.4.jar:1.11.4]
	at org.junit.platform.engine.support.hierarchical.NodeTestTask.lambda$executeRecursively$9(NodeTestTask.java:144) ~[junit-platform-engine-1.11.4.jar:1.11.4]
	at org.junit.platform.engine.support.hierarchical.ThrowableCollector.execute(ThrowableCollector.java:73) ~[junit-platform-engine-1.11.4.jar:1.11.4]
	at org.junit.platform.engine.support.hierarchical.NodeTestTask.executeRecursively(NodeTestTask.java:143) ~[junit-platform-engine-1.11.4.jar:1.11.4]
	at org.junit.platform.engine.support.hierarchical.NodeTestTask.execute(NodeTestTask.java:100) ~[junit-platform-engine-1.11.4.jar:1.11.4]
	at java.base/java.util.ArrayList.forEach(ArrayList.java:1597) ~[na:na]
	at org.junit.platform.engine.support.hierarchical.SameThreadHierarchicalTestExecutorService.invokeAll(SameThreadHierarchicalTestExecutorService.java:41) ~[junit-platform-engine-1.11.4.jar:1.11.4]
	at org.junit.platform.engine.support.hierarchical.NodeTestTask.lambda$executeRecursively$6(NodeTestTask.java:160) ~[junit-platform-engine-1.11.4.jar:1.11.4]
	at org.junit.platform.engine.support.hierarchical.ThrowableCollector.execute(ThrowableCollector.java:73) ~[junit-platform-engine-1.11.4.jar:1.11.4]
	at org.junit.platform.engine.support.hierarchical.NodeTestTask.lambda$executeRecursively$8(NodeTestTask.java:146) ~[junit-platform-engine-1.11.4.jar:1.11.4]
	at org.junit.platform.engine.support.hierarchical.Node.around(Node.java:137) ~[junit-platform-engine-1.11.4.jar:1.11.4]
	at org.junit.platform.engine.support.hierarchical.NodeTestTask.lambda$executeRecursively$9(NodeTestTask.java:144) ~[junit-platform-engine-1.11.4.jar:1.11.4]
	at org.junit.platform.engine.support.hierarchical.ThrowableCollector.execute(ThrowableCollector.java:73) ~[junit-platform-engine-1.11.4.jar:1.11.4]
	at org.junit.platform.engine.support.hierarchical.NodeTestTask.executeRecursively(NodeTestTask.java:143) ~[junit-platform-engine-1.11.4.jar:1.11.4]
	at org.junit.platform.engine.support.hierarchical.NodeTestTask.execute(NodeTestTask.java:100) ~[junit-platform-engine-1.11.4.jar:1.11.4]
	at org.junit.platform.engine.support.hierarchical.SameThreadHierarchicalTestExecutorService.submit(SameThreadHierarchicalTestExecutorService.java:35) ~[junit-platform-engine-1.11.4.jar:1.11.4]
	at org.junit.platform.engine.support.hierarchical.HierarchicalTestExecutor.execute(HierarchicalTestExecutor.java:57) ~[junit-platform-engine-1.11.4.jar:1.11.4]
	at org.junit.platform.engine.support.hierarchical.HierarchicalTestEngine.execute(HierarchicalTestEngine.java:54) ~[junit-platform-engine-1.11.4.jar:1.11.4]
	at org.junit.platform.launcher.core.EngineExecutionOrchestrator.execute(EngineExecutionOrchestrator.java:198) ~[junit-platform-launcher-1.11.4.jar:1.11.4]
	at org.junit.platform.launcher.core.EngineExecutionOrchestrator.execute(EngineExecutionOrchestrator.java:169) ~[junit-platform-launcher-1.11.4.jar:1.11.4]
	at org.junit.platform.launcher.core.EngineExecutionOrchestrator.execute(EngineExecutionOrchestrator.java:93) ~[junit-platform-launcher-1.11.4.jar:1.11.4]
	at org.junit.platform.launcher.core.EngineExecutionOrchestrator.lambda$execute$0(EngineExecutionOrchestrator.java:58) ~[junit-platform-launcher-1.11.4.jar:1.11.4]
	at org.junit.platform.launcher.core.EngineExecutionOrchestrator.withInterceptedStreams(EngineExecutionOrchestrator.java:141) ~[junit-platform-launcher-1.11.4.jar:1.11.4]
	at org.junit.platform.launcher.core.EngineExecutionOrchestrator.execute(EngineExecutionOrchestrator.java:57) ~[junit-platform-launcher-1.11.4.jar:1.11.4]
	at org.junit.platform.launcher.core.DefaultLauncher.execute(DefaultLauncher.java:103) ~[junit-platform-launcher-1.11.4.jar:1.11.4]
	at org.junit.platform.launcher.core.DefaultLauncher.execute(DefaultLauncher.java:85) ~[junit-platform-launcher-1.11.4.jar:1.11.4]
	at org.junit.platform.launcher.core.DelegatingLauncher.execute(DelegatingLauncher.java:47) ~[junit-platform-launcher-1.11.4.jar:1.11.4]
	at org.apache.maven.surefire.junitplatform.LazyLauncher.execute(LazyLauncher.java:56) ~[surefire-junit-platform-3.5.2.jar:3.5.2]
	at org.apache.maven.surefire.junitplatform.JUnitPlatformProvider.execute(JUnitPlatformProvider.java:184) ~[surefire-junit-platform-3.5.2.jar:3.5.2]
	at org.apache.maven.surefire.junitplatform.JUnitPlatformProvider.invokeAllTests(JUnitPlatformProvider.java:148) ~[surefire-junit-platform-3.5.2.jar:3.5.2]
	at org.apache.maven.surefire.junitplatform.JUnitPlatformProvider.invoke(JUnitPlatformProvider.java:122) ~[surefire-junit-platform-3.5.2.jar:3.5.2]
	at org.apache.maven.surefire.booter.ForkedBooter.runSuitesInProcess(ForkedBooter.java:385) ~[surefire-booter-3.5.2.jar:3.5.2]
	at org.apache.maven.surefire.booter.ForkedBooter.execute(ForkedBooter.java:162) ~[surefire-booter-3.5.2.jar:3.5.2]
	at org.apache.maven.surefire.booter.ForkedBooter.run(ForkedBooter.java:507) ~[surefire-booter-3.5.2.jar:3.5.2]
	at org.apache.maven.surefire.booter.ForkedBooter.main(ForkedBooter.java:495) ~[surefire-booter-3.5.2.jar:3.5.2]
Caused by: java.sql.SQLException: Referencing column 'user_id' and referenced column 'id' in foreign key constraint 'search_history_ibfk_1' are incompatible.
	at com.mysql.cj.jdbc.exceptions.SQLError.createSQLException(SQLError.java:121) ~[mysql-connector-j-9.1.0.jar:9.1.0]
	at com.mysql.cj.jdbc.exceptions.SQLExceptionsMapping.translateException(SQLExceptionsMapping.java:114) ~[mysql-connector-j-9.1.0.jar:9.1.0]
	at com.mysql.cj.jdbc.StatementImpl.executeInternal(StatementImpl.java:837) ~[mysql-connector-j-9.1.0.jar:9.1.0]
	at com.mysql.cj.jdbc.StatementImpl.execute(StatementImpl.java:685) ~[mysql-connector-j-9.1.0.jar:9.1.0]
	at com.zaxxer.hikari.pool.ProxyStatement.execute(ProxyStatement.java:94) ~[HikariCP-5.1.0.jar:na]
	at com.zaxxer.hikari.pool.HikariProxyStatement.execute(HikariProxyStatement.java) ~[HikariCP-5.1.0.jar:na]
	at org.hibernate.tool.schema.internal.exec.GenerationTargetToDatabase.accept(GenerationTargetToDatabase.java:80) ~[hibernate-core-6.6.5.Final.jar:6.6.5.Final]
	... 117 common frames omitted

2025-02-20T22:57:21.084+08:00  WARN 99541 --- [cnki_java] [           main] o.h.t.s.i.ExceptionHandlerLoggedImpl     : GenerationTarget encountered exception accepting command : Error executing DDL "alter table favorites add constraint FKk7du8b8ewipawnnpg76d55fus foreign key (user_id) references users (id)" via JDBC [Referencing column 'user_id' and referenced column 'id' in foreign key constraint 'FKk7du8b8ewipawnnpg76d55fus' are incompatible.]

org.hibernate.tool.schema.spi.CommandAcceptanceException: Error executing DDL "alter table favorites add constraint FKk7du8b8ewipawnnpg76d55fus foreign key (user_id) references users (id)" via JDBC [Referencing column 'user_id' and referenced column 'id' in foreign key constraint 'FKk7du8b8ewipawnnpg76d55fus' are incompatible.]
	at org.hibernate.tool.schema.internal.exec.GenerationTargetToDatabase.accept(GenerationTargetToDatabase.java:94) ~[hibernate-core-6.6.5.Final.jar:6.6.5.Final]
	at org.hibernate.tool.schema.internal.AbstractSchemaMigrator.applySqlString(AbstractSchemaMigrator.java:576) ~[hibernate-core-6.6.5.Final.jar:6.6.5.Final]
	at org.hibernate.tool.schema.internal.AbstractSchemaMigrator.applySqlStrings(AbstractSchemaMigrator.java:516) ~[hibernate-core-6.6.5.Final.jar:6.6.5.Final]
	at org.hibernate.tool.schema.internal.AbstractSchemaMigrator.applyForeignKeys(AbstractSchemaMigrator.java:448) ~[hibernate-core-6.6.5.Final.jar:6.6.5.Final]
	at org.hibernate.tool.schema.internal.AbstractSchemaMigrator.performMigration(AbstractSchemaMigrator.java:269) ~[hibernate-core-6.6.5.Final.jar:6.6.5.Final]
	at org.hibernate.tool.schema.internal.AbstractSchemaMigrator.doMigration(AbstractSchemaMigrator.java:112) ~[hibernate-core-6.6.5.Final.jar:6.6.5.Final]
	at org.hibernate.tool.schema.spi.SchemaManagementToolCoordinator.performDatabaseAction(SchemaManagementToolCoordinator.java:280) ~[hibernate-core-6.6.5.Final.jar:6.6.5.Final]
	at org.hibernate.tool.schema.spi.SchemaManagementToolCoordinator.lambda$process$5(SchemaManagementToolCoordinator.java:144) ~[hibernate-core-6.6.5.Final.jar:6.6.5.Final]
	at java.base/java.util.HashMap.forEach(HashMap.java:1430) ~[na:na]
	at org.hibernate.tool.schema.spi.SchemaManagementToolCoordinator.process(SchemaManagementToolCoordinator.java:141) ~[hibernate-core-6.6.5.Final.jar:6.6.5.Final]
	at org.hibernate.boot.internal.SessionFactoryObserverForSchemaExport.sessionFactoryCreated(SessionFactoryObserverForSchemaExport.java:37) ~[hibernate-core-6.6.5.Final.jar:6.6.5.Final]
	at org.hibernate.internal.SessionFactoryObserverChain.sessionFactoryCreated(SessionFactoryObserverChain.java:35) ~[hibernate-core-6.6.5.Final.jar:6.6.5.Final]
	at org.hibernate.internal.SessionFactoryImpl.<init>(SessionFactoryImpl.java:324) ~[hibernate-core-6.6.5.Final.jar:6.6.5.Final]
	at org.hibernate.boot.internal.SessionFactoryBuilderImpl.build(SessionFactoryBuilderImpl.java:463) ~[hibernate-core-6.6.5.Final.jar:6.6.5.Final]
	at org.hibernate.jpa.boot.internal.EntityManagerFactoryBuilderImpl.build(EntityManagerFactoryBuilderImpl.java:1506) ~[hibernate-core-6.6.5.Final.jar:6.6.5.Final]
	at org.springframework.orm.jpa.vendor.SpringHibernateJpaPersistenceProvider.createContainerEntityManagerFactory(SpringHibernateJpaPersistenceProvider.java:66) ~[spring-orm-6.2.2.jar:6.2.2]
	at org.springframework.orm.jpa.LocalContainerEntityManagerFactoryBean.createNativeEntityManagerFactory(LocalContainerEntityManagerFactoryBean.java:390) ~[spring-orm-6.2.2.jar:6.2.2]
	at org.springframework.orm.jpa.AbstractEntityManagerFactoryBean.buildNativeEntityManagerFactory(AbstractEntityManagerFactoryBean.java:419) ~[spring-orm-6.2.2.jar:6.2.2]
	at org.springframework.orm.jpa.AbstractEntityManagerFactoryBean.afterPropertiesSet(AbstractEntityManagerFactoryBean.java:400) ~[spring-orm-6.2.2.jar:6.2.2]
	at org.springframework.orm.jpa.LocalContainerEntityManagerFactoryBean.afterPropertiesSet(LocalContainerEntityManagerFactoryBean.java:366) ~[spring-orm-6.2.2.jar:6.2.2]
	at org.springframework.beans.factory.support.AbstractAutowireCapableBeanFactory.invokeInitMethods(AbstractAutowireCapableBeanFactory.java:1859) ~[spring-beans-6.2.2.jar:6.2.2]
	at org.springframework.beans.factory.support.AbstractAutowireCapableBeanFactory.initializeBean(AbstractAutowireCapableBeanFactory.java:1808) ~[spring-beans-6.2.2.jar:6.2.2]
	at org.springframework.beans.factory.support.AbstractAutowireCapableBeanFactory.doCreateBean(AbstractAutowireCapableBeanFactory.java:601) ~[spring-beans-6.2.2.jar:6.2.2]
	at org.springframework.beans.factory.support.AbstractAutowireCapableBeanFactory.createBean(AbstractAutowireCapableBeanFactory.java:523) ~[spring-beans-6.2.2.jar:6.2.2]
	at org.springframework.beans.factory.support.AbstractBeanFactory.lambda$doGetBean$0(AbstractBeanFactory.java:336) ~[spring-beans-6.2.2.jar:6.2.2]
	at org.springframework.beans.factory.support.DefaultSingletonBeanRegistry.getSingleton(DefaultSingletonBeanRegistry.java:307) ~[spring-beans-6.2.2.jar:6.2.2]
	at org.springframework.beans.factory.support.AbstractBeanFactory.doGetBean(AbstractBeanFactory.java:334) ~[spring-beans-6.2.2.jar:6.2.2]
	at org.springframework.beans.factory.support.AbstractBeanFactory.getBean(AbstractBeanFactory.java:204) ~[spring-beans-6.2.2.jar:6.2.2]
	at org.springframework.context.support.AbstractApplicationContext.finishBeanFactoryInitialization(AbstractApplicationContext.java:970) ~[spring-context-6.2.2.jar:6.2.2]
	at org.springframework.context.support.AbstractApplicationContext.refresh(AbstractApplicationContext.java:627) ~[spring-context-6.2.2.jar:6.2.2]
	at org.springframework.boot.SpringApplication.refresh(SpringApplication.java:752) ~[spring-boot-3.4.2.jar:3.4.2]
	at org.springframework.boot.SpringApplication.refreshContext(SpringApplication.java:439) ~[spring-boot-3.4.2.jar:3.4.2]
	at org.springframework.boot.SpringApplication.run(SpringApplication.java:318) ~[spring-boot-3.4.2.jar:3.4.2]
	at org.springframework.boot.test.context.SpringBootContextLoader.lambda$loadContext$3(SpringBootContextLoader.java:137) ~[spring-boot-test-3.4.2.jar:3.4.2]
	at org.springframework.util.function.ThrowingSupplier.get(ThrowingSupplier.java:58) ~[spring-core-6.2.2.jar:6.2.2]
	at org.springframework.util.function.ThrowingSupplier.get(ThrowingSupplier.java:46) ~[spring-core-6.2.2.jar:6.2.2]
	at org.springframework.boot.SpringApplication.withHook(SpringApplication.java:1461) ~[spring-boot-3.4.2.jar:3.4.2]
	at org.springframework.boot.test.context.SpringBootContextLoader$ContextLoaderHook.run(SpringBootContextLoader.java:553) ~[spring-boot-test-3.4.2.jar:3.4.2]
	at org.springframework.boot.test.context.SpringBootContextLoader.loadContext(SpringBootContextLoader.java:137) ~[spring-boot-test-3.4.2.jar:3.4.2]
	at org.springframework.boot.test.context.SpringBootContextLoader.loadContext(SpringBootContextLoader.java:108) ~[spring-boot-test-3.4.2.jar:3.4.2]
	at org.springframework.test.context.cache.DefaultCacheAwareContextLoaderDelegate.loadContextInternal(DefaultCacheAwareContextLoaderDelegate.java:225) ~[spring-test-6.2.2.jar:6.2.2]
	at org.springframework.test.context.cache.DefaultCacheAwareContextLoaderDelegate.loadContext(DefaultCacheAwareContextLoaderDelegate.java:152) ~[spring-test-6.2.2.jar:6.2.2]
	at org.springframework.test.context.support.DefaultTestContext.getApplicationContext(DefaultTestContext.java:130) ~[spring-test-6.2.2.jar:6.2.2]
	at org.springframework.test.context.web.ServletTestExecutionListener.setUpRequestContextIfNecessary(ServletTestExecutionListener.java:191) ~[spring-test-6.2.2.jar:6.2.2]
	at org.springframework.test.context.web.ServletTestExecutionListener.prepareTestInstance(ServletTestExecutionListener.java:130) ~[spring-test-6.2.2.jar:6.2.2]
	at org.springframework.test.context.TestContextManager.prepareTestInstance(TestContextManager.java:260) ~[spring-test-6.2.2.jar:6.2.2]
	at org.springframework.test.context.junit.jupiter.SpringExtension.postProcessTestInstance(SpringExtension.java:160) ~[spring-test-6.2.2.jar:6.2.2]
	at org.junit.jupiter.engine.descriptor.ClassBasedTestDescriptor.lambda$invokeTestInstancePostProcessors$11(ClassBasedTestDescriptor.java:378) ~[junit-jupiter-engine-5.11.4.jar:5.11.4]
	at org.junit.jupiter.engine.descriptor.ClassBasedTestDescriptor.executeAndMaskThrowable(ClassBasedTestDescriptor.java:383) ~[junit-jupiter-engine-5.11.4.jar:5.11.4]
	at org.junit.jupiter.engine.descriptor.ClassBasedTestDescriptor.lambda$invokeTestInstancePostProcessors$12(ClassBasedTestDescriptor.java:378) ~[junit-jupiter-engine-5.11.4.jar:5.11.4]
	at java.base/java.util.stream.ForEachOps$ForEachOp$OfRef.accept(ForEachOps.java:184) ~[na:na]
	at java.base/java.util.stream.ReferencePipeline$3$1.accept(ReferencePipeline.java:215) ~[na:na]
	at java.base/java.util.stream.ReferencePipeline$2$1.accept(ReferencePipeline.java:197) ~[na:na]
	at java.base/java.util.stream.ReferencePipeline$3$1.accept(ReferencePipeline.java:215) ~[na:na]
	at java.base/java.util.ArrayList$ArrayListSpliterator.forEachRemaining(ArrayList.java:1709) ~[na:na]
	at java.base/java.util.stream.AbstractPipeline.copyInto(AbstractPipeline.java:570) ~[na:na]
	at java.base/java.util.stream.AbstractPipeline.wrapAndCopyInto(AbstractPipeline.java:560) ~[na:na]
	at java.base/java.util.stream.ForEachOps$ForEachOp.evaluateSequential(ForEachOps.java:151) ~[na:na]
	at java.base/java.util.stream.ForEachOps$ForEachOp$OfRef.evaluateSequential(ForEachOps.java:174) ~[na:na]
	at java.base/java.util.stream.AbstractPipeline.evaluate(AbstractPipeline.java:265) ~[na:na]
	at java.base/java.util.stream.ReferencePipeline.forEach(ReferencePipeline.java:636) ~[na:na]
	at org.junit.jupiter.engine.descriptor.ClassBasedTestDescriptor.invokeTestInstancePostProcessors(ClassBasedTestDescriptor.java:377) ~[junit-jupiter-engine-5.11.4.jar:5.11.4]
	at org.junit.jupiter.engine.descriptor.ClassBasedTestDescriptor.lambda$instantiateAndPostProcessTestInstance$7(ClassBasedTestDescriptor.java:290) ~[junit-jupiter-engine-5.11.4.jar:5.11.4]
	at org.junit.platform.engine.support.hierarchical.ThrowableCollector.execute(ThrowableCollector.java:73) ~[junit-platform-engine-1.11.4.jar:1.11.4]
	at org.junit.jupiter.engine.descriptor.ClassBasedTestDescriptor.instantiateAndPostProcessTestInstance(ClassBasedTestDescriptor.java:289) ~[junit-jupiter-engine-5.11.4.jar:5.11.4]
	at org.junit.jupiter.engine.descriptor.ClassBasedTestDescriptor.lambda$testInstancesProvider$5(ClassBasedTestDescriptor.java:279) ~[junit-jupiter-engine-5.11.4.jar:5.11.4]
	at java.base/java.util.Optional.orElseGet(Optional.java:364) ~[na:na]
	at org.junit.jupiter.engine.descriptor.ClassBasedTestDescriptor.lambda$testInstancesProvider$6(ClassBasedTestDescriptor.java:278) ~[junit-jupiter-engine-5.11.4.jar:5.11.4]
	at org.junit.jupiter.engine.execution.TestInstancesProvider.getTestInstances(TestInstancesProvider.java:31) ~[junit-jupiter-engine-5.11.4.jar:5.11.4]
	at org.junit.jupiter.engine.descriptor.TestMethodTestDescriptor.lambda$prepare$1(TestMethodTestDescriptor.java:105) ~[junit-jupiter-engine-5.11.4.jar:5.11.4]
	at org.junit.platform.engine.support.hierarchical.ThrowableCollector.execute(ThrowableCollector.java:73) ~[junit-platform-engine-1.11.4.jar:1.11.4]
	at org.junit.jupiter.engine.descriptor.TestMethodTestDescriptor.prepare(TestMethodTestDescriptor.java:104) ~[junit-jupiter-engine-5.11.4.jar:5.11.4]
	at org.junit.jupiter.engine.descriptor.TestMethodTestDescriptor.prepare(TestMethodTestDescriptor.java:68) ~[junit-jupiter-engine-5.11.4.jar:5.11.4]
	at org.junit.platform.engine.support.hierarchical.NodeTestTask.lambda$prepare$2(NodeTestTask.java:128) ~[junit-platform-engine-1.11.4.jar:1.11.4]
	at org.junit.platform.engine.support.hierarchical.ThrowableCollector.execute(ThrowableCollector.java:73) ~[junit-platform-engine-1.11.4.jar:1.11.4]
	at org.junit.platform.engine.support.hierarchical.NodeTestTask.prepare(NodeTestTask.java:128) ~[junit-platform-engine-1.11.4.jar:1.11.4]
	at org.junit.platform.engine.support.hierarchical.NodeTestTask.execute(NodeTestTask.java:95) ~[junit-platform-engine-1.11.4.jar:1.11.4]
	at java.base/java.util.ArrayList.forEach(ArrayList.java:1597) ~[na:na]
	at org.junit.platform.engine.support.hierarchical.SameThreadHierarchicalTestExecutorService.invokeAll(SameThreadHierarchicalTestExecutorService.java:41) ~[junit-platform-engine-1.11.4.jar:1.11.4]
	at org.junit.platform.engine.support.hierarchical.NodeTestTask.lambda$executeRecursively$6(NodeTestTask.java:160) ~[junit-platform-engine-1.11.4.jar:1.11.4]
	at org.junit.platform.engine.support.hierarchical.ThrowableCollector.execute(ThrowableCollector.java:73) ~[junit-platform-engine-1.11.4.jar:1.11.4]
	at org.junit.platform.engine.support.hierarchical.NodeTestTask.lambda$executeRecursively$8(NodeTestTask.java:146) ~[junit-platform-engine-1.11.4.jar:1.11.4]
	at org.junit.platform.engine.support.hierarchical.Node.around(Node.java:137) ~[junit-platform-engine-1.11.4.jar:1.11.4]
	at org.junit.platform.engine.support.hierarchical.NodeTestTask.lambda$executeRecursively$9(NodeTestTask.java:144) ~[junit-platform-engine-1.11.4.jar:1.11.4]
	at org.junit.platform.engine.support.hierarchical.ThrowableCollector.execute(ThrowableCollector.java:73) ~[junit-platform-engine-1.11.4.jar:1.11.4]
	at org.junit.platform.engine.support.hierarchical.NodeTestTask.executeRecursively(NodeTestTask.java:143) ~[junit-platform-engine-1.11.4.jar:1.11.4]
	at org.junit.platform.engine.support.hierarchical.NodeTestTask.execute(NodeTestTask.java:100) ~[junit-platform-engine-1.11.4.jar:1.11.4]
	at java.base/java.util.ArrayList.forEach(ArrayList.java:1597) ~[na:na]
	at org.junit.platform.engine.support.hierarchical.SameThreadHierarchicalTestExecutorService.invokeAll(SameThreadHierarchicalTestExecutorService.java:41) ~[junit-platform-engine-1.11.4.jar:1.11.4]
	at org.junit.platform.engine.support.hierarchical.NodeTestTask.lambda$executeRecursively$6(NodeTestTask.java:160) ~[junit-platform-engine-1.11.4.jar:1.11.4]
	at org.junit.platform.engine.support.hierarchical.ThrowableCollector.execute(ThrowableCollector.java:73) ~[junit-platform-engine-1.11.4.jar:1.11.4]
	at org.junit.platform.engine.support.hierarchical.NodeTestTask.lambda$executeRecursively$8(NodeTestTask.java:146) ~[junit-platform-engine-1.11.4.jar:1.11.4]
	at org.junit.platform.engine.support.hierarchical.Node.around(Node.java:137) ~[junit-platform-engine-1.11.4.jar:1.11.4]
	at org.junit.platform.engine.support.hierarchical.NodeTestTask.lambda$executeRecursively$9(NodeTestTask.java:144) ~[junit-platform-engine-1.11.4.jar:1.11.4]
	at org.junit.platform.engine.support.hierarchical.ThrowableCollector.execute(ThrowableCollector.java:73) ~[junit-platform-engine-1.11.4.jar:1.11.4]
	at org.junit.platform.engine.support.hierarchical.NodeTestTask.executeRecursively(NodeTestTask.java:143) ~[junit-platform-engine-1.11.4.jar:1.11.4]
	at org.junit.platform.engine.support.hierarchical.NodeTestTask.execute(NodeTestTask.java:100) ~[junit-platform-engine-1.11.4.jar:1.11.4]
	at org.junit.platform.engine.support.hierarchical.SameThreadHierarchicalTestExecutorService.submit(SameThreadHierarchicalTestExecutorService.java:35) ~[junit-platform-engine-1.11.4.jar:1.11.4]
	at org.junit.platform.engine.support.hierarchical.HierarchicalTestExecutor.execute(HierarchicalTestExecutor.java:57) ~[junit-platform-engine-1.11.4.jar:1.11.4]
	at org.junit.platform.engine.support.hierarchical.HierarchicalTestEngine.execute(HierarchicalTestEngine.java:54) ~[junit-platform-engine-1.11.4.jar:1.11.4]
	at org.junit.platform.launcher.core.EngineExecutionOrchestrator.execute(EngineExecutionOrchestrator.java:198) ~[junit-platform-launcher-1.11.4.jar:1.11.4]
	at org.junit.platform.launcher.core.EngineExecutionOrchestrator.execute(EngineExecutionOrchestrator.java:169) ~[junit-platform-launcher-1.11.4.jar:1.11.4]
	at org.junit.platform.launcher.core.EngineExecutionOrchestrator.execute(EngineExecutionOrchestrator.java:93) ~[junit-platform-launcher-1.11.4.jar:1.11.4]
	at org.junit.platform.launcher.core.EngineExecutionOrchestrator.lambda$execute$0(EngineExecutionOrchestrator.java:58) ~[junit-platform-launcher-1.11.4.jar:1.11.4]
	at org.junit.platform.launcher.core.EngineExecutionOrchestrator.withInterceptedStreams(EngineExecutionOrchestrator.java:141) ~[junit-platform-launcher-1.11.4.jar:1.11.4]
	at org.junit.platform.launcher.core.EngineExecutionOrchestrator.execute(EngineExecutionOrchestrator.java:57) ~[junit-platform-launcher-1.11.4.jar:1.11.4]
	at org.junit.platform.launcher.core.DefaultLauncher.execute(DefaultLauncher.java:103) ~[junit-platform-launcher-1.11.4.jar:1.11.4]
	at org.junit.platform.launcher.core.DefaultLauncher.execute(DefaultLauncher.java:85) ~[junit-platform-launcher-1.11.4.jar:1.11.4]
	at org.junit.platform.launcher.core.DelegatingLauncher.execute(DelegatingLauncher.java:47) ~[junit-platform-launcher-1.11.4.jar:1.11.4]
	at org.apache.maven.surefire.junitplatform.LazyLauncher.execute(LazyLauncher.java:56) ~[surefire-junit-platform-3.5.2.jar:3.5.2]
	at org.apache.maven.surefire.junitplatform.JUnitPlatformProvider.execute(JUnitPlatformProvider.java:184) ~[surefire-junit-platform-3.5.2.jar:3.5.2]
	at org.apache.maven.surefire.junitplatform.JUnitPlatformProvider.invokeAllTests(JUnitPlatformProvider.java:148) ~[surefire-junit-platform-3.5.2.jar:3.5.2]
	at org.apache.maven.surefire.junitplatform.JUnitPlatformProvider.invoke(JUnitPlatformProvider.java:122) ~[surefire-junit-platform-3.5.2.jar:3.5.2]
	at org.apache.maven.surefire.booter.ForkedBooter.runSuitesInProcess(ForkedBooter.java:385) ~[surefire-booter-3.5.2.jar:3.5.2]
	at org.apache.maven.surefire.booter.ForkedBooter.execute(ForkedBooter.java:162) ~[surefire-booter-3.5.2.jar:3.5.2]
	at org.apache.maven.surefire.booter.ForkedBooter.run(ForkedBooter.java:507) ~[surefire-booter-3.5.2.jar:3.5.2]
	at org.apache.maven.surefire.booter.ForkedBooter.main(ForkedBooter.java:495) ~[surefire-booter-3.5.2.jar:3.5.2]
Caused by: java.sql.SQLException: Referencing column 'user_id' and referenced column 'id' in foreign key constraint 'FKk7du8b8ewipawnnpg76d55fus' are incompatible.
	at com.mysql.cj.jdbc.exceptions.SQLError.createSQLException(SQLError.java:121) ~[mysql-connector-j-9.1.0.jar:9.1.0]
	at com.mysql.cj.jdbc.exceptions.SQLExceptionsMapping.translateException(SQLExceptionsMapping.java:114) ~[mysql-connector-j-9.1.0.jar:9.1.0]
	at com.mysql.cj.jdbc.StatementImpl.executeInternal(StatementImpl.java:837) ~[mysql-connector-j-9.1.0.jar:9.1.0]
	at com.mysql.cj.jdbc.StatementImpl.execute(StatementImpl.java:685) ~[mysql-connector-j-9.1.0.jar:9.1.0]
	at com.zaxxer.hikari.pool.ProxyStatement.execute(ProxyStatement.java:94) ~[HikariCP-5.1.0.jar:na]
	at com.zaxxer.hikari.pool.HikariProxyStatement.execute(HikariProxyStatement.java) ~[HikariCP-5.1.0.jar:na]
	at org.hibernate.tool.schema.internal.exec.GenerationTargetToDatabase.accept(GenerationTargetToDatabase.java:80) ~[hibernate-core-6.6.5.Final.jar:6.6.5.Final]
	... 116 common frames omitted

2025-02-20T22:57:21.198+08:00  WARN 99541 --- [cnki_java] [           main] o.h.t.s.i.ExceptionHandlerLoggedImpl     : GenerationTarget encountered exception accepting command : Error executing DDL "alter table view_history add constraint FKd8qhxyfxcdueyy3f5xdju7oj5 foreign key (user_id) references users (id)" via JDBC [Referencing column 'user_id' and referenced column 'id' in foreign key constraint 'FKd8qhxyfxcdueyy3f5xdju7oj5' are incompatible.]

org.hibernate.tool.schema.spi.CommandAcceptanceException: Error executing DDL "alter table view_history add constraint FKd8qhxyfxcdueyy3f5xdju7oj5 foreign key (user_id) references users (id)" via JDBC [Referencing column 'user_id' and referenced column 'id' in foreign key constraint 'FKd8qhxyfxcdueyy3f5xdju7oj5' are incompatible.]
	at org.hibernate.tool.schema.internal.exec.GenerationTargetToDatabase.accept(GenerationTargetToDatabase.java:94) ~[hibernate-core-6.6.5.Final.jar:6.6.5.Final]
	at org.hibernate.tool.schema.internal.AbstractSchemaMigrator.applySqlString(AbstractSchemaMigrator.java:576) ~[hibernate-core-6.6.5.Final.jar:6.6.5.Final]
	at org.hibernate.tool.schema.internal.AbstractSchemaMigrator.applySqlStrings(AbstractSchemaMigrator.java:516) ~[hibernate-core-6.6.5.Final.jar:6.6.5.Final]
	at org.hibernate.tool.schema.internal.AbstractSchemaMigrator.applyForeignKeys(AbstractSchemaMigrator.java:448) ~[hibernate-core-6.6.5.Final.jar:6.6.5.Final]
	at org.hibernate.tool.schema.internal.AbstractSchemaMigrator.performMigration(AbstractSchemaMigrator.java:269) ~[hibernate-core-6.6.5.Final.jar:6.6.5.Final]
	at org.hibernate.tool.schema.internal.AbstractSchemaMigrator.doMigration(AbstractSchemaMigrator.java:112) ~[hibernate-core-6.6.5.Final.jar:6.6.5.Final]
	at org.hibernate.tool.schema.spi.SchemaManagementToolCoordinator.performDatabaseAction(SchemaManagementToolCoordinator.java:280) ~[hibernate-core-6.6.5.Final.jar:6.6.5.Final]
	at org.hibernate.tool.schema.spi.SchemaManagementToolCoordinator.lambda$process$5(SchemaManagementToolCoordinator.java:144) ~[hibernate-core-6.6.5.Final.jar:6.6.5.Final]
	at java.base/java.util.HashMap.forEach(HashMap.java:1430) ~[na:na]
	at org.hibernate.tool.schema.spi.SchemaManagementToolCoordinator.process(SchemaManagementToolCoordinator.java:141) ~[hibernate-core-6.6.5.Final.jar:6.6.5.Final]
	at org.hibernate.boot.internal.SessionFactoryObserverForSchemaExport.sessionFactoryCreated(SessionFactoryObserverForSchemaExport.java:37) ~[hibernate-core-6.6.5.Final.jar:6.6.5.Final]
	at org.hibernate.internal.SessionFactoryObserverChain.sessionFactoryCreated(SessionFactoryObserverChain.java:35) ~[hibernate-core-6.6.5.Final.jar:6.6.5.Final]
	at org.hibernate.internal.SessionFactoryImpl.<init>(SessionFactoryImpl.java:324) ~[hibernate-core-6.6.5.Final.jar:6.6.5.Final]
	at org.hibernate.boot.internal.SessionFactoryBuilderImpl.build(SessionFactoryBuilderImpl.java:463) ~[hibernate-core-6.6.5.Final.jar:6.6.5.Final]
	at org.hibernate.jpa.boot.internal.EntityManagerFactoryBuilderImpl.build(EntityManagerFactoryBuilderImpl.java:1506) ~[hibernate-core-6.6.5.Final.jar:6.6.5.Final]
	at org.springframework.orm.jpa.vendor.SpringHibernateJpaPersistenceProvider.createContainerEntityManagerFactory(SpringHibernateJpaPersistenceProvider.java:66) ~[spring-orm-6.2.2.jar:6.2.2]
	at org.springframework.orm.jpa.LocalContainerEntityManagerFactoryBean.createNativeEntityManagerFactory(LocalContainerEntityManagerFactoryBean.java:390) ~[spring-orm-6.2.2.jar:6.2.2]
	at org.springframework.orm.jpa.AbstractEntityManagerFactoryBean.buildNativeEntityManagerFactory(AbstractEntityManagerFactoryBean.java:419) ~[spring-orm-6.2.2.jar:6.2.2]
	at org.springframework.orm.jpa.AbstractEntityManagerFactoryBean.afterPropertiesSet(AbstractEntityManagerFactoryBean.java:400) ~[spring-orm-6.2.2.jar:6.2.2]
	at org.springframework.orm.jpa.LocalContainerEntityManagerFactoryBean.afterPropertiesSet(LocalContainerEntityManagerFactoryBean.java:366) ~[spring-orm-6.2.2.jar:6.2.2]
	at org.springframework.beans.factory.support.AbstractAutowireCapableBeanFactory.invokeInitMethods(AbstractAutowireCapableBeanFactory.java:1859) ~[spring-beans-6.2.2.jar:6.2.2]
	at org.springframework.beans.factory.support.AbstractAutowireCapableBeanFactory.initializeBean(AbstractAutowireCapableBeanFactory.java:1808) ~[spring-beans-6.2.2.jar:6.2.2]
	at org.springframework.beans.factory.support.AbstractAutowireCapableBeanFactory.doCreateBean(AbstractAutowireCapableBeanFactory.java:601) ~[spring-beans-6.2.2.jar:6.2.2]
	at org.springframework.beans.factory.support.AbstractAutowireCapableBeanFactory.createBean(AbstractAutowireCapableBeanFactory.java:523) ~[spring-beans-6.2.2.jar:6.2.2]
	at org.springframework.beans.factory.support.AbstractBeanFactory.lambda$doGetBean$0(AbstractBeanFactory.java:336) ~[spring-beans-6.2.2.jar:6.2.2]
	at org.springframework.beans.factory.support.DefaultSingletonBeanRegistry.getSingleton(DefaultSingletonBeanRegistry.java:307) ~[spring-beans-6.2.2.jar:6.2.2]
	at org.springframework.beans.factory.support.AbstractBeanFactory.doGetBean(AbstractBeanFactory.java:334) ~[spring-beans-6.2.2.jar:6.2.2]
	at org.springframework.beans.factory.support.AbstractBeanFactory.getBean(AbstractBeanFactory.java:204) ~[spring-beans-6.2.2.jar:6.2.2]
	at org.springframework.context.support.AbstractApplicationContext.finishBeanFactoryInitialization(AbstractApplicationContext.java:970) ~[spring-context-6.2.2.jar:6.2.2]
	at org.springframework.context.support.AbstractApplicationContext.refresh(AbstractApplicationContext.java:627) ~[spring-context-6.2.2.jar:6.2.2]
	at org.springframework.boot.SpringApplication.refresh(SpringApplication.java:752) ~[spring-boot-3.4.2.jar:3.4.2]
	at org.springframework.boot.SpringApplication.refreshContext(SpringApplication.java:439) ~[spring-boot-3.4.2.jar:3.4.2]
	at org.springframework.boot.SpringApplication.run(SpringApplication.java:318) ~[spring-boot-3.4.2.jar:3.4.2]
	at org.springframework.boot.test.context.SpringBootContextLoader.lambda$loadContext$3(SpringBootContextLoader.java:137) ~[spring-boot-test-3.4.2.jar:3.4.2]
	at org.springframework.util.function.ThrowingSupplier.get(ThrowingSupplier.java:58) ~[spring-core-6.2.2.jar:6.2.2]
	at org.springframework.util.function.ThrowingSupplier.get(ThrowingSupplier.java:46) ~[spring-core-6.2.2.jar:6.2.2]
	at org.springframework.boot.SpringApplication.withHook(SpringApplication.java:1461) ~[spring-boot-3.4.2.jar:3.4.2]
	at org.springframework.boot.test.context.SpringBootContextLoader$ContextLoaderHook.run(SpringBootContextLoader.java:553) ~[spring-boot-test-3.4.2.jar:3.4.2]
	at org.springframework.boot.test.context.SpringBootContextLoader.loadContext(SpringBootContextLoader.java:137) ~[spring-boot-test-3.4.2.jar:3.4.2]
	at org.springframework.boot.test.context.SpringBootContextLoader.loadContext(SpringBootContextLoader.java:108) ~[spring-boot-test-3.4.2.jar:3.4.2]
	at org.springframework.test.context.cache.DefaultCacheAwareContextLoaderDelegate.loadContextInternal(DefaultCacheAwareContextLoaderDelegate.java:225) ~[spring-test-6.2.2.jar:6.2.2]
	at org.springframework.test.context.cache.DefaultCacheAwareContextLoaderDelegate.loadContext(DefaultCacheAwareContextLoaderDelegate.java:152) ~[spring-test-6.2.2.jar:6.2.2]
	at org.springframework.test.context.support.DefaultTestContext.getApplicationContext(DefaultTestContext.java:130) ~[spring-test-6.2.2.jar:6.2.2]
	at org.springframework.test.context.web.ServletTestExecutionListener.setUpRequestContextIfNecessary(ServletTestExecutionListener.java:191) ~[spring-test-6.2.2.jar:6.2.2]
	at org.springframework.test.context.web.ServletTestExecutionListener.prepareTestInstance(ServletTestExecutionListener.java:130) ~[spring-test-6.2.2.jar:6.2.2]
	at org.springframework.test.context.TestContextManager.prepareTestInstance(TestContextManager.java:260) ~[spring-test-6.2.2.jar:6.2.2]
	at org.springframework.test.context.junit.jupiter.SpringExtension.postProcessTestInstance(SpringExtension.java:160) ~[spring-test-6.2.2.jar:6.2.2]
	at org.junit.jupiter.engine.descriptor.ClassBasedTestDescriptor.lambda$invokeTestInstancePostProcessors$11(ClassBasedTestDescriptor.java:378) ~[junit-jupiter-engine-5.11.4.jar:5.11.4]
	at org.junit.jupiter.engine.descriptor.ClassBasedTestDescriptor.executeAndMaskThrowable(ClassBasedTestDescriptor.java:383) ~[junit-jupiter-engine-5.11.4.jar:5.11.4]
	at org.junit.jupiter.engine.descriptor.ClassBasedTestDescriptor.lambda$invokeTestInstancePostProcessors$12(ClassBasedTestDescriptor.java:378) ~[junit-jupiter-engine-5.11.4.jar:5.11.4]
	at java.base/java.util.stream.ForEachOps$ForEachOp$OfRef.accept(ForEachOps.java:184) ~[na:na]
	at java.base/java.util.stream.ReferencePipeline$3$1.accept(ReferencePipeline.java:215) ~[na:na]
	at java.base/java.util.stream.ReferencePipeline$2$1.accept(ReferencePipeline.java:197) ~[na:na]
	at java.base/java.util.stream.ReferencePipeline$3$1.accept(ReferencePipeline.java:215) ~[na:na]
	at java.base/java.util.ArrayList$ArrayListSpliterator.forEachRemaining(ArrayList.java:1709) ~[na:na]
	at java.base/java.util.stream.AbstractPipeline.copyInto(AbstractPipeline.java:570) ~[na:na]
	at java.base/java.util.stream.AbstractPipeline.wrapAndCopyInto(AbstractPipeline.java:560) ~[na:na]
	at java.base/java.util.stream.ForEachOps$ForEachOp.evaluateSequential(ForEachOps.java:151) ~[na:na]
	at java.base/java.util.stream.ForEachOps$ForEachOp$OfRef.evaluateSequential(ForEachOps.java:174) ~[na:na]
	at java.base/java.util.stream.AbstractPipeline.evaluate(AbstractPipeline.java:265) ~[na:na]
	at java.base/java.util.stream.ReferencePipeline.forEach(ReferencePipeline.java:636) ~[na:na]
	at org.junit.jupiter.engine.descriptor.ClassBasedTestDescriptor.invokeTestInstancePostProcessors(ClassBasedTestDescriptor.java:377) ~[junit-jupiter-engine-5.11.4.jar:5.11.4]
	at org.junit.jupiter.engine.descriptor.ClassBasedTestDescriptor.lambda$instantiateAndPostProcessTestInstance$7(ClassBasedTestDescriptor.java:290) ~[junit-jupiter-engine-5.11.4.jar:5.11.4]
	at org.junit.platform.engine.support.hierarchical.ThrowableCollector.execute(ThrowableCollector.java:73) ~[junit-platform-engine-1.11.4.jar:1.11.4]
	at org.junit.jupiter.engine.descriptor.ClassBasedTestDescriptor.instantiateAndPostProcessTestInstance(ClassBasedTestDescriptor.java:289) ~[junit-jupiter-engine-5.11.4.jar:5.11.4]
	at org.junit.jupiter.engine.descriptor.ClassBasedTestDescriptor.lambda$testInstancesProvider$5(ClassBasedTestDescriptor.java:279) ~[junit-jupiter-engine-5.11.4.jar:5.11.4]
	at java.base/java.util.Optional.orElseGet(Optional.java:364) ~[na:na]
	at org.junit.jupiter.engine.descriptor.ClassBasedTestDescriptor.lambda$testInstancesProvider$6(ClassBasedTestDescriptor.java:278) ~[junit-jupiter-engine-5.11.4.jar:5.11.4]
	at org.junit.jupiter.engine.execution.TestInstancesProvider.getTestInstances(TestInstancesProvider.java:31) ~[junit-jupiter-engine-5.11.4.jar:5.11.4]
	at org.junit.jupiter.engine.descriptor.TestMethodTestDescriptor.lambda$prepare$1(TestMethodTestDescriptor.java:105) ~[junit-jupiter-engine-5.11.4.jar:5.11.4]
	at org.junit.platform.engine.support.hierarchical.ThrowableCollector.execute(ThrowableCollector.java:73) ~[junit-platform-engine-1.11.4.jar:1.11.4]
	at org.junit.jupiter.engine.descriptor.TestMethodTestDescriptor.prepare(TestMethodTestDescriptor.java:104) ~[junit-jupiter-engine-5.11.4.jar:5.11.4]
	at org.junit.jupiter.engine.descriptor.TestMethodTestDescriptor.prepare(TestMethodTestDescriptor.java:68) ~[junit-jupiter-engine-5.11.4.jar:5.11.4]
	at org.junit.platform.engine.support.hierarchical.NodeTestTask.lambda$prepare$2(NodeTestTask.java:128) ~[junit-platform-engine-1.11.4.jar:1.11.4]
	at org.junit.platform.engine.support.hierarchical.ThrowableCollector.execute(ThrowableCollector.java:73) ~[junit-platform-engine-1.11.4.jar:1.11.4]
	at org.junit.platform.engine.support.hierarchical.NodeTestTask.prepare(NodeTestTask.java:128) ~[junit-platform-engine-1.11.4.jar:1.11.4]
	at org.junit.platform.engine.support.hierarchical.NodeTestTask.execute(NodeTestTask.java:95) ~[junit-platform-engine-1.11.4.jar:1.11.4]
	at java.base/java.util.ArrayList.forEach(ArrayList.java:1597) ~[na:na]
	at org.junit.platform.engine.support.hierarchical.SameThreadHierarchicalTestExecutorService.invokeAll(SameThreadHierarchicalTestExecutorService.java:41) ~[junit-platform-engine-1.11.4.jar:1.11.4]
	at org.junit.platform.engine.support.hierarchical.NodeTestTask.lambda$executeRecursively$6(NodeTestTask.java:160) ~[junit-platform-engine-1.11.4.jar:1.11.4]
	at org.junit.platform.engine.support.hierarchical.ThrowableCollector.execute(ThrowableCollector.java:73) ~[junit-platform-engine-1.11.4.jar:1.11.4]
	at org.junit.platform.engine.support.hierarchical.NodeTestTask.lambda$executeRecursively$8(NodeTestTask.java:146) ~[junit-platform-engine-1.11.4.jar:1.11.4]
	at org.junit.platform.engine.support.hierarchical.Node.around(Node.java:137) ~[junit-platform-engine-1.11.4.jar:1.11.4]
	at org.junit.platform.engine.support.hierarchical.NodeTestTask.lambda$executeRecursively$9(NodeTestTask.java:144) ~[junit-platform-engine-1.11.4.jar:1.11.4]
	at org.junit.platform.engine.support.hierarchical.ThrowableCollector.execute(ThrowableCollector.java:73) ~[junit-platform-engine-1.11.4.jar:1.11.4]
	at org.junit.platform.engine.support.hierarchical.NodeTestTask.executeRecursively(NodeTestTask.java:143) ~[junit-platform-engine-1.11.4.jar:1.11.4]
	at org.junit.platform.engine.support.hierarchical.NodeTestTask.execute(NodeTestTask.java:100) ~[junit-platform-engine-1.11.4.jar:1.11.4]
	at java.base/java.util.ArrayList.forEach(ArrayList.java:1597) ~[na:na]
	at org.junit.platform.engine.support.hierarchical.SameThreadHierarchicalTestExecutorService.invokeAll(SameThreadHierarchicalTestExecutorService.java:41) ~[junit-platform-engine-1.11.4.jar:1.11.4]
	at org.junit.platform.engine.support.hierarchical.NodeTestTask.lambda$executeRecursively$6(NodeTestTask.java:160) ~[junit-platform-engine-1.11.4.jar:1.11.4]
	at org.junit.platform.engine.support.hierarchical.ThrowableCollector.execute(ThrowableCollector.java:73) ~[junit-platform-engine-1.11.4.jar:1.11.4]
	at org.junit.platform.engine.support.hierarchical.NodeTestTask.lambda$executeRecursively$8(NodeTestTask.java:146) ~[junit-platform-engine-1.11.4.jar:1.11.4]
	at org.junit.platform.engine.support.hierarchical.Node.around(Node.java:137) ~[junit-platform-engine-1.11.4.jar:1.11.4]
	at org.junit.platform.engine.support.hierarchical.NodeTestTask.lambda$executeRecursively$9(NodeTestTask.java:144) ~[junit-platform-engine-1.11.4.jar:1.11.4]
	at org.junit.platform.engine.support.hierarchical.ThrowableCollector.execute(ThrowableCollector.java:73) ~[junit-platform-engine-1.11.4.jar:1.11.4]
	at org.junit.platform.engine.support.hierarchical.NodeTestTask.executeRecursively(NodeTestTask.java:143) ~[junit-platform-engine-1.11.4.jar:1.11.4]
	at org.junit.platform.engine.support.hierarchical.NodeTestTask.execute(NodeTestTask.java:100) ~[junit-platform-engine-1.11.4.jar:1.11.4]
	at org.junit.platform.engine.support.hierarchical.SameThreadHierarchicalTestExecutorService.submit(SameThreadHierarchicalTestExecutorService.java:35) ~[junit-platform-engine-1.11.4.jar:1.11.4]
	at org.junit.platform.engine.support.hierarchical.HierarchicalTestExecutor.execute(HierarchicalTestExecutor.java:57) ~[junit-platform-engine-1.11.4.jar:1.11.4]
	at org.junit.platform.engine.support.hierarchical.HierarchicalTestEngine.execute(HierarchicalTestEngine.java:54) ~[junit-platform-engine-1.11.4.jar:1.11.4]
	at org.junit.platform.launcher.core.EngineExecutionOrchestrator.execute(EngineExecutionOrchestrator.java:198) ~[junit-platform-launcher-1.11.4.jar:1.11.4]
	at org.junit.platform.launcher.core.EngineExecutionOrchestrator.execute(EngineExecutionOrchestrator.java:169) ~[junit-platform-launcher-1.11.4.jar:1.11.4]
	at org.junit.platform.launcher.core.EngineExecutionOrchestrator.execute(EngineExecutionOrchestrator.java:93) ~[junit-platform-launcher-1.11.4.jar:1.11.4]
	at org.junit.platform.launcher.core.EngineExecutionOrchestrator.lambda$execute$0(EngineExecutionOrchestrator.java:58) ~[junit-platform-launcher-1.11.4.jar:1.11.4]
	at org.junit.platform.launcher.core.EngineExecutionOrchestrator.withInterceptedStreams(EngineExecutionOrchestrator.java:141) ~[junit-platform-launcher-1.11.4.jar:1.11.4]
	at org.junit.platform.launcher.core.EngineExecutionOrchestrator.execute(EngineExecutionOrchestrator.java:57) ~[junit-platform-launcher-1.11.4.jar:1.11.4]
	at org.junit.platform.launcher.core.DefaultLauncher.execute(DefaultLauncher.java:103) ~[junit-platform-launcher-1.11.4.jar:1.11.4]
	at org.junit.platform.launcher.core.DefaultLauncher.execute(DefaultLauncher.java:85) ~[junit-platform-launcher-1.11.4.jar:1.11.4]
	at org.junit.platform.launcher.core.DelegatingLauncher.execute(DelegatingLauncher.java:47) ~[junit-platform-launcher-1.11.4.jar:1.11.4]
	at org.apache.maven.surefire.junitplatform.LazyLauncher.execute(LazyLauncher.java:56) ~[surefire-junit-platform-3.5.2.jar:3.5.2]
	at org.apache.maven.surefire.junitplatform.JUnitPlatformProvider.execute(JUnitPlatformProvider.java:184) ~[surefire-junit-platform-3.5.2.jar:3.5.2]
	at org.apache.maven.surefire.junitplatform.JUnitPlatformProvider.invokeAllTests(JUnitPlatformProvider.java:148) ~[surefire-junit-platform-3.5.2.jar:3.5.2]
	at org.apache.maven.surefire.junitplatform.JUnitPlatformProvider.invoke(JUnitPlatformProvider.java:122) ~[surefire-junit-platform-3.5.2.jar:3.5.2]
	at org.apache.maven.surefire.booter.ForkedBooter.runSuitesInProcess(ForkedBooter.java:385) ~[surefire-booter-3.5.2.jar:3.5.2]
	at org.apache.maven.surefire.booter.ForkedBooter.execute(ForkedBooter.java:162) ~[surefire-booter-3.5.2.jar:3.5.2]
	at org.apache.maven.surefire.booter.ForkedBooter.run(ForkedBooter.java:507) ~[surefire-booter-3.5.2.jar:3.5.2]
	at org.apache.maven.surefire.booter.ForkedBooter.main(ForkedBooter.java:495) ~[surefire-booter-3.5.2.jar:3.5.2]
Caused by: java.sql.SQLException: Referencing column 'user_id' and referenced column 'id' in foreign key constraint 'FKd8qhxyfxcdueyy3f5xdju7oj5' are incompatible.
	at com.mysql.cj.jdbc.exceptions.SQLError.createSQLException(SQLError.java:121) ~[mysql-connector-j-9.1.0.jar:9.1.0]
	at com.mysql.cj.jdbc.exceptions.SQLExceptionsMapping.translateException(SQLExceptionsMapping.java:114) ~[mysql-connector-j-9.1.0.jar:9.1.0]
	at com.mysql.cj.jdbc.StatementImpl.executeInternal(StatementImpl.java:837) ~[mysql-connector-j-9.1.0.jar:9.1.0]
	at com.mysql.cj.jdbc.StatementImpl.execute(StatementImpl.java:685) ~[mysql-connector-j-9.1.0.jar:9.1.0]
	at com.zaxxer.hikari.pool.ProxyStatement.execute(ProxyStatement.java:94) ~[HikariCP-5.1.0.jar:na]
	at com.zaxxer.hikari.pool.HikariProxyStatement.execute(HikariProxyStatement.java) ~[HikariCP-5.1.0.jar:na]
	at org.hibernate.tool.schema.internal.exec.GenerationTargetToDatabase.accept(GenerationTargetToDatabase.java:80) ~[hibernate-core-6.6.5.Final.jar:6.6.5.Final]
	... 116 common frames omitted

2025-02-20T22:57:21.200+08:00  INFO 99541 --- [cnki_java] [           main] j.LocalContainerEntityManagerFactoryBean : Initialized JPA EntityManagerFactory for persistence unit 'default'
2025-02-20T22:57:21.222+08:00 TRACE 99541 --- [cnki_java] [           main] .i.s.PathMatchingResourcePatternResolver : Resolved module-path location pattern [META-INF/jpa-named-queries.properties] to resources []
2025-02-20T22:57:21.222+08:00 TRACE 99541 --- [cnki_java] [           main] .i.s.PathMatchingResourcePatternResolver : Resolved class path location [META-INF/jpa-named-queries.properties] to resources []
2025-02-20T22:57:21.263+08:00 TRACE 99541 --- [cnki_java] [           main] o.s.c.io.support.SpringFactoriesLoader   : Loaded [org.springframework.data.util.CustomCollectionRegistrar] names: [org.springframework.data.util.CustomCollections.VavrCollections, org.springframework.data.util.CustomCollections.EclipseCollections]
2025-02-20T22:57:21.287+08:00 TRACE 99541 --- [cnki_java] [           main] o.s.c.io.support.SpringFactoriesLoader   : Loaded [org.springframework.data.util.ProxyUtils$ProxyDetector] names: [org.springframework.data.jpa.util.HibernateProxyDetector]
2025-02-20T22:57:21.366+08:00  INFO 99541 --- [cnki_java] [           main] o.s.d.j.r.query.QueryEnhancerFactory     : Hibernate is in classpath; If applicable, HQL parser will be used.
2025-02-20T22:57:21.799+08:00 TRACE 99541 --- [cnki_java] [           main] .i.s.PathMatchingResourcePatternResolver : Resolved module-path location pattern [META-INF/jpa-named-queries.properties] to resources []
2025-02-20T22:57:21.799+08:00 TRACE 99541 --- [cnki_java] [           main] .i.s.PathMatchingResourcePatternResolver : Resolved class path location [META-INF/jpa-named-queries.properties] to resources []
2025-02-20T22:57:21.809+08:00 TRACE 99541 --- [cnki_java] [           main] .i.s.PathMatchingResourcePatternResolver : Resolved module-path location pattern [META-INF/jpa-named-queries.properties] to resources []
2025-02-20T22:57:21.809+08:00 TRACE 99541 --- [cnki_java] [           main] .i.s.PathMatchingResourcePatternResolver : Resolved class path location [META-INF/jpa-named-queries.properties] to resources []
2025-02-20T22:57:21.825+08:00 TRACE 99541 --- [cnki_java] [           main] .i.s.PathMatchingResourcePatternResolver : Resolved module-path location pattern [com/cnki/www/cnki_java/**/*.class] to resources []
2025-02-20T22:57:21.826+08:00 TRACE 99541 --- [cnki_java] [           main] .i.s.PathMatchingResourcePatternResolver : Searching directory [/Users/rick/Desktop/CNKI/cnki_java/target/test-classes/com/cnki/www/cnki_java] for files matching pattern [**/*.class]
2025-02-20T22:57:21.826+08:00 TRACE 99541 --- [cnki_java] [           main] .i.s.PathMatchingResourcePatternResolver : Searching directory [/Users/rick/Desktop/CNKI/cnki_java/target/classes/com/cnki/www/cnki_java] for files matching pattern [**/*.class]
2025-02-20T22:57:21.827+08:00 TRACE 99541 --- [cnki_java] [           main] .i.s.PathMatchingResourcePatternResolver : Resolved location pattern [classpath*:com/cnki/www/cnki_java/**/*.class] to resources [file [/Users/rick/Desktop/CNKI/cnki_java/target/test-classes/com/cnki/www/cnki_java/CnkiJavaApplicationTests.class], file [/Users/rick/Desktop/CNKI/cnki_java/target/classes/com/cnki/www/cnki_java/CnkiJavaApplication.class], file [/Users/rick/Desktop/CNKI/cnki_java/target/classes/com/cnki/www/cnki_java/common/ApiResponse.class], file [/Users/rick/Desktop/CNKI/cnki_java/target/classes/com/cnki/www/cnki_java/config/CorsConfig$1.class], file [/Users/rick/Desktop/CNKI/cnki_java/target/classes/com/cnki/www/cnki_java/config/CorsConfig.class], file [/Users/rick/Desktop/CNKI/cnki_java/target/classes/com/cnki/www/cnki_java/config/KaptchaConfig.class], file [/Users/rick/Desktop/CNKI/cnki_java/target/classes/com/cnki/www/cnki_java/config/SecurityConfig.class], file [/Users/rick/Desktop/CNKI/cnki_java/target/classes/com/cnki/www/cnki_java/config/WebConfig.class], file [/Users/rick/Desktop/CNKI/cnki_java/target/classes/com/cnki/www/cnki_java/config/WebMvcConfig.class], file [/Users/rick/Desktop/CNKI/cnki_java/target/classes/com/cnki/www/cnki_java/controller/CaptchaController.class], file [/Users/rick/Desktop/CNKI/cnki_java/target/classes/com/cnki/www/cnki_java/controller/KnowledgeGraphController.class], file [/Users/rick/Desktop/CNKI/cnki_java/target/classes/com/cnki/www/cnki_java/controller/PaperController.class], file [/Users/rick/Desktop/CNKI/cnki_java/target/classes/com/cnki/www/cnki_java/controller/UserController.class], file [/Users/rick/Desktop/CNKI/cnki_java/target/classes/com/cnki/www/cnki_java/dto/LoginRequest.class], file [/Users/rick/Desktop/CNKI/cnki_java/target/classes/com/cnki/www/cnki_java/dto/PaperResponseDTO.class], file [/Users/rick/Desktop/CNKI/cnki_java/target/classes/com/cnki/www/cnki_java/dto/RegisterRequest.class], file [/Users/rick/Desktop/CNKI/cnki_java/target/classes/com/cnki/www/cnki_java/dto/UserResponseDTO.class], file [/Users/rick/Desktop/CNKI/cnki_java/target/classes/com/cnki/www/cnki_java/entity/Favorite.class], file [/Users/rick/Desktop/CNKI/cnki_java/target/classes/com/cnki/www/cnki_java/entity/Paper.class], file [/Users/rick/Desktop/CNKI/cnki_java/target/classes/com/cnki/www/cnki_java/entity/PaperKeywords.class], file [/Users/rick/Desktop/CNKI/cnki_java/target/classes/com/cnki/www/cnki_java/entity/SearchHistory.class], file [/Users/rick/Desktop/CNKI/cnki_java/target/classes/com/cnki/www/cnki_java/entity/User.class], file [/Users/rick/Desktop/CNKI/cnki_java/target/classes/com/cnki/www/cnki_java/entity/ViewHistory.class], file [/Users/rick/Desktop/CNKI/cnki_java/target/classes/com/cnki/www/cnki_java/repository/FavoriteRepository.class], file [/Users/rick/Desktop/CNKI/cnki_java/target/classes/com/cnki/www/cnki_java/repository/PaperKeywordsRepository.class], file [/Users/rick/Desktop/CNKI/cnki_java/target/classes/com/cnki/www/cnki_java/repository/PaperRepository.class], file [/Users/rick/Desktop/CNKI/cnki_java/target/classes/com/cnki/www/cnki_java/repository/SearchHistoryRepository.class], file [/Users/rick/Desktop/CNKI/cnki_java/target/classes/com/cnki/www/cnki_java/repository/UserRepository.class], file [/Users/rick/Desktop/CNKI/cnki_java/target/classes/com/cnki/www/cnki_java/repository/ViewHistoryRepository.class], file [/Users/rick/Desktop/CNKI/cnki_java/target/classes/com/cnki/www/cnki_java/service/KnowledgeGraphService$1.class], file [/Users/rick/Desktop/CNKI/cnki_java/target/classes/com/cnki/www/cnki_java/service/KnowledgeGraphService.class], file [/Users/rick/Desktop/CNKI/cnki_java/target/classes/com/cnki/www/cnki_java/util/PdfKeywordExtractor.class]]
2025-02-20T22:57:21.843+08:00  INFO 99541 --- [cnki_java] [           main] c.c.w.c.service.KnowledgeGraphService    : 开始加载知识图谱...
2025-02-20T22:57:31.327+08:00  INFO 99541 --- [cnki_java] [           main] c.c.w.c.service.KnowledgeGraphService    : 知识图谱已是最新
2025-02-20T22:57:31.331+08:00 TRACE 99541 --- [cnki_java] [           main] .i.s.PathMatchingResourcePatternResolver : Resolved module-path location pattern [META-INF/jpa-named-queries.properties] to resources []
2025-02-20T22:57:31.331+08:00 TRACE 99541 --- [cnki_java] [           main] .i.s.PathMatchingResourcePatternResolver : Resolved class path location [META-INF/jpa-named-queries.properties] to resources []
2025-02-20T22:57:31.339+08:00 TRACE 99541 --- [cnki_java] [           main] .i.s.PathMatchingResourcePatternResolver : Resolved module-path location pattern [META-INF/jpa-named-queries.properties] to resources []
2025-02-20T22:57:31.339+08:00 TRACE 99541 --- [cnki_java] [           main] .i.s.PathMatchingResourcePatternResolver : Resolved class path location [META-INF/jpa-named-queries.properties] to resources []
2025-02-20T22:57:31.353+08:00 TRACE 99541 --- [cnki_java] [           main] .i.s.PathMatchingResourcePatternResolver : Resolved module-path location pattern [META-INF/jpa-named-queries.properties] to resources []
2025-02-20T22:57:31.353+08:00 TRACE 99541 --- [cnki_java] [           main] .i.s.PathMatchingResourcePatternResolver : Resolved class path location [META-INF/jpa-named-queries.properties] to resources []
2025-02-20T22:57:31.397+08:00  WARN 99541 --- [cnki_java] [           main] JpaBaseConfiguration$JpaWebConfiguration : spring.jpa.open-in-view is enabled by default. Therefore, database queries may be performed during view rendering. Explicitly configure spring.jpa.open-in-view to disable this warning
2025-02-20T22:57:31.406+08:00  WARN 99541 --- [cnki_java] [           main] .s.s.UserDetailsServiceAutoConfiguration : 

Using generated security password: bbeaf7da-bc82-4f62-ba28-de954fe4ec6d

This generated password is for development use only. Your security configuration must be updated before running your application in production.

2025-02-20T22:57:31.418+08:00  INFO 99541 --- [cnki_java] [           main] r$InitializeUserDetailsManagerConfigurer : Global AuthenticationManager configured with UserDetailsService bean with name inMemoryUserDetailsManager
2025-02-20T22:57:31.485+08:00 TRACE 99541 --- [cnki_java] [           main] o.s.c.io.support.SpringFactoriesLoader   : Loaded [org.springframework.security.config.annotation.web.configurers.AbstractHttpConfigurer] names: []
2025-02-20T22:57:31.506+08:00 TRACE 99541 --- [cnki_java] [           main] o.s.c.io.support.SpringFactoriesLoader   : Loaded [org.springframework.boot.autoconfigure.template.TemplateAvailabilityProvider] names: [org.springframework.boot.autoconfigure.freemarker.FreeMarkerTemplateAvailabilityProvider, org.springframework.boot.autoconfigure.mustache.MustacheTemplateAvailabilityProvider, org.springframework.boot.autoconfigure.groovy.template.GroovyTemplateAvailabilityProvider, org.springframework.boot.autoconfigure.thymeleaf.ThymeleafTemplateAvailabilityProvider, org.springframework.boot.autoconfigure.web.servlet.JspTemplateAvailabilityProvider]
2025-02-20T22:57:31.515+08:00 TRACE 99541 --- [cnki_java] [           main] o.s.c.io.support.SpringFactoriesLoader   : Loaded [org.springframework.boot.autoconfigure.template.TemplateAvailabilityProvider] names: [org.springframework.boot.autoconfigure.freemarker.FreeMarkerTemplateAvailabilityProvider, org.springframework.boot.autoconfigure.mustache.MustacheTemplateAvailabilityProvider, org.springframework.boot.autoconfigure.groovy.template.GroovyTemplateAvailabilityProvider, org.springframework.boot.autoconfigure.thymeleaf.ThymeleafTemplateAvailabilityProvider, org.springframework.boot.autoconfigure.web.servlet.JspTemplateAvailabilityProvider]
2025-02-20T22:57:31.531+08:00 TRACE 99541 --- [cnki_java] [           main] s.w.s.m.m.a.RequestMappingHandlerMapping : 
	c.c.w.c.c.CaptchaController:
	{GET [/captcha]}: getCaptcha(HttpServletRequest,HttpServletResponse)
2025-02-20T22:57:31.536+08:00 TRACE 99541 --- [cnki_java] [           main] s.w.s.m.m.a.RequestMappingHandlerMapping : 
	c.c.w.c.c.KnowledgeGraphController:
	{GET [/api/knowledge-graph/image], produces [image/png]}: getKnowledgeGraphImage()
2025-02-20T22:57:31.538+08:00 TRACE 99541 --- [cnki_java] [           main] s.w.s.m.m.a.RequestMappingHandlerMapping : 
	c.c.w.c.c.PaperController:
	{GET [/api/papers/search]}: searchPapers(String,String)
	{GET [/api/papers/checkFile/{paperId}]}: checkPdfFile(String)
	{POST [/api/papers/view]}: recordView(String,String)
	{GET [/api/papers/view-history]}: getViewHistory(String)
	{POST [/api/papers/favorite]}: addFavorite(String,String)
	{DELETE [/api/papers/favorite]}: removeFavorite(String,String)
	{GET [/api/papers/favorites]}: getFavorites(String)
	{GET [/api/papers/recommend]}: getRecommendations(String,int)
	{GET [/api/papers/latest]}: getLatestPapers(String)
2025-02-20T22:57:31.539+08:00 TRACE 99541 --- [cnki_java] [           main] s.w.s.m.m.a.RequestMappingHandlerMapping : 
	c.c.w.c.c.UserController:
	{POST [/register]}: register(RegisterRequest)
	{POST [/login]}: login(LoginRequest,HttpSession)
	{GET [/search-history]}: getSearchHistory(UserDetails)
2025-02-20T22:57:31.542+08:00 TRACE 99541 --- [cnki_java] [           main] s.w.s.m.m.a.RequestMappingHandlerMapping : 
	o.s.b.a.w.s.e.BasicErrorController:
	{ [/error]}: error(HttpServletRequest)
	{ [/error], produces [text/html]}: errorHtml(HttpServletRequest,HttpServletResponse)
2025-02-20T22:57:31.543+08:00 DEBUG 99541 --- [cnki_java] [           main] s.w.s.m.m.a.RequestMappingHandlerMapping : 16 mappings in 'requestMappingHandlerMapping'
2025-02-20T22:57:31.547+08:00 DEBUG 99541 --- [cnki_java] [           main] o.s.w.s.h.BeanNameUrlHandlerMapping      : Detected 0 mappings in 'beanNameHandlerMapping'
2025-02-20T22:57:31.571+08:00  INFO 99541 --- [cnki_java] [           main] c.c.www.cnki_java.config.WebMvcConfig    : PDF文件路径配置: file:/Users/rick/Desktop/CNKI/cnki_java/pages/
2025-02-20T22:57:31.571+08:00  INFO 99541 --- [cnki_java] [           main] c.c.www.cnki_java.config.WebMvcConfig    : PDF目录是否存在: true
2025-02-20T22:57:31.571+08:00  INFO 99541 --- [cnki_java] [           main] c.c.www.cnki_java.config.WebMvcConfig    : PDF目录是否可读: true
2025-02-20T22:57:31.571+08:00  INFO 99541 --- [cnki_java] [           main] c.c.www.cnki_java.config.WebMvcConfig    : PDF目录绝对路径: /Users/rick/Desktop/CNKI/cnki_java/pages
2025-02-20T22:57:31.571+08:00  INFO 99541 --- [cnki_java] [           main] c.c.www.cnki_java.config.WebMvcConfig    : 发现文件: 2006.13575v1.pdf (大小: 7069759 bytes, 可读: true, 是文件: true)
2025-02-20T22:57:31.571+08:00  INFO 99541 --- [cnki_java] [           main] c.c.www.cnki_java.config.WebMvcConfig    : 发现文件: 1801.02712v2.pdf (大小: 1414294 bytes, 可读: true, 是文件: true)
2025-02-20T22:57:31.572+08:00  INFO 99541 --- [cnki_java] [           main] c.c.www.cnki_java.config.WebMvcConfig    : 发现文件: 1606.01218v1.pdf (大小: 456477 bytes, 可读: true, 是文件: true)
2025-02-20T22:57:31.572+08:00  INFO 99541 --- [cnki_java] [           main] c.c.www.cnki_java.config.WebMvcConfig    : 发现文件: 2010.03200v2.pdf (大小: 1496907 bytes, 可读: true, 是文件: true)
2025-02-20T22:57:31.572+08:00  INFO 99541 --- [cnki_java] [           main] c.c.www.cnki_java.config.WebMvcConfig    : 发现文件: 1702.07246v2.pdf (大小: 613381 bytes, 可读: true, 是文件: true)
2025-02-20T22:57:31.572+08:00  INFO 99541 --- [cnki_java] [           main] c.c.www.cnki_java.config.WebMvcConfig    : 发现文件: 2012.01616v2.pdf (大小: 2362266 bytes, 可读: true, 是文件: true)
2025-02-20T22:57:31.572+08:00  INFO 99541 --- [cnki_java] [           main] c.c.www.cnki_java.config.WebMvcConfig    : 发现文件: 2106.12352v1.pdf (大小: 10878552 bytes, 可读: true, 是文件: true)
2025-02-20T22:57:31.572+08:00  INFO 99541 --- [cnki_java] [           main] c.c.www.cnki_java.config.WebMvcConfig    : 发现文件: 2310.05800v1.pdf (大小: 666233 bytes, 可读: true, 是文件: true)
2025-02-20T22:57:31.572+08:00  INFO 99541 --- [cnki_java] [           main] c.c.www.cnki_java.config.WebMvcConfig    : 发现文件: 2402.01161v3.pdf (大小: 813819 bytes, 可读: true, 是文件: true)
2025-02-20T22:57:31.572+08:00  INFO 99541 --- [cnki_java] [           main] c.c.www.cnki_java.config.WebMvcConfig    : 发现文件: 2201.09496v4.pdf (大小: 966810 bytes, 可读: true, 是文件: true)
2025-02-20T22:57:31.572+08:00  INFO 99541 --- [cnki_java] [           main] c.c.www.cnki_java.config.WebMvcConfig    : 发现文件: 1504.07464v1.pdf (大小: 2702630 bytes, 可读: true, 是文件: true)
2025-02-20T22:57:31.572+08:00  INFO 99541 --- [cnki_java] [           main] c.c.www.cnki_java.config.WebMvcConfig    : 发现文件: 1812.08548v2.pdf (大小: 1086191 bytes, 可读: true, 是文件: true)
2025-02-20T22:57:31.572+08:00  INFO 99541 --- [cnki_java] [           main] c.c.www.cnki_java.config.WebMvcConfig    : 发现文件: 1810.00083v1.pdf (大小: 3149017 bytes, 可读: true, 是文件: true)
2025-02-20T22:57:31.572+08:00  INFO 99541 --- [cnki_java] [           main] c.c.www.cnki_java.config.WebMvcConfig    : 发现文件: 2410.01371v1.pdf (大小: 577242 bytes, 可读: true, 是文件: true)
2025-02-20T22:57:31.572+08:00  INFO 99541 --- [cnki_java] [           main] c.c.www.cnki_java.config.WebMvcConfig    : 发现文件: 2011.08703v1.pdf (大小: 121396 bytes, 可读: true, 是文件: true)
2025-02-20T22:57:31.572+08:00  INFO 99541 --- [cnki_java] [           main] c.c.www.cnki_java.config.WebMvcConfig    : 发现文件: 2112.01257v1.pdf (大小: 593525 bytes, 可读: true, 是文件: true)
2025-02-20T22:57:31.572+08:00  INFO 99541 --- [cnki_java] [           main] c.c.www.cnki_java.config.WebMvcConfig    : 发现文件: 1801.05200v1.pdf (大小: 2490417 bytes, 可读: true, 是文件: true)
2025-02-20T22:57:31.573+08:00  INFO 99541 --- [cnki_java] [           main] c.c.www.cnki_java.config.WebMvcConfig    : 发现文件: 1707.00555v1.pdf (大小: 3715855 bytes, 可读: true, 是文件: true)
2025-02-20T22:57:31.573+08:00  INFO 99541 --- [cnki_java] [           main] c.c.www.cnki_java.config.WebMvcConfig    : 发现文件: 1301.4883v1.pdf (大小: 1931336 bytes, 可读: true, 是文件: true)
2025-02-20T22:57:31.573+08:00  INFO 99541 --- [cnki_java] [           main] c.c.www.cnki_java.config.WebMvcConfig    : 发现文件: 1802.05456v1.pdf (大小: 767932 bytes, 可读: true, 是文件: true)
2025-02-20T22:57:31.573+08:00  INFO 99541 --- [cnki_java] [           main] c.c.www.cnki_java.config.WebMvcConfig    : 发现文件: 2406.19138v1.pdf (大小: 813310 bytes, 可读: true, 是文件: true)
2025-02-20T22:57:31.573+08:00  INFO 99541 --- [cnki_java] [           main] c.c.www.cnki_java.config.WebMvcConfig    : 发现文件: 2212.04266v1.pdf (大小: 400655 bytes, 可读: true, 是文件: true)
2025-02-20T22:57:31.573+08:00  INFO 99541 --- [cnki_java] [           main] c.c.www.cnki_java.config.WebMvcConfig    : 发现文件: 2211.02264v1.pdf (大小: 1824958 bytes, 可读: true, 是文件: true)
2025-02-20T22:57:31.573+08:00  INFO 99541 --- [cnki_java] [           main] c.c.www.cnki_java.config.WebMvcConfig    : 发现文件: 2201.00350v5.pdf (大小: 1925733 bytes, 可读: true, 是文件: true)
2025-02-20T22:57:31.573+08:00  INFO 99541 --- [cnki_java] [           main] c.c.www.cnki_java.config.WebMvcConfig    : 发现文件: 2011.14644v1.pdf (大小: 1823585 bytes, 可读: true, 是文件: true)
2025-02-20T22:57:31.573+08:00  INFO 99541 --- [cnki_java] [           main] c.c.www.cnki_java.config.WebMvcConfig    : 发现文件: 2207.02285v1.pdf (大小: 15786527 bytes, 可读: true, 是文件: true)
2025-02-20T22:57:31.573+08:00  INFO 99541 --- [cnki_java] [           main] c.c.www.cnki_java.config.WebMvcConfig    : 发现文件: 2101.10679v2.pdf (大小: 1209822 bytes, 可读: true, 是文件: true)
2025-02-20T22:57:31.573+08:00  INFO 99541 --- [cnki_java] [           main] c.c.www.cnki_java.config.WebMvcConfig    : 发现文件: 1010.0919v1.pdf (大小: 1303909 bytes, 可读: true, 是文件: true)
2025-02-20T22:57:31.573+08:00  INFO 99541 --- [cnki_java] [           main] c.c.www.cnki_java.config.WebMvcConfig    : 发现文件: 1510.00287v1.pdf (大小: 653514 bytes, 可读: true, 是文件: true)
2025-02-20T22:57:31.573+08:00  INFO 99541 --- [cnki_java] [           main] c.c.www.cnki_java.config.WebMvcConfig    : 发现文件: 2103.02598v3.pdf (大小: 2942008 bytes, 可读: true, 是文件: true)
2025-02-20T22:57:31.573+08:00  INFO 99541 --- [cnki_java] [           main] c.c.www.cnki_java.config.WebMvcConfig    : 发现文件: 1710.01088v1.pdf (大小: 1123238 bytes, 可读: true, 是文件: true)
2025-02-20T22:57:31.573+08:00  INFO 99541 --- [cnki_java] [           main] c.c.www.cnki_java.config.WebMvcConfig    : 发现文件: 2304.07102v1.pdf (大小: 2298861 bytes, 可读: true, 是文件: true)
2025-02-20T22:57:31.574+08:00  INFO 99541 --- [cnki_java] [           main] c.c.www.cnki_java.config.WebMvcConfig    : 发现文件: 2204.06371v1.pdf (大小: 2643181 bytes, 可读: true, 是文件: true)
2025-02-20T22:57:31.574+08:00  INFO 99541 --- [cnki_java] [           main] c.c.www.cnki_java.config.WebMvcConfig    : 发现文件: 2301.01202v1.pdf (大小: 2203168 bytes, 可读: true, 是文件: true)
2025-02-20T22:57:31.574+08:00  INFO 99541 --- [cnki_java] [           main] c.c.www.cnki_java.config.WebMvcConfig    : 发现文件: 2407.11267v1.pdf (大小: 803441 bytes, 可读: true, 是文件: true)
2025-02-20T22:57:31.574+08:00  INFO 99541 --- [cnki_java] [           main] c.c.www.cnki_java.config.WebMvcConfig    : 发现文件: 2002.01730v1.pdf (大小: 1018113 bytes, 可读: true, 是文件: true)
2025-02-20T22:57:31.574+08:00  INFO 99541 --- [cnki_java] [           main] c.c.www.cnki_java.config.WebMvcConfig    : 发现文件: 1810.08396v2.pdf (大小: 1011283 bytes, 可读: true, 是文件: true)
2025-02-20T22:57:31.574+08:00  INFO 99541 --- [cnki_java] [           main] c.c.www.cnki_java.config.WebMvcConfig    : 发现文件: 2111.11784v1.pdf (大小: 2887858 bytes, 可读: true, 是文件: true)
2025-02-20T22:57:31.574+08:00  INFO 99541 --- [cnki_java] [           main] c.c.www.cnki_java.config.WebMvcConfig    : 发现文件: 2204.03318v3.pdf (大小: 514112 bytes, 可读: true, 是文件: true)
2025-02-20T22:57:31.574+08:00  INFO 99541 --- [cnki_java] [           main] c.c.www.cnki_java.config.WebMvcConfig    : 发现文件: 1904.01107v1.pdf (大小: 342867 bytes, 可读: true, 是文件: true)
2025-02-20T22:57:31.574+08:00  INFO 99541 --- [cnki_java] [           main] c.c.www.cnki_java.config.WebMvcConfig    : 发现文件: 2411.15424v1.pdf (大小: 1226634 bytes, 可读: true, 是文件: true)
2025-02-20T22:57:31.574+08:00  INFO 99541 --- [cnki_java] [           main] c.c.www.cnki_java.config.WebMvcConfig    : 发现文件: 1507.07660v1.pdf (大小: 97023 bytes, 可读: true, 是文件: true)
2025-02-20T22:57:31.574+08:00  INFO 99541 --- [cnki_java] [           main] c.c.www.cnki_java.config.WebMvcConfig    : 发现文件: 1006.0656v4.pdf (大小: 103460 bytes, 可读: true, 是文件: true)
2025-02-20T22:57:31.574+08:00  INFO 99541 --- [cnki_java] [           main] c.c.www.cnki_java.config.WebMvcConfig    : 发现文件: 1408.0776v1.pdf (大小: 702811 bytes, 可读: true, 是文件: true)
2025-02-20T22:57:31.574+08:00  INFO 99541 --- [cnki_java] [           main] c.c.www.cnki_java.config.WebMvcConfig    : 发现文件: 1804.10869v1.pdf (大小: 1287347 bytes, 可读: true, 是文件: true)
2025-02-20T22:57:31.574+08:00  INFO 99541 --- [cnki_java] [           main] c.c.www.cnki_java.config.WebMvcConfig    : 发现文件: .DS_Store (大小: 26628 bytes, 可读: true, 是文件: true)
2025-02-20T22:57:31.574+08:00  INFO 99541 --- [cnki_java] [           main] c.c.www.cnki_java.config.WebMvcConfig    : 发现文件: 0005259v1.pdf (大小: 631808 bytes, 可读: true, 是文件: true)
2025-02-20T22:57:31.574+08:00  INFO 99541 --- [cnki_java] [           main] c.c.www.cnki_java.config.WebMvcConfig    : 发现文件: 2411.02033v1.pdf (大小: 744487 bytes, 可读: true, 是文件: true)
2025-02-20T22:57:31.574+08:00  INFO 99541 --- [cnki_java] [           main] c.c.www.cnki_java.config.WebMvcConfig    : 发现文件: 2104.06310v1.pdf (大小: 1520776 bytes, 可读: true, 是文件: true)
2025-02-20T22:57:31.574+08:00  INFO 99541 --- [cnki_java] [           main] c.c.www.cnki_java.config.WebMvcConfig    : 发现文件: 0505006v3.pdf (大小: 262145 bytes, 可读: true, 是文件: true)
2025-02-20T22:57:31.575+08:00  INFO 99541 --- [cnki_java] [           main] c.c.www.cnki_java.config.WebMvcConfig    : 发现文件: 1901.02248v1.pdf (大小: 471504 bytes, 可读: true, 是文件: true)
2025-02-20T22:57:31.575+08:00  INFO 99541 --- [cnki_java] [           main] c.c.www.cnki_java.config.WebMvcConfig    : 发现文件: 2007.09741v4.pdf (大小: 1703503 bytes, 可读: true, 是文件: true)
2025-02-20T22:57:31.575+08:00  INFO 99541 --- [cnki_java] [           main] c.c.www.cnki_java.config.WebMvcConfig    : 发现文件: 1908.02874v1.pdf (大小: 1677290 bytes, 可读: true, 是文件: true)
2025-02-20T22:57:31.575+08:00  INFO 99541 --- [cnki_java] [           main] c.c.www.cnki_java.config.WebMvcConfig    : 发现文件: 2409.01642v1.pdf (大小: 482882 bytes, 可读: true, 是文件: true)
2025-02-20T22:57:31.575+08:00  INFO 99541 --- [cnki_java] [           main] c.c.www.cnki_java.config.WebMvcConfig    : 发现文件: 1305.5423v1.pdf (大小: 2065650 bytes, 可读: true, 是文件: true)
2025-02-20T22:57:31.575+08:00  INFO 99541 --- [cnki_java] [           main] c.c.www.cnki_java.config.WebMvcConfig    : 发现文件: 1603.05931v1.pdf (大小: 4242900 bytes, 可读: true, 是文件: true)
2025-02-20T22:57:31.575+08:00  INFO 99541 --- [cnki_java] [           main] c.c.www.cnki_java.config.WebMvcConfig    : 发现文件: 1811.03820v1.pdf (大小: 165806 bytes, 可读: true, 是文件: true)
2025-02-20T22:57:31.575+08:00  INFO 99541 --- [cnki_java] [           main] c.c.www.cnki_java.config.WebMvcConfig    : 发现文件: 2209.14971v1.pdf (大小: 19613528 bytes, 可读: true, 是文件: true)
2025-02-20T22:57:31.575+08:00  INFO 99541 --- [cnki_java] [           main] c.c.www.cnki_java.config.WebMvcConfig    : 发现文件: 1504.04819v1.pdf (大小: 1225218 bytes, 可读: true, 是文件: true)
2025-02-20T22:57:31.575+08:00  INFO 99541 --- [cnki_java] [           main] c.c.www.cnki_java.config.WebMvcConfig    : 发现文件: 0709.4340v1.pdf (大小: 478269 bytes, 可读: true, 是文件: true)
2025-02-20T22:57:31.575+08:00  INFO 99541 --- [cnki_java] [           main] c.c.www.cnki_java.config.WebMvcConfig    : 发现文件: 2212.00627v1.pdf (大小: 19152668 bytes, 可读: true, 是文件: true)
2025-02-20T22:57:31.575+08:00  INFO 99541 --- [cnki_java] [           main] c.c.www.cnki_java.config.WebMvcConfig    : 发现文件: 1811.08963v1.pdf (大小: 1350880 bytes, 可读: true, 是文件: true)
2025-02-20T22:57:31.575+08:00  INFO 99541 --- [cnki_java] [           main] c.c.www.cnki_java.config.WebMvcConfig    : 发现文件: 1604.00598v1.pdf (大小: 3801347 bytes, 可读: true, 是文件: true)
2025-02-20T22:57:31.575+08:00  INFO 99541 --- [cnki_java] [           main] c.c.www.cnki_java.config.WebMvcConfig    : 发现文件: 2202.00638v1.pdf (大小: 8700178 bytes, 可读: true, 是文件: true)
2025-02-20T22:57:31.575+08:00  INFO 99541 --- [cnki_java] [           main] c.c.www.cnki_java.config.WebMvcConfig    : 发现文件: 0809.3996v1.pdf (大小: 294518 bytes, 可读: true, 是文件: true)
2025-02-20T22:57:31.575+08:00  INFO 99541 --- [cnki_java] [           main] c.c.www.cnki_java.config.WebMvcConfig    : 发现文件: 1305.3149v1.pdf (大小: 204584 bytes, 可读: true, 是文件: true)
2025-02-20T22:57:31.576+08:00  INFO 99541 --- [cnki_java] [           main] c.c.www.cnki_java.config.WebMvcConfig    : 发现文件: 1809.03719v1.pdf (大小: 661845 bytes, 可读: true, 是文件: true)
2025-02-20T22:57:31.576+08:00  INFO 99541 --- [cnki_java] [           main] c.c.www.cnki_java.config.WebMvcConfig    : 发现文件: 1912.04015v2.pdf (大小: 427172 bytes, 可读: true, 是文件: true)
2025-02-20T22:57:31.576+08:00  INFO 99541 --- [cnki_java] [           main] c.c.www.cnki_java.config.WebMvcConfig    : 发现文件: 1806.03037v2.pdf (大小: 388708 bytes, 可读: true, 是文件: true)
2025-02-20T22:57:31.576+08:00  INFO 99541 --- [cnki_java] [           main] c.c.www.cnki_java.config.WebMvcConfig    : 发现文件: 2208.05964v1.pdf (大小: 2163782 bytes, 可读: true, 是文件: true)
2025-02-20T22:57:31.576+08:00  INFO 99541 --- [cnki_java] [           main] c.c.www.cnki_java.config.WebMvcConfig    : 发现文件: 2204.05199v1.pdf (大小: 6069951 bytes, 可读: true, 是文件: true)
2025-02-20T22:57:31.576+08:00  INFO 99541 --- [cnki_java] [           main] c.c.www.cnki_java.config.WebMvcConfig    : 发现文件: 2004.04188v2.pdf (大小: 283712 bytes, 可读: true, 是文件: true)
2025-02-20T22:57:31.576+08:00  INFO 99541 --- [cnki_java] [           main] c.c.www.cnki_java.config.WebMvcConfig    : 发现文件: 2304.14500v1.pdf (大小: 2598803 bytes, 可读: true, 是文件: true)
2025-02-20T22:57:31.576+08:00  INFO 99541 --- [cnki_java] [           main] c.c.www.cnki_java.config.WebMvcConfig    : 发现文件: 9607200v1.pdf (大小: 108593 bytes, 可读: true, 是文件: true)
2025-02-20T22:57:31.576+08:00  INFO 99541 --- [cnki_java] [           main] c.c.www.cnki_java.config.WebMvcConfig    : 发现文件: 2412.17381v1.pdf (大小: 2927874 bytes, 可读: true, 是文件: true)
2025-02-20T22:57:31.576+08:00  INFO 99541 --- [cnki_java] [           main] c.c.www.cnki_java.config.WebMvcConfig    : 发现文件: 2109.01046v3.pdf (大小: 693277 bytes, 可读: true, 是文件: true)
2025-02-20T22:57:31.576+08:00  INFO 99541 --- [cnki_java] [           main] c.c.www.cnki_java.config.WebMvcConfig    : 发现文件: 1708.03150v1.pdf (大小: 450089 bytes, 可读: true, 是文件: true)
2025-02-20T22:57:31.576+08:00  INFO 99541 --- [cnki_java] [           main] c.c.www.cnki_java.config.WebMvcConfig    : 发现文件: 2106.06923v1.pdf (大小: 3868280 bytes, 可读: true, 是文件: true)
2025-02-20T22:57:31.576+08:00  INFO 99541 --- [cnki_java] [           main] c.c.www.cnki_java.config.WebMvcConfig    : 发现文件: papers.json (大小: 100730 bytes, 可读: true, 是文件: true)
2025-02-20T22:57:31.576+08:00  INFO 99541 --- [cnki_java] [           main] c.c.www.cnki_java.config.WebMvcConfig    : 发现文件: 1001.4401v3.pdf (大小: 208688 bytes, 可读: true, 是文件: true)
2025-02-20T22:57:31.576+08:00  INFO 99541 --- [cnki_java] [           main] c.c.www.cnki_java.config.WebMvcConfig    : 发现文件: 1603.07020v2.pdf (大小: 6326152 bytes, 可读: true, 是文件: true)
2025-02-20T22:57:31.576+08:00  INFO 99541 --- [cnki_java] [           main] c.c.www.cnki_java.config.WebMvcConfig    : 发现文件: 2502.08800v1.pdf (大小: 16650348 bytes, 可读: true, 是文件: true)
2025-02-20T22:57:31.577+08:00  INFO 99541 --- [cnki_java] [           main] c.c.www.cnki_java.config.WebMvcConfig    : 发现文件: 1312.2383v1.pdf (大小: 954908 bytes, 可读: true, 是文件: true)
2025-02-20T22:57:31.577+08:00  INFO 99541 --- [cnki_java] [           main] c.c.www.cnki_java.config.WebMvcConfig    : 发现文件: 2208.04843v1.pdf (大小: 409047 bytes, 可读: true, 是文件: true)
2025-02-20T22:57:31.577+08:00  INFO 99541 --- [cnki_java] [           main] c.c.www.cnki_java.config.WebMvcConfig    : 发现文件: 2501.09529v1.pdf (大小: 1099749 bytes, 可读: true, 是文件: true)
2025-02-20T22:57:31.577+08:00  INFO 99541 --- [cnki_java] [           main] c.c.www.cnki_java.config.WebMvcConfig    : 发现文件: 2501.16831v1.pdf (大小: 964845 bytes, 可读: true, 是文件: true)
2025-02-20T22:57:31.577+08:00  INFO 99541 --- [cnki_java] [           main] c.c.www.cnki_java.config.WebMvcConfig    : 发现文件: 1908.11319v2.pdf (大小: 1209793 bytes, 可读: true, 是文件: true)
2025-02-20T22:57:31.577+08:00  INFO 99541 --- [cnki_java] [           main] c.c.www.cnki_java.config.WebMvcConfig    : 发现文件: 2001.03544v1.pdf (大小: 977033 bytes, 可读: true, 是文件: true)
2025-02-20T22:57:31.577+08:00  INFO 99541 --- [cnki_java] [           main] c.c.www.cnki_java.config.WebMvcConfig    : 发现文件: 2207.11908v1.pdf (大小: 4077947 bytes, 可读: true, 是文件: true)
2025-02-20T22:57:31.577+08:00  INFO 99541 --- [cnki_java] [           main] c.c.www.cnki_java.config.WebMvcConfig    : 发现文件: 2309.00875v2.pdf (大小: 734075 bytes, 可读: true, 是文件: true)
2025-02-20T22:57:31.577+08:00  INFO 99541 --- [cnki_java] [           main] c.c.www.cnki_java.config.WebMvcConfig    : 发现文件: 1409.4608v2.pdf (大小: 258749 bytes, 可读: true, 是文件: true)
2025-02-20T22:57:31.577+08:00  INFO 99541 --- [cnki_java] [           main] c.c.www.cnki_java.config.WebMvcConfig    : 发现文件: 1205.6901v2.pdf (大小: 300393 bytes, 可读: true, 是文件: true)
2025-02-20T22:57:31.577+08:00  INFO 99541 --- [cnki_java] [           main] c.c.www.cnki_java.config.WebMvcConfig    : 发现文件: 1803.08073v1.pdf (大小: 154754 bytes, 可读: true, 是文件: true)
2025-02-20T22:57:31.577+08:00  INFO 99541 --- [cnki_java] [           main] c.c.www.cnki_java.config.WebMvcConfig    : 发现文件: 2402.04977v1.pdf (大小: 849870 bytes, 可读: true, 是文件: true)
2025-02-20T22:57:31.577+08:00  INFO 99541 --- [cnki_java] [           main] c.c.www.cnki_java.config.WebMvcConfig    : 发现文件: 0801.4332v1.pdf (大小: 118351 bytes, 可读: true, 是文件: true)
2025-02-20T22:57:31.577+08:00  INFO 99541 --- [cnki_java] [           main] c.c.www.cnki_java.config.WebMvcConfig    : 发现文件: 2010.03408v6.pdf (大小: 856374 bytes, 可读: true, 是文件: true)
2025-02-20T22:57:31.577+08:00  INFO 99541 --- [cnki_java] [           main] c.c.www.cnki_java.config.WebMvcConfig    : 发现文件: 2010.11890v1.pdf (大小: 1081178 bytes, 可读: true, 是文件: true)
2025-02-20T22:57:31.577+08:00  INFO 99541 --- [cnki_java] [           main] c.c.www.cnki_java.config.WebMvcConfig    : 发现文件: 1112.5759v2.pdf (大小: 799845 bytes, 可读: true, 是文件: true)
2025-02-20T22:57:31.577+08:00  INFO 99541 --- [cnki_java] [           main] c.c.www.cnki_java.config.WebMvcConfig    : 发现文件: 2004.06079v1.pdf (大小: 4035360 bytes, 可读: true, 是文件: true)
2025-02-20T22:57:31.578+08:00  INFO 99541 --- [cnki_java] [           main] c.c.www.cnki_java.config.WebMvcConfig    : 发现文件: 0503006v1.pdf (大小: 144081 bytes, 可读: true, 是文件: true)
2025-02-20T22:57:31.578+08:00  INFO 99541 --- [cnki_java] [           main] c.c.www.cnki_java.config.WebMvcConfig    : 发现文件: 2404.07027v3.pdf (大小: 3099712 bytes, 可读: true, 是文件: true)
2025-02-20T22:57:31.578+08:00  INFO 99541 --- [cnki_java] [           main] c.c.www.cnki_java.config.WebMvcConfig    : 发现文件: 2110.09850v1.pdf (大小: 202874 bytes, 可读: true, 是文件: true)
2025-02-20T22:57:31.578+08:00  INFO 99541 --- [cnki_java] [           main] c.c.www.cnki_java.config.WebMvcConfig    : 发现文件: 2208.11177v1.pdf (大小: 10320007 bytes, 可读: true, 是文件: true)
2025-02-20T22:57:31.578+08:00  INFO 99541 --- [cnki_java] [           main] c.c.www.cnki_java.config.WebMvcConfig    : 发现文件: 2110.09312v1.pdf (大小: 452349 bytes, 可读: true, 是文件: true)
2025-02-20T22:57:31.578+08:00  INFO 99541 --- [cnki_java] [           main] c.c.www.cnki_java.config.WebMvcConfig    : 发现文件: 2304.14354v1.pdf (大小: 122401 bytes, 可读: true, 是文件: true)
2025-02-20T22:57:31.578+08:00  INFO 99541 --- [cnki_java] [           main] c.c.www.cnki_java.config.WebMvcConfig    : 发现文件: 1407.4542v1.pdf (大小: 3073247 bytes, 可读: true, 是文件: true)
2025-02-20T22:57:31.578+08:00  INFO 99541 --- [cnki_java] [           main] c.c.www.cnki_java.config.WebMvcConfig    : 发现文件: 2304.01533v2.pdf (大小: 7905256 bytes, 可读: true, 是文件: true)
2025-02-20T22:57:31.578+08:00  INFO 99541 --- [cnki_java] [           main] c.c.www.cnki_java.config.WebMvcConfig    : 发现文件: 2104.09921v1.pdf (大小: 952263 bytes, 可读: true, 是文件: true)
2025-02-20T22:57:31.578+08:00  INFO 99541 --- [cnki_java] [           main] c.c.www.cnki_java.config.WebMvcConfig    : 发现文件: 2311.02256v2.pdf (大小: 828584 bytes, 可读: true, 是文件: true)
2025-02-20T22:57:31.578+08:00  INFO 99541 --- [cnki_java] [           main] c.c.www.cnki_java.config.WebMvcConfig    : 发现文件: 1409.0328v1.pdf (大小: 1230245 bytes, 可读: true, 是文件: true)
2025-02-20T22:57:31.578+08:00  INFO 99541 --- [cnki_java] [           main] c.c.www.cnki_java.config.WebMvcConfig    : 发现文件: 2305.01929v1.pdf (大小: 15107759 bytes, 可读: true, 是文件: true)
2025-02-20T22:57:31.579+08:00  INFO 99541 --- [cnki_java] [           main] c.c.www.cnki_java.config.WebMvcConfig    : 发现文件: 2104.11891v2.pdf (大小: 1448767 bytes, 可读: true, 是文件: true)
2025-02-20T22:57:31.579+08:00  INFO 99541 --- [cnki_java] [           main] c.c.www.cnki_java.config.WebMvcConfig    : 发现文件: 0808.3360v1.pdf (大小: 210257 bytes, 可读: true, 是文件: true)
2025-02-20T22:57:31.579+08:00  INFO 99541 --- [cnki_java] [           main] c.c.www.cnki_java.config.WebMvcConfig    : 发现文件: 1911.10823v1.pdf (大小: 4941125 bytes, 可读: true, 是文件: true)
2025-02-20T22:57:31.579+08:00  INFO 99541 --- [cnki_java] [           main] c.c.www.cnki_java.config.WebMvcConfig    : 发现文件: 2407.13191v2.pdf (大小: 5226678 bytes, 可读: true, 是文件: true)
2025-02-20T22:57:31.579+08:00  INFO 99541 --- [cnki_java] [           main] c.c.www.cnki_java.config.WebMvcConfig    : 发现文件: 2208.07068v1.pdf (大小: 899875 bytes, 可读: true, 是文件: true)
2025-02-20T22:57:31.579+08:00  INFO 99541 --- [cnki_java] [           main] c.c.www.cnki_java.config.WebMvcConfig    : 发现文件: 2105.11207v1.pdf (大小: 7316728 bytes, 可读: true, 是文件: true)
2025-02-20T22:57:31.579+08:00  INFO 99541 --- [cnki_java] [           main] c.c.www.cnki_java.config.WebMvcConfig    : 发现文件: 2210.15952v2.pdf (大小: 1151288 bytes, 可读: true, 是文件: true)
2025-02-20T22:57:31.579+08:00  INFO 99541 --- [cnki_java] [           main] c.c.www.cnki_java.config.WebMvcConfig    : 发现文件: 2003.00404v1.pdf (大小: 1195825 bytes, 可读: true, 是文件: true)
2025-02-20T22:57:31.579+08:00  INFO 99541 --- [cnki_java] [           main] c.c.www.cnki_java.config.WebMvcConfig    : 发现文件: 2202.12179v1.pdf (大小: 610778 bytes, 可读: true, 是文件: true)
2025-02-20T22:57:31.579+08:00  INFO 99541 --- [cnki_java] [           main] c.c.www.cnki_java.config.WebMvcConfig    : 发现文件: 1907.00247v1.pdf (大小: 1787014 bytes, 可读: true, 是文件: true)
2025-02-20T22:57:31.579+08:00  INFO 99541 --- [cnki_java] [           main] c.c.www.cnki_java.config.WebMvcConfig    : 发现文件: 2412.12936v1.pdf (大小: 1037201 bytes, 可读: true, 是文件: true)
2025-02-20T22:57:31.579+08:00  INFO 99541 --- [cnki_java] [           main] c.c.www.cnki_java.config.WebMvcConfig    : 发现文件: 2102.00171v1.pdf (大小: 2053831 bytes, 可读: true, 是文件: true)
2025-02-20T22:57:31.580+08:00  INFO 99541 --- [cnki_java] [           main] c.c.www.cnki_java.config.WebMvcConfig    : 发现文件: 2105.05193v1.pdf (大小: 6499561 bytes, 可读: true, 是文件: true)
2025-02-20T22:57:31.580+08:00  INFO 99541 --- [cnki_java] [           main] c.c.www.cnki_java.config.WebMvcConfig    : 发现文件: 2107.12966v1.pdf (大小: 1182314 bytes, 可读: true, 是文件: true)
2025-02-20T22:57:31.580+08:00  INFO 99541 --- [cnki_java] [           main] c.c.www.cnki_java.config.WebMvcConfig    : 发现文件: 2409.16482v1.pdf (大小: 2531275 bytes, 可读: true, 是文件: true)
2025-02-20T22:57:31.580+08:00  INFO 99541 --- [cnki_java] [           main] c.c.www.cnki_java.config.WebMvcConfig    : 发现文件: 2104.12963v2.pdf (大小: 41490667 bytes, 可读: true, 是文件: true)
2025-02-20T22:57:31.580+08:00  INFO 99541 --- [cnki_java] [           main] c.c.www.cnki_java.config.WebMvcConfig    : 发现文件: 1912.10102v1.pdf (大小: 3290320 bytes, 可读: true, 是文件: true)
2025-02-20T22:57:31.580+08:00  INFO 99541 --- [cnki_java] [           main] c.c.www.cnki_java.config.WebMvcConfig    : 发现文件: 1906.00310v1.pdf (大小: 1434980 bytes, 可读: true, 是文件: true)
2025-02-20T22:57:31.580+08:00  INFO 99541 --- [cnki_java] [           main] c.c.www.cnki_java.config.WebMvcConfig    : 发现文件: 1610.07298v1.pdf (大小: 730854 bytes, 可读: true, 是文件: true)
2025-02-20T22:57:31.580+08:00  INFO 99541 --- [cnki_java] [           main] c.c.www.cnki_java.config.WebMvcConfig    : 发现文件: 1703.05361v1.pdf (大小: 1268890 bytes, 可读: true, 是文件: true)
2025-02-20T22:57:31.580+08:00  INFO 99541 --- [cnki_java] [           main] c.c.www.cnki_java.config.WebMvcConfig    : 发现文件: 2204.04804v3.pdf (大小: 18660712 bytes, 可读: true, 是文件: true)
2025-02-20T22:57:31.580+08:00  INFO 99541 --- [cnki_java] [           main] c.c.www.cnki_java.config.WebMvcConfig    : 发现文件: 1407.1429v1.pdf (大小: 447931 bytes, 可读: true, 是文件: true)
2025-02-20T22:57:31.580+08:00  INFO 99541 --- [cnki_java] [           main] c.c.www.cnki_java.config.WebMvcConfig    : 发现文件: 2002.07163v1.pdf (大小: 1250546 bytes, 可读: true, 是文件: true)
2025-02-20T22:57:31.580+08:00  INFO 99541 --- [cnki_java] [           main] c.c.www.cnki_java.config.WebMvcConfig    : 发现文件: 2112.12959v1.pdf (大小: 718859 bytes, 可读: true, 是文件: true)
2025-02-20T22:57:31.580+08:00  INFO 99541 --- [cnki_java] [           main] c.c.www.cnki_java.config.WebMvcConfig    : 发现文件: 2101.00357v1.pdf (大小: 726075 bytes, 可读: true, 是文件: true)
2025-02-20T22:57:31.580+08:00  INFO 99541 --- [cnki_java] [           main] c.c.www.cnki_java.config.WebMvcConfig    : 发现文件: 2211.13714v1.pdf (大小: 415480 bytes, 可读: true, 是文件: true)
2025-02-20T22:57:31.580+08:00  INFO 99541 --- [cnki_java] [           main] c.c.www.cnki_java.config.WebMvcConfig    : 发现文件: 2202.09845v1.pdf (大小: 1588771 bytes, 可读: true, 是文件: true)
2025-02-20T22:57:31.580+08:00  INFO 99541 --- [cnki_java] [           main] c.c.www.cnki_java.config.WebMvcConfig    : 发现文件: 2203.14758v1.pdf (大小: 826690 bytes, 可读: true, 是文件: true)
2025-02-20T22:57:31.580+08:00  INFO 99541 --- [cnki_java] [           main] c.c.www.cnki_java.config.WebMvcConfig    : 发现文件: 1305.5439v3.pdf (大小: 1847709 bytes, 可读: true, 是文件: true)
2025-02-20T22:57:31.580+08:00  INFO 99541 --- [cnki_java] [           main] c.c.www.cnki_java.config.WebMvcConfig    : 发现文件: 2009.12980v1.pdf (大小: 338294 bytes, 可读: true, 是文件: true)
2025-02-20T22:57:31.581+08:00  INFO 99541 --- [cnki_java] [           main] c.c.www.cnki_java.config.WebMvcConfig    : 发现文件: 1010.4195v1.pdf (大小: 23231 bytes, 可读: true, 是文件: true)
2025-02-20T22:57:31.581+08:00  INFO 99541 --- [cnki_java] [           main] c.c.www.cnki_java.config.WebMvcConfig    : 发现文件: 1603.07712v1.pdf (大小: 942050 bytes, 可读: true, 是文件: true)
2025-02-20T22:57:31.581+08:00  INFO 99541 --- [cnki_java] [           main] c.c.www.cnki_java.config.WebMvcConfig    : 发现文件: 2412.07456v1.pdf (大小: 38272971 bytes, 可读: true, 是文件: true)
2025-02-20T22:57:31.581+08:00  INFO 99541 --- [cnki_java] [           main] c.c.www.cnki_java.config.WebMvcConfig    : 发现文件: 1302.6885v1.pdf (大小: 1485240 bytes, 可读: true, 是文件: true)
2025-02-20T22:57:31.581+08:00  INFO 99541 --- [cnki_java] [           main] c.c.www.cnki_java.config.WebMvcConfig    : 发现文件: 2011.10302v1.pdf (大小: 1435798 bytes, 可读: true, 是文件: true)
2025-02-20T22:57:31.581+08:00  INFO 99541 --- [cnki_java] [           main] c.c.www.cnki_java.config.WebMvcConfig    : 发现文件: 2103.00238v1.pdf (大小: 673659 bytes, 可读: true, 是文件: true)
2025-02-20T22:57:31.581+08:00  INFO 99541 --- [cnki_java] [           main] c.c.www.cnki_java.config.WebMvcConfig    : 发现文件: 2105.11327v3.pdf (大小: 807838 bytes, 可读: true, 是文件: true)
2025-02-20T22:57:31.581+08:00  INFO 99541 --- [cnki_java] [           main] c.c.www.cnki_java.config.WebMvcConfig    : 发现文件: 2105.11181v1.pdf (大小: 1161477 bytes, 可读: true, 是文件: true)
2025-02-20T22:57:31.581+08:00  INFO 99541 --- [cnki_java] [           main] c.c.www.cnki_java.config.WebMvcConfig    : 发现文件: 2309.00197v1.pdf (大小: 773913 bytes, 可读: true, 是文件: true)
2025-02-20T22:57:31.581+08:00  INFO 99541 --- [cnki_java] [           main] c.c.www.cnki_java.config.WebMvcConfig    : 发现文件: 1211.4686v1.pdf (大小: 1498557 bytes, 可读: true, 是文件: true)
2025-02-20T22:57:31.581+08:00  INFO 99541 --- [cnki_java] [           main] c.c.www.cnki_java.config.WebMvcConfig    : 发现文件: 1401.1560v1.pdf (大小: 347595 bytes, 可读: true, 是文件: true)
2025-02-20T22:57:31.581+08:00  INFO 99541 --- [cnki_java] [           main] c.c.www.cnki_java.config.WebMvcConfig    : 发现文件: 1812.10133v1.pdf (大小: 895279 bytes, 可读: true, 是文件: true)
2025-02-20T22:57:31.581+08:00  INFO 99541 --- [cnki_java] [           main] c.c.www.cnki_java.config.WebMvcConfig    : 发现文件: 0807.4675v2.pdf (大小: 662620 bytes, 可读: true, 是文件: true)
2025-02-20T22:57:31.581+08:00  INFO 99541 --- [cnki_java] [           main] c.c.www.cnki_java.config.WebMvcConfig    : 发现文件: 2003.12494v3.pdf (大小: 1840408 bytes, 可读: true, 是文件: true)
2025-02-20T22:57:31.581+08:00  INFO 99541 --- [cnki_java] [           main] c.c.www.cnki_java.config.WebMvcConfig    : 发现文件: 1405.1020v1.pdf (大小: 491278 bytes, 可读: true, 是文件: true)
2025-02-20T22:57:31.582+08:00  INFO 99541 --- [cnki_java] [           main] c.c.www.cnki_java.config.WebMvcConfig    : 发现文件: 2410.12473v1.pdf (大小: 1441788 bytes, 可读: true, 是文件: true)
2025-02-20T22:57:31.582+08:00  INFO 99541 --- [cnki_java] [           main] c.c.www.cnki_java.config.WebMvcConfig    : 发现文件: 1509.05894v2.pdf (大小: 659394 bytes, 可读: true, 是文件: true)
2025-02-20T22:57:31.582+08:00  INFO 99541 --- [cnki_java] [           main] c.c.www.cnki_java.config.WebMvcConfig    : 发现文件: 1906.08114v2.pdf (大小: 2309184 bytes, 可读: true, 是文件: true)
2025-02-20T22:57:31.582+08:00  INFO 99541 --- [cnki_java] [           main] c.c.www.cnki_java.config.WebMvcConfig    : 发现文件: 1601.00918v1.pdf (大小: 410737 bytes, 可读: true, 是文件: true)
2025-02-20T22:57:31.582+08:00  INFO 99541 --- [cnki_java] [           main] c.c.www.cnki_java.config.WebMvcConfig    : 发现文件: 2005.14659v1.pdf (大小: 2880943 bytes, 可读: true, 是文件: true)
2025-02-20T22:57:31.582+08:00  INFO 99541 --- [cnki_java] [           main] c.c.www.cnki_java.config.WebMvcConfig    : 发现文件: 1507.07220v1.pdf (大小: 1109379 bytes, 可读: true, 是文件: true)
2025-02-20T22:57:31.582+08:00  INFO 99541 --- [cnki_java] [           main] c.c.www.cnki_java.config.WebMvcConfig    : 发现文件: 1510.07599v2.pdf (大小: 403008 bytes, 可读: true, 是文件: true)
2025-02-20T22:57:31.582+08:00  INFO 99541 --- [cnki_java] [           main] c.c.www.cnki_java.config.WebMvcConfig    : 发现文件: 2003.06184v2.pdf (大小: 790263 bytes, 可读: true, 是文件: true)
2025-02-20T22:57:31.582+08:00  INFO 99541 --- [cnki_java] [           main] c.c.www.cnki_java.config.WebMvcConfig    : 发现文件: 0601193v7.pdf (大小: 228898 bytes, 可读: true, 是文件: true)
2025-02-20T22:57:31.582+08:00  INFO 99541 --- [cnki_java] [           main] c.c.www.cnki_java.config.WebMvcConfig    : 发现文件: 1306.2289v1.pdf (大小: 428869 bytes, 可读: true, 是文件: true)
2025-02-20T22:57:31.582+08:00  INFO 99541 --- [cnki_java] [           main] c.c.www.cnki_java.config.WebMvcConfig    : 发现文件: 0905.3870v1.pdf (大小: 221617 bytes, 可读: true, 是文件: true)
2025-02-20T22:57:31.582+08:00  INFO 99541 --- [cnki_java] [           main] c.c.www.cnki_java.config.WebMvcConfig    : 发现文件: 0810.1618v1.pdf (大小: 258946 bytes, 可读: true, 是文件: true)
2025-02-20T22:57:31.582+08:00  INFO 99541 --- [cnki_java] [           main] c.c.www.cnki_java.config.WebMvcConfig    : 发现文件: 1708.03533v2.pdf (大小: 998924 bytes, 可读: true, 是文件: true)
2025-02-20T22:57:31.582+08:00  INFO 99541 --- [cnki_java] [           main] c.c.www.cnki_java.config.WebMvcConfig    : 发现文件: 1601.07716v1.pdf (大小: 355649 bytes, 可读: true, 是文件: true)
2025-02-20T22:57:31.582+08:00  INFO 99541 --- [cnki_java] [           main] c.c.www.cnki_java.config.WebMvcConfig    : 发现文件: 2101.11801v1.pdf (大小: 804217 bytes, 可读: true, 是文件: true)
2025-02-20T22:57:31.582+08:00  INFO 99541 --- [cnki_java] [           main] c.c.www.cnki_java.config.WebMvcConfig    : 发现文件: 2112.09638v1.pdf (大小: 5362452 bytes, 可读: true, 是文件: true)
2025-02-20T22:57:31.582+08:00  INFO 99541 --- [cnki_java] [           main] c.c.www.cnki_java.config.WebMvcConfig    : 发现文件: 2405.08375v1.pdf (大小: 217964 bytes, 可读: true, 是文件: true)
2025-02-20T22:57:31.582+08:00  INFO 99541 --- [cnki_java] [           main] c.c.www.cnki_java.config.WebMvcConfig    : 发现文件: 2310.02131v1.pdf (大小: 7270376 bytes, 可读: true, 是文件: true)
2025-02-20T22:57:31.582+08:00  INFO 99541 --- [cnki_java] [           main] c.c.www.cnki_java.config.WebMvcConfig    : 发现文件: 1502.07261v1.pdf (大小: 432179 bytes, 可读: true, 是文件: true)
2025-02-20T22:57:31.582+08:00  INFO 99541 --- [cnki_java] [           main] c.c.www.cnki_java.config.WebMvcConfig    : 发现文件: 1510.02468v1.pdf (大小: 130070 bytes, 可读: true, 是文件: true)
2025-02-20T22:57:31.582+08:00  INFO 99541 --- [cnki_java] [           main] c.c.www.cnki_java.config.WebMvcConfig    : 发现文件: 2502.02526v1.pdf (大小: 1708742 bytes, 可读: true, 是文件: true)
2025-02-20T22:57:31.582+08:00  INFO 99541 --- [cnki_java] [           main] c.c.www.cnki_java.config.WebMvcConfig    : 发现文件: 1405.0911v1.pdf (大小: 1232021 bytes, 可读: true, 是文件: true)
2025-02-20T22:57:31.582+08:00  INFO 99541 --- [cnki_java] [           main] c.c.www.cnki_java.config.WebMvcConfig    : 发现文件: 2211.01279v1.pdf (大小: 6783222 bytes, 可读: true, 是文件: true)
2025-02-20T22:57:31.582+08:00  INFO 99541 --- [cnki_java] [           main] c.c.www.cnki_java.config.WebMvcConfig    : 发现文件: 1602.05813v1.pdf (大小: 565912 bytes, 可读: true, 是文件: true)
2025-02-20T22:57:31.583+08:00  INFO 99541 --- [cnki_java] [           main] c.c.www.cnki_java.config.WebMvcConfig    : 发现文件: 1805.03242v1.pdf (大小: 6782066 bytes, 可读: true, 是文件: true)
2025-02-20T22:57:31.583+08:00  INFO 99541 --- [cnki_java] [           main] c.c.www.cnki_java.config.WebMvcConfig    : 发现文件: 2305.15707v1.pdf (大小: 496063 bytes, 可读: true, 是文件: true)
2025-02-20T22:57:31.583+08:00  INFO 99541 --- [cnki_java] [           main] c.c.www.cnki_java.config.WebMvcConfig    : 发现文件: 2012.02262v1.pdf (大小: 3589308 bytes, 可读: true, 是文件: true)
2025-02-20T22:57:31.583+08:00  INFO 99541 --- [cnki_java] [           main] c.c.www.cnki_java.config.WebMvcConfig    : 发现文件: 2102.02481v2.pdf (大小: 882904 bytes, 可读: true, 是文件: true)
2025-02-20T22:57:31.583+08:00  INFO 99541 --- [cnki_java] [           main] c.c.www.cnki_java.config.WebMvcConfig    : 发现文件: 1511.04540v1.pdf (大小: 1321829 bytes, 可读: true, 是文件: true)
2025-02-20T22:57:31.583+08:00  INFO 99541 --- [cnki_java] [           main] c.c.www.cnki_java.config.WebMvcConfig    : 发现文件: 1208.5668v1.pdf (大小: 706023 bytes, 可读: true, 是文件: true)
2025-02-20T22:57:31.583+08:00  INFO 99541 --- [cnki_java] [           main] c.c.www.cnki_java.config.WebMvcConfig    : 发现文件: 1303.5703v1.pdf (大小: 372327 bytes, 可读: true, 是文件: true)
2025-02-20T22:57:31.583+08:00  INFO 99541 --- [cnki_java] [           main] c.c.www.cnki_java.config.WebMvcConfig    : 发现文件: 1106.2731v1.pdf (大小: 474233 bytes, 可读: true, 是文件: true)
2025-02-20T22:57:31.583+08:00  INFO 99541 --- [cnki_java] [           main] c.c.www.cnki_java.config.WebMvcConfig    : 发现文件: 1405.5000v1.pdf (大小: 2540312 bytes, 可读: true, 是文件: true)
2025-02-20T22:57:31.583+08:00  INFO 99541 --- [cnki_java] [           main] c.c.www.cnki_java.config.WebMvcConfig    : 发现文件: 2101.07326v1.pdf (大小: 7183426 bytes, 可读: true, 是文件: true)
2025-02-20T22:57:31.583+08:00  INFO 99541 --- [cnki_java] [           main] c.c.www.cnki_java.config.WebMvcConfig    : 发现文件: 1906.09910v2.pdf (大小: 2166070 bytes, 可读: true, 是文件: true)
2025-02-20T22:57:31.583+08:00  INFO 99541 --- [cnki_java] [           main] c.c.www.cnki_java.config.WebMvcConfig    : 发现文件: 2402.04966v1.pdf (大小: 821691 bytes, 可读: true, 是文件: true)
2025-02-20T22:57:31.583+08:00  INFO 99541 --- [cnki_java] [           main] c.c.www.cnki_java.config.WebMvcConfig    : 发现文件: 2212.00674v2.pdf (大小: 565357 bytes, 可读: true, 是文件: true)
2025-02-20T22:57:31.583+08:00  INFO 99541 --- [cnki_java] [           main] c.c.www.cnki_java.config.WebMvcConfig    : 发现文件: 1511.09017v1.pdf (大小: 1690265 bytes, 可读: true, 是文件: true)
2025-02-20T22:57:31.583+08:00  INFO 99541 --- [cnki_java] [           main] c.c.www.cnki_java.config.WebMvcConfig    : 发现文件: 1703.08892v2.pdf (大小: 4511252 bytes, 可读: true, 是文件: true)
2025-02-20T22:57:31.583+08:00  INFO 99541 --- [cnki_java] [           main] c.c.www.cnki_java.config.WebMvcConfig    : 发现文件: 1406.1648v1.pdf (大小: 1423959 bytes, 可读: true, 是文件: true)
2025-02-20T22:57:31.583+08:00  INFO 99541 --- [cnki_java] [           main] c.c.www.cnki_java.config.WebMvcConfig    : 发现文件: 1312.3369v1.pdf (大小: 939311 bytes, 可读: true, 是文件: true)
2025-02-20T22:57:31.583+08:00  INFO 99541 --- [cnki_java] [           main] c.c.www.cnki_java.config.WebMvcConfig    : 发现文件: 1705.04583v1.pdf (大小: 263080 bytes, 可读: true, 是文件: true)
2025-02-20T22:57:31.583+08:00  INFO 99541 --- [cnki_java] [           main] c.c.www.cnki_java.config.WebMvcConfig    : 发现文件: 2007.12838v1.pdf (大小: 947835 bytes, 可读: true, 是文件: true)
2025-02-20T22:57:31.583+08:00  INFO 99541 --- [cnki_java] [           main] c.c.www.cnki_java.config.WebMvcConfig    : 发现文件: 1411.4900v1.pdf (大小: 940239 bytes, 可读: true, 是文件: true)
2025-02-20T22:57:31.583+08:00  INFO 99541 --- [cnki_java] [           main] c.c.www.cnki_java.config.WebMvcConfig    : 发现文件: 2409.00769v1.pdf (大小: 582038 bytes, 可读: true, 是文件: true)
2025-02-20T22:57:31.583+08:00  INFO 99541 --- [cnki_java] [           main] c.c.www.cnki_java.config.WebMvcConfig    : 发现文件: 1505.05469v1.pdf (大小: 323957 bytes, 可读: true, 是文件: true)
2025-02-20T22:57:31.583+08:00  INFO 99541 --- [cnki_java] [           main] c.c.www.cnki_java.config.WebMvcConfig    : 发现文件: 2111.00594v1.pdf (大小: 607513 bytes, 可读: true, 是文件: true)
2025-02-20T22:57:31.583+08:00  INFO 99541 --- [cnki_java] [           main] c.c.www.cnki_java.config.WebMvcConfig    : 发现文件: 2004.12791v1.pdf (大小: 715389 bytes, 可读: true, 是文件: true)
2025-02-20T22:57:31.583+08:00  INFO 99541 --- [cnki_java] [           main] c.c.www.cnki_java.config.WebMvcConfig    : 发现文件: 2009.01927v1.pdf (大小: 3796615 bytes, 可读: true, 是文件: true)
2025-02-20T22:57:31.583+08:00  INFO 99541 --- [cnki_java] [           main] c.c.www.cnki_java.config.WebMvcConfig    : 发现文件: 2003.07591v1.pdf (大小: 387341 bytes, 可读: true, 是文件: true)
2025-02-20T22:57:31.583+08:00  INFO 99541 --- [cnki_java] [           main] c.c.www.cnki_java.config.WebMvcConfig    : 发现文件: 2403.06530v1.pdf (大小: 1414882 bytes, 可读: true, 是文件: true)
2025-02-20T22:57:31.583+08:00  INFO 99541 --- [cnki_java] [           main] c.c.www.cnki_java.config.WebMvcConfig    : 发现文件: 2310.01123v2.pdf (大小: 1147055 bytes, 可读: true, 是文件: true)
2025-02-20T22:57:31.583+08:00  INFO 99541 --- [cnki_java] [           main] c.c.www.cnki_java.config.WebMvcConfig    : 发现文件: 1811.06903v1.pdf (大小: 1327085 bytes, 可读: true, 是文件: true)
2025-02-20T22:57:31.583+08:00  INFO 99541 --- [cnki_java] [           main] c.c.www.cnki_java.config.WebMvcConfig    : 发现文件: 1210.4425v1.pdf (大小: 102021 bytes, 可读: true, 是文件: true)
2025-02-20T22:57:31.583+08:00  INFO 99541 --- [cnki_java] [           main] c.c.www.cnki_java.config.WebMvcConfig    : 发现文件: 2406.18603v1.pdf (大小: 9578151 bytes, 可读: true, 是文件: true)
2025-02-20T22:57:31.584+08:00  INFO 99541 --- [cnki_java] [           main] c.c.www.cnki_java.config.WebMvcConfig    : 发现文件: 2003.11790v2.pdf (大小: 7402821 bytes, 可读: true, 是文件: true)
2025-02-20T22:57:31.584+08:00  INFO 99541 --- [cnki_java] [           main] c.c.www.cnki_java.config.WebMvcConfig    : 发现文件: 1503.00425v1.pdf (大小: 1399125 bytes, 可读: true, 是文件: true)
2025-02-20T22:57:31.584+08:00  INFO 99541 --- [cnki_java] [           main] c.c.www.cnki_java.config.WebMvcConfig    : 发现文件: 2206.03278v1.pdf (大小: 767027 bytes, 可读: true, 是文件: true)
2025-02-20T22:57:31.584+08:00  INFO 99541 --- [cnki_java] [           main] c.c.www.cnki_java.config.WebMvcConfig    : 发现文件: 2301.08715v1.pdf (大小: 10375931 bytes, 可读: true, 是文件: true)
2025-02-20T22:57:31.584+08:00  INFO 99541 --- [cnki_java] [           main] c.c.www.cnki_java.config.WebMvcConfig    : 发现文件: 2208.14254v2.pdf (大小: 1299374 bytes, 可读: true, 是文件: true)
2025-02-20T22:57:31.584+08:00  INFO 99541 --- [cnki_java] [           main] c.c.www.cnki_java.config.WebMvcConfig    : 发现文件: 2403.16019v1.pdf (大小: 6459026 bytes, 可读: true, 是文件: true)
2025-02-20T22:57:31.584+08:00  INFO 99541 --- [cnki_java] [           main] c.c.www.cnki_java.config.WebMvcConfig    : 发现文件: 1211.1526v2.pdf (大小: 374524 bytes, 可读: true, 是文件: true)
2025-02-20T22:57:31.584+08:00  INFO 99541 --- [cnki_java] [           main] c.c.www.cnki_java.config.WebMvcConfig    : 发现文件: 2407.12062v2.pdf (大小: 932193 bytes, 可读: true, 是文件: true)
2025-02-20T22:57:31.584+08:00  INFO 99541 --- [cnki_java] [           main] c.c.www.cnki_java.config.WebMvcConfig    : 发现文件: 1812.10712v1.pdf (大小: 888957 bytes, 可读: true, 是文件: true)
2025-02-20T22:57:31.584+08:00  INFO 99541 --- [cnki_java] [           main] c.c.www.cnki_java.config.WebMvcConfig    : 发现文件: 2403.02289v1.pdf (大小: 2123221 bytes, 可读: true, 是文件: true)
2025-02-20T22:57:31.584+08:00  INFO 99541 --- [cnki_java] [           main] c.c.www.cnki_java.config.WebMvcConfig    : 发现文件: 2104.05273v1.pdf (大小: 412387 bytes, 可读: true, 是文件: true)
2025-02-20T22:57:31.584+08:00  INFO 99541 --- [cnki_java] [           main] c.c.www.cnki_java.config.WebMvcConfig    : 发现文件: 0910.3159v1.pdf (大小: 45768 bytes, 可读: true, 是文件: true)
2025-02-20T22:57:31.584+08:00  INFO 99541 --- [cnki_java] [           main] c.c.www.cnki_java.config.WebMvcConfig    : 发现文件: 2411.06741v1.pdf (大小: 3511023 bytes, 可读: true, 是文件: true)
2025-02-20T22:57:31.584+08:00  INFO 99541 --- [cnki_java] [           main] c.c.www.cnki_java.config.WebMvcConfig    : 发现文件: 2108.05558v1.pdf (大小: 7161237 bytes, 可读: true, 是文件: true)
2025-02-20T22:57:31.584+08:00  INFO 99541 --- [cnki_java] [           main] c.c.www.cnki_java.config.WebMvcConfig    : 发现文件: 1805.03058v1.pdf (大小: 1189948 bytes, 可读: true, 是文件: true)
2025-02-20T22:57:31.584+08:00  INFO 99541 --- [cnki_java] [           main] c.c.www.cnki_java.config.WebMvcConfig    : 发现文件: 1910.05948v3.pdf (大小: 2145413 bytes, 可读: true, 是文件: true)
2025-02-20T22:57:31.584+08:00  INFO 99541 --- [cnki_java] [           main] c.c.www.cnki_java.config.WebMvcConfig    : 发现文件: 2501.02296v1.pdf (大小: 2755383 bytes, 可读: true, 是文件: true)
2025-02-20T22:57:31.584+08:00  INFO 99541 --- [cnki_java] [           main] c.c.www.cnki_java.config.WebMvcConfig    : 发现文件: 2409.12376v1.pdf (大小: 287128 bytes, 可读: true, 是文件: true)
2025-02-20T22:57:31.584+08:00  INFO 99541 --- [cnki_java] [           main] c.c.www.cnki_java.config.WebMvcConfig    : 发现文件: 2402.18202v1.pdf (大小: 441498 bytes, 可读: true, 是文件: true)
2025-02-20T22:57:31.584+08:00  INFO 99541 --- [cnki_java] [           main] c.c.www.cnki_java.config.WebMvcConfig    : 发现文件: 1706.00608v1.pdf (大小: 565912 bytes, 可读: true, 是文件: true)
2025-02-20T22:57:31.584+08:00  INFO 99541 --- [cnki_java] [           main] c.c.www.cnki_java.config.WebMvcConfig    : 发现文件: 2211.04954v2.pdf (大小: 1349218 bytes, 可读: true, 是文件: true)
2025-02-20T22:57:31.584+08:00  INFO 99541 --- [cnki_java] [           main] c.c.www.cnki_java.config.WebMvcConfig    : 发现文件: 1808.04150v1.pdf (大小: 272487 bytes, 可读: true, 是文件: true)
2025-02-20T22:57:31.584+08:00  INFO 99541 --- [cnki_java] [           main] c.c.www.cnki_java.config.WebMvcConfig    : 发现文件: 2209.13219v1.pdf (大小: 15530735 bytes, 可读: true, 是文件: true)
2025-02-20T22:57:31.584+08:00  INFO 99541 --- [cnki_java] [           main] c.c.www.cnki_java.config.WebMvcConfig    : 发现文件: 2309.00414v3.pdf (大小: 4903190 bytes, 可读: true, 是文件: true)
2025-02-20T22:57:31.584+08:00  INFO 99541 --- [cnki_java] [           main] c.c.www.cnki_java.config.WebMvcConfig    : 发现文件: 1806.10011v1.pdf (大小: 1271820 bytes, 可读: true, 是文件: true)
2025-02-20T22:57:31.584+08:00  INFO 99541 --- [cnki_java] [           main] c.c.www.cnki_java.config.WebMvcConfig    : 发现文件: 1808.08666v3.pdf (大小: 249066 bytes, 可读: true, 是文件: true)
2025-02-20T22:57:31.584+08:00  INFO 99541 --- [cnki_java] [           main] c.c.www.cnki_java.config.WebMvcConfig    : 发现文件: 2401.04046v1.pdf (大小: 972394 bytes, 可读: true, 是文件: true)
2025-02-20T22:57:31.584+08:00  INFO 99541 --- [cnki_java] [           main] c.c.www.cnki_java.config.WebMvcConfig    : 发现文件: 1911.00392v1.pdf (大小: 2682713 bytes, 可读: true, 是文件: true)
2025-02-20T22:57:31.584+08:00  INFO 99541 --- [cnki_java] [           main] c.c.www.cnki_java.config.WebMvcConfig    : 发现文件: 1611.01492v1.pdf (大小: 295357 bytes, 可读: true, 是文件: true)
2025-02-20T22:57:31.584+08:00  INFO 99541 --- [cnki_java] [           main] c.c.www.cnki_java.config.WebMvcConfig    : 发现文件: 1906.01510v1.pdf (大小: 1925115 bytes, 可读: true, 是文件: true)
2025-02-20T22:57:31.584+08:00  INFO 99541 --- [cnki_java] [           main] c.c.www.cnki_java.config.WebMvcConfig    : 发现文件: 2306.03052v1.pdf (大小: 987911 bytes, 可读: true, 是文件: true)
2025-02-20T22:57:31.584+08:00  INFO 99541 --- [cnki_java] [           main] c.c.www.cnki_java.config.WebMvcConfig    : 发现文件: 0705.2327v1.pdf (大小: 223191 bytes, 可读: true, 是文件: true)
2025-02-20T22:57:31.585+08:00  INFO 99541 --- [cnki_java] [           main] c.c.www.cnki_java.config.WebMvcConfig    : 发现文件: 2111.09111v1.pdf (大小: 1012670 bytes, 可读: true, 是文件: true)
2025-02-20T22:57:31.585+08:00  INFO 99541 --- [cnki_java] [           main] c.c.www.cnki_java.config.WebMvcConfig    : 发现文件: 2301.09141v1.pdf (大小: 12932751 bytes, 可读: true, 是文件: true)
2025-02-20T22:57:31.585+08:00  INFO 99541 --- [cnki_java] [           main] c.c.www.cnki_java.config.WebMvcConfig    : 发现文件: 2401.07502v2.pdf (大小: 1345433 bytes, 可读: true, 是文件: true)
2025-02-20T22:57:31.585+08:00  INFO 99541 --- [cnki_java] [           main] c.c.www.cnki_java.config.WebMvcConfig    : 发现文件: 2002.00686v1.pdf (大小: 1884474 bytes, 可读: true, 是文件: true)
2025-02-20T22:57:31.585+08:00  INFO 99541 --- [cnki_java] [           main] c.c.www.cnki_java.config.WebMvcConfig    : 发现文件: 1406.4029v1.pdf (大小: 1432432 bytes, 可读: true, 是文件: true)
2025-02-20T22:57:31.585+08:00  INFO 99541 --- [cnki_java] [           main] c.c.www.cnki_java.config.WebMvcConfig    : 发现文件: 2108.12665v2.pdf (大小: 13230706 bytes, 可读: true, 是文件: true)
2025-02-20T22:57:31.585+08:00  INFO 99541 --- [cnki_java] [           main] c.c.www.cnki_java.config.WebMvcConfig    : 发现文件: 2305.06140v1.pdf (大小: 1043154 bytes, 可读: true, 是文件: true)
2025-02-20T22:57:31.585+08:00  INFO 99541 --- [cnki_java] [           main] c.c.www.cnki_java.config.WebMvcConfig    : 发现文件: 2402.04020v2.pdf (大小: 1859131 bytes, 可读: true, 是文件: true)
2025-02-20T22:57:31.585+08:00  INFO 99541 --- [cnki_java] [           main] c.c.www.cnki_java.config.WebMvcConfig    : 发现文件: 2011.01501v1.pdf (大小: 2240890 bytes, 可读: true, 是文件: true)
2025-02-20T22:57:31.585+08:00  INFO 99541 --- [cnki_java] [           main] c.c.www.cnki_java.config.WebMvcConfig    : 发现文件: 2203.00231v1.pdf (大小: 863190 bytes, 可读: true, 是文件: true)
2025-02-20T22:57:31.585+08:00  INFO 99541 --- [cnki_java] [           main] c.c.www.cnki_java.config.WebMvcConfig    : 发现文件: 2409.19008v1.pdf (大小: 1029470 bytes, 可读: true, 是文件: true)
2025-02-20T22:57:31.585+08:00  INFO 99541 --- [cnki_java] [           main] c.c.www.cnki_java.config.WebMvcConfig    : 发现文件: 1807.02698v1.pdf (大小: 958285 bytes, 可读: true, 是文件: true)
2025-02-20T22:57:31.585+08:00  INFO 99541 --- [cnki_java] [           main] c.c.www.cnki_java.config.WebMvcConfig    : 发现文件: 0601015v1.pdf (大小: 537843 bytes, 可读: true, 是文件: true)
2025-02-20T22:57:31.585+08:00  INFO 99541 --- [cnki_java] [           main] c.c.www.cnki_java.config.WebMvcConfig    : 发现文件: 1405.3998v1.pdf (大小: 1251591 bytes, 可读: true, 是文件: true)
2025-02-20T22:57:31.585+08:00  INFO 99541 --- [cnki_java] [           main] c.c.www.cnki_java.config.WebMvcConfig    : 发现文件: 2001.11275v1.pdf (大小: 622205 bytes, 可读: true, 是文件: true)
2025-02-20T22:57:31.585+08:00  INFO 99541 --- [cnki_java] [           main] c.c.www.cnki_java.config.WebMvcConfig    : 发现文件: 1909.09057v1.pdf (大小: 242680 bytes, 可读: true, 是文件: true)
2025-02-20T22:57:31.585+08:00  INFO 99541 --- [cnki_java] [           main] c.c.www.cnki_java.config.WebMvcConfig    : 发现文件: 2209.06055v1.pdf (大小: 1313623 bytes, 可读: true, 是文件: true)
2025-02-20T22:57:31.585+08:00  INFO 99541 --- [cnki_java] [           main] c.c.www.cnki_java.config.WebMvcConfig    : 发现文件: 2009.13190v2.pdf (大小: 822734 bytes, 可读: true, 是文件: true)
2025-02-20T22:57:31.585+08:00  INFO 99541 --- [cnki_java] [           main] c.c.www.cnki_java.config.WebMvcConfig    : 发现文件: 2409.05917v1.pdf (大小: 3233875 bytes, 可读: true, 是文件: true)
2025-02-20T22:57:31.585+08:00  INFO 99541 --- [cnki_java] [           main] c.c.www.cnki_java.config.WebMvcConfig    : 发现文件: 1909.08743v1.pdf (大小: 4815720 bytes, 可读: true, 是文件: true)
2025-02-20T22:57:31.585+08:00  INFO 99541 --- [cnki_java] [           main] c.c.www.cnki_java.config.WebMvcConfig    : 发现文件: 1302.3774v1.pdf (大小: 105960 bytes, 可读: true, 是文件: true)
2025-02-20T22:57:31.585+08:00  INFO 99541 --- [cnki_java] [           main] c.c.www.cnki_java.config.WebMvcConfig    : 发现文件: 1706.07689v1.pdf (大小: 892607 bytes, 可读: true, 是文件: true)
2025-02-20T22:57:31.585+08:00  INFO 99541 --- [cnki_java] [           main] c.c.www.cnki_java.config.WebMvcConfig    : 发现文件: 1908.08078v1.pdf (大小: 2701859 bytes, 可读: true, 是文件: true)
2025-02-20T22:57:31.585+08:00  INFO 99541 --- [cnki_java] [           main] c.c.www.cnki_java.config.WebMvcConfig    : 发现文件: 9803097v2.pdf (大小: 157447 bytes, 可读: true, 是文件: true)
2025-02-20T22:57:31.585+08:00  INFO 99541 --- [cnki_java] [           main] c.c.www.cnki_java.config.WebMvcConfig    : 发现文件: 2308.07108v1.pdf (大小: 12115478 bytes, 可读: true, 是文件: true)
2025-02-20T22:57:31.585+08:00  INFO 99541 --- [cnki_java] [           main] c.c.www.cnki_java.config.WebMvcConfig    : 发现文件: 1307.5981v2.pdf (大小: 825070 bytes, 可读: true, 是文件: true)
2025-02-20T22:57:31.585+08:00  INFO 99541 --- [cnki_java] [           main] c.c.www.cnki_java.config.WebMvcConfig    : 发现文件: 1805.03980v2.pdf (大小: 2096388 bytes, 可读: true, 是文件: true)
2025-02-20T22:57:31.586+08:00  INFO 99541 --- [cnki_java] [           main] c.c.www.cnki_java.config.WebMvcConfig    : 发现文件: 1804.07085v1.pdf (大小: 458138 bytes, 可读: true, 是文件: true)
2025-02-20T22:57:31.586+08:00  INFO 99541 --- [cnki_java] [           main] c.c.www.cnki_java.config.WebMvcConfig    : 发现文件: 2005.12070v1.pdf (大小: 2515300 bytes, 可读: true, 是文件: true)
2025-02-20T22:57:31.586+08:00  INFO 99541 --- [cnki_java] [           main] c.c.www.cnki_java.config.WebMvcConfig    : 发现文件: 1508.00675v1.pdf (大小: 787562 bytes, 可读: true, 是文件: true)
2025-02-20T22:57:31.586+08:00  INFO 99541 --- [cnki_java] [           main] c.c.www.cnki_java.config.WebMvcConfig    : 发现文件: 1210.6101v1.pdf (大小: 892392 bytes, 可读: true, 是文件: true)
2025-02-20T22:57:31.586+08:00  INFO 99541 --- [cnki_java] [           main] c.c.www.cnki_java.config.WebMvcConfig    : 发现文件: 1406.3268v1.pdf (大小: 229455 bytes, 可读: true, 是文件: true)
2025-02-20T22:57:31.586+08:00  INFO 99541 --- [cnki_java] [           main] c.c.www.cnki_java.config.WebMvcConfig    : 发现文件: 2301.04471v1.pdf (大小: 326943 bytes, 可读: true, 是文件: true)
2025-02-20T22:57:31.586+08:00  INFO 99541 --- [cnki_java] [           main] c.c.www.cnki_java.config.WebMvcConfig    : 发现文件: 2412.19301v1.pdf (大小: 896763 bytes, 可读: true, 是文件: true)
2025-02-20T22:57:31.586+08:00  INFO 99541 --- [cnki_java] [           main] c.c.www.cnki_java.config.WebMvcConfig    : 发现文件: 1710.09721v1.pdf (大小: 510267 bytes, 可读: true, 是文件: true)
2025-02-20T22:57:31.586+08:00  INFO 99541 --- [cnki_java] [           main] c.c.www.cnki_java.config.WebMvcConfig    : 发现文件: 2405.19849v1.pdf (大小: 7099891 bytes, 可读: true, 是文件: true)
2025-02-20T22:57:31.586+08:00  INFO 99541 --- [cnki_java] [           main] c.c.www.cnki_java.config.WebMvcConfig    : 发现文件: 2312.12788v1.pdf (大小: 1530463 bytes, 可读: true, 是文件: true)
2025-02-20T22:57:31.586+08:00  INFO 99541 --- [cnki_java] [           main] c.c.www.cnki_java.config.WebMvcConfig    : 发现文件: 1612.04663v1.pdf (大小: 2190194 bytes, 可读: true, 是文件: true)
2025-02-20T22:57:31.586+08:00  INFO 99541 --- [cnki_java] [           main] c.c.www.cnki_java.config.WebMvcConfig    : 发现文件: 1801.02375v1.pdf (大小: 2519176 bytes, 可读: true, 是文件: true)
2025-02-20T22:57:31.586+08:00  INFO 99541 --- [cnki_java] [           main] c.c.www.cnki_java.config.WebMvcConfig    : 发现文件: 1403.0064v1.pdf (大小: 1477601 bytes, 可读: true, 是文件: true)
2025-02-20T22:57:31.586+08:00  INFO 99541 --- [cnki_java] [           main] c.c.www.cnki_java.config.WebMvcConfig    : 发现文件: 2502.05563v1.pdf (大小: 1365567 bytes, 可读: true, 是文件: true)
2025-02-20T22:57:31.586+08:00  INFO 99541 --- [cnki_java] [           main] c.c.www.cnki_java.config.WebMvcConfig    : 发现文件: 1708.09510v1.pdf (大小: 1012748 bytes, 可读: true, 是文件: true)
2025-02-20T22:57:31.586+08:00  INFO 99541 --- [cnki_java] [           main] c.c.www.cnki_java.config.WebMvcConfig    : 发现文件: 1407.3652v1.pdf (大小: 688325 bytes, 可读: true, 是文件: true)
2025-02-20T22:57:31.586+08:00  INFO 99541 --- [cnki_java] [           main] c.c.www.cnki_java.config.WebMvcConfig    : 发现文件: 2410.16961v1.pdf (大小: 2556712 bytes, 可读: true, 是文件: true)
2025-02-20T22:57:31.586+08:00  INFO 99541 --- [cnki_java] [           main] c.c.www.cnki_java.config.WebMvcConfig    : 发现文件: 0806.1170v3.pdf (大小: 425743 bytes, 可读: true, 是文件: true)
2025-02-20T22:57:31.586+08:00  INFO 99541 --- [cnki_java] [           main] c.c.www.cnki_java.config.WebMvcConfig    : 发现文件: 2305.01386v1.pdf (大小: 2267844 bytes, 可读: true, 是文件: true)
2025-02-20T22:57:31.586+08:00  INFO 99541 --- [cnki_java] [           main] c.c.www.cnki_java.config.WebMvcConfig    : 发现文件: 2303.01121v1.pdf (大小: 1488659 bytes, 可读: true, 是文件: true)
2025-02-20T22:57:31.586+08:00  INFO 99541 --- [cnki_java] [           main] c.c.www.cnki_java.config.WebMvcConfig    : 发现文件: 2309.13096v2.pdf (大小: 713575 bytes, 可读: true, 是文件: true)
2025-02-20T22:57:31.586+08:00  INFO 99541 --- [cnki_java] [           main] c.c.www.cnki_java.config.WebMvcConfig    : 发现文件: 1709.05897v1.pdf (大小: 1362755 bytes, 可读: true, 是文件: true)
2025-02-20T22:57:31.586+08:00  INFO 99541 --- [cnki_java] [           main] c.c.www.cnki_java.config.WebMvcConfig    : 发现文件: 1907.10812v1.pdf (大小: 755729 bytes, 可读: true, 是文件: true)
2025-02-20T22:57:31.586+08:00  INFO 99541 --- [cnki_java] [           main] c.c.www.cnki_java.config.WebMvcConfig    : 发现文件: 2203.07229v2.pdf (大小: 696625 bytes, 可读: true, 是文件: true)
2025-02-20T22:57:31.587+08:00  INFO 99541 --- [cnki_java] [           main] c.c.www.cnki_java.config.WebMvcConfig    : 发现文件: 1702.07760v1.pdf (大小: 3298909 bytes, 可读: true, 是文件: true)
2025-02-20T22:57:31.587+08:00  INFO 99541 --- [cnki_java] [           main] c.c.www.cnki_java.config.WebMvcConfig    : 发现文件: 1704.04714v1.pdf (大小: 237619 bytes, 可读: true, 是文件: true)
2025-02-20T22:57:31.587+08:00  INFO 99541 --- [cnki_java] [           main] c.c.www.cnki_java.config.WebMvcConfig    : 发现文件: 0903.4286v1.pdf (大小: 363169 bytes, 可读: true, 是文件: true)
2025-02-20T22:57:31.587+08:00  INFO 99541 --- [cnki_java] [           main] c.c.www.cnki_java.config.WebMvcConfig    : 发现文件: 2012.11562v1.pdf (大小: 2963213 bytes, 可读: true, 是文件: true)
2025-02-20T22:57:31.592+08:00 TRACE 99541 --- [cnki_java] [           main] o.s.w.s.handler.SimpleUrlHandlerMapping  : Mapped [/webjars/**] onto ResourceHttpRequestHandler [classpath [META-INF/resources/webjars/]]
2025-02-20T22:57:31.592+08:00 TRACE 99541 --- [cnki_java] [           main] o.s.w.s.handler.SimpleUrlHandlerMapping  : Mapped [/pages/**] onto ResourceHttpRequestHandler [URL [file:/Users/rick/Desktop/CNKI/cnki_java/pages/]]
2025-02-20T22:57:31.592+08:00 TRACE 99541 --- [cnki_java] [           main] o.s.w.s.handler.SimpleUrlHandlerMapping  : Mapped [/avatars/**] onto ResourceHttpRequestHandler [URL [file:/Users/rick/Desktop/CNKI/cnki_java/uploads/avatars/]]
2025-02-20T22:57:31.592+08:00 TRACE 99541 --- [cnki_java] [           main] o.s.w.s.handler.SimpleUrlHandlerMapping  : Mapped [/pdfs/**] onto ResourceHttpRequestHandler [URL [file:/Users/rick/Desktop/CNKI/cnki_java/pages/]]
2025-02-20T22:57:31.592+08:00 DEBUG 99541 --- [cnki_java] [           main] o.s.w.s.handler.SimpleUrlHandlerMapping  : Patterns [/webjars/**, /pages/**, /avatars/**, /pdfs/**] in 'resourceHandlerMapping'
2025-02-20T22:57:31.598+08:00 TRACE 99541 --- [cnki_java] [           main] o.s.c.io.support.SpringFactoriesLoader   : Loaded [org.springframework.security.config.annotation.web.configurers.AbstractHttpConfigurer] names: []
2025-02-20T22:57:31.662+08:00 TRACE 99541 --- [cnki_java] [           main] o.s.c.io.support.SpringFactoriesLoader   : Loaded [org.springframework.core.io.ProtocolResolver] names: [org.springframework.boot.io.Base64ProtocolResolver]
2025-02-20T22:57:31.777+08:00 TRACE 99541 --- [cnki_java] [           main] o.s.c.io.support.SpringFactoriesLoader   : Loaded [org.springframework.boot.autoconfigure.template.TemplateAvailabilityProvider] names: [org.springframework.boot.autoconfigure.freemarker.FreeMarkerTemplateAvailabilityProvider, org.springframework.boot.autoconfigure.mustache.MustacheTemplateAvailabilityProvider, org.springframework.boot.autoconfigure.groovy.template.GroovyTemplateAvailabilityProvider, org.springframework.boot.autoconfigure.thymeleaf.ThymeleafTemplateAvailabilityProvider, org.springframework.boot.autoconfigure.web.servlet.JspTemplateAvailabilityProvider]
2025-02-20T22:57:31.796+08:00 DEBUG 99541 --- [cnki_java] [           main] s.w.s.m.m.a.RequestMappingHandlerAdapter : ControllerAdvice beans: 0 @ModelAttribute, 0 @InitBinder, 1 RequestBodyAdvice, 1 ResponseBodyAdvice
2025-02-20T22:57:31.815+08:00 DEBUG 99541 --- [cnki_java] [           main] .m.m.a.ExceptionHandlerExceptionResolver : ControllerAdvice beans: 0 @ExceptionHandler, 1 ResponseBodyAdvice
2025-02-20T22:57:31.854+08:00  INFO 99541 --- [cnki_java] [           main] c.c.w.c.CnkiJavaApplicationTests         : Started CnkiJavaApplicationTests in 13.06 seconds (process running for 13.693)
]]></system-out>
    <system-err><![CDATA[Mockito is currently self-attaching to enable the inline-mock-maker. This will no longer work in future releases of the JDK. Please add Mockito as an agent to your build what is described in Mockito's documentation: https://javadoc.io/doc/org.mockito/mockito-core/latest/org/mockito/Mockito.html#0.3
WARNING: A Java agent has been loaded dynamically (/Users/rick/.m2/repository/net/bytebuddy/byte-buddy-agent/1.15.11/byte-buddy-agent-1.15.11.jar)
WARNING: If a serviceability tool is in use, please run with -XX:+EnableDynamicAgentLoading to hide this warning
WARNING: If a serviceability tool is not in use, please run with -Djdk.instrument.traceUsage for more information
WARNING: Dynamic loading of agents will be disallowed by default in a future release
]]></system-err>
  </testcase>
</testsuite>